"report-file-0"
"Time Step" "flow-time etc.."
("Time Step" "flow-time" "it" "pt" "ot" "lf")
0 0 300.0000000000001 300 300 0
10 1 300.1677386746489 300.0024061514495 299.9999999999999 0
20 2 300.3214483403511 300.0081916003314 299.9999999999999 0
30 3 300.4677174621055 300.0163628818354 300.0000000000033 0
40 4 300.6086153617948 300.0263369066999 300.000000000054 0
50 5 300.7454169827432 300.0377542896392 300.0000000004445 0
60 6 300.8789505061621 300.0503814889815 300.0000000024415 0
70 7 301.0097832723259 300.0640584568159 300.0000000101269 0
80 8 301.1383238026674 300.0786699054732 300.0000000340744 0
90 9 301.2648794974197 300.09412905174 300.0000000975758 0
100 10 301.389690405693 300.1103680972736 300.0000002458582 0
110 11 301.5129497473797 300.1273324387564 300.000000558407 0
120 12 301.6348168840412 300.1449770038559 300.0000011640943 0
130 13 301.7521005439817 300.1632291636878 300.0000022584842 0
140 14 301.862709206328 300.1819379489838 300.0000041224451 0
150 15 301.9670856193412 300.2009783147494 300.0000071410931 0
160 16 302.0655648738841 300.2202554197773 300.0000118220858 0
170 17 302.1584145495781 300.2396933894136 300.0000188123965 0
180 18 302.245857279408 300.2592289521465 300.0000289128396 0
190 19 302.3308250506939 300.2788362666838 300.0000430898073 0
200 20 302.4153038305435 300.2985651023202 300.0000624838378 0
210 21 302.4991598251985 300.3184524279991 300.0000884148108 0
220 22 302.582323267879 300.3385171591142 300.0001223836998 0
230 23 302.6647597466082 300.358768166875 300.0001660709332 0
240 24 302.7464549214139 300.3792085836732 300.0002213315292 0
250 25 302.8274061169528 300.399838174366 300.0002901872535 0
260 26 302.907617573176 300.4206546788932 300.000374816151 0
270 27 302.9870976848636 300.4416545958957 300.0004775398513 0
280 28 303.0658573495215 300.462833655013 300.0006008091084 0
290 29 303.1439089500153 300.4841871109959 300.0007471880494 0
300 30 303.2212657114218 300.5057099327781 300.0009193376042 0
310 31 303.2979412851713 300.5273969286808 300.0011199985721 0
320 32 303.3739494753397 300.5492428315472 300.0013519747155 0
330 33 303.4493040563391 300.5712423579444 300.0016181162372 0
340 34 303.5240186508461 300.5933902500786 300.0019213039188 0
350 35 303.5981066483229 300.6156813058599 300.0022644341396 0
360 36 303.6715811513755 300.6381104006339 300.0026504049397 0
370 37 303.744454941503 300.6606725029169 300.0030821032198 0
380 38 303.816740458481 300.6833626857274 300.0035623931399 0
390 39 303.8884497894209 300.7061761346245 300.0040941057308 0
400 40 303.9595946647004 300.72910815325 300.0046800296982 0
410 41 304.0301864587917 300.7521541669506 300.0053229033814 0
420 42 304.1002361945473 300.7753097249116 300.006025407809 0
430 43 304.1697545499032 300.7985705011276 300.006790160781 0
440 44 304.2387518662488 300.8219322944607 300.0076197118967 0
450 45 304.3072381578889 300.8453910279791 300.0085165384568 0
460 46 304.3752231222001 300.8689427477318 300.0094830421528 0
470 47 304.4427161501748 300.8925836210796 300.010521546466 0
480 48 304.50972633712 300.9163099346814 300.0116342947063 0
490 49 304.5762624933675 300.940118092214 300.0128234486133 0
500 50 304.642333154852 300.9640046118907 300.0140910874565 0
510 51 304.7079465934949 300.9879661238295 300.0154392075757 0
520 52 304.7731108273201 301.0119993673144 300.0168697223029 0
530 53 304.8378336302677 301.0361011879858 300.0183844622216 0
540 54 304.9021225416763 301.0602685349857 300.0199851757085 0
550 55 304.9659848754188 301.0844984580829 300.0216735297244 0
560 56 305.0294277286928 301.1087881047976 300.0234511108162 0
570 57 305.0924579904482 301.1331347175393 300.0253194263001 0
580 58 305.1550823494737 301.1575356307715 300.0272799055891 0
590 59 305.2173073021327 301.1819882682117 300.02933390165 0
600 60 305.2791391597728 301.2064901400779 300.0314826925621 0
610 61 305.3405840558058 301.2310388403827 300.033727483155 0
620 62 305.401647952477 301.2556320442856 300.0360694067185 0
630 63 305.4623366473382 301.2802675055025 300.0385095267575 0
640 64 305.5226557794293 301.3049430537769 300.0410488387856 0
650 65 305.5826108351861 301.3296565924161 300.0436882721459 0
660 66 305.6483724738205 301.3544703851131 300.0464286918472 0
670 67 305.721309866356 301.3795737230263 300.0492709004044 0
680 68 305.7989823936682 301.4050471612794 300.0522156396825 0
690 69 305.881216184366 301.4309394362282 300.0552635927335 0
700 70 305.9678654706711 301.4572913189594 300.058415385625 0
710 71 306.0588050126399 301.4841378131502 300.0616715892817 0
720 72 306.150431268804 301.5114731577216 300.0650327213731 0
730 73 306.2403286528337 301.5392001750204 300.068499248322 0
740 74 306.3287699828241 301.5672417251774 300.0720715875274 0
750 75 306.4159358359261 301.5955465916647 300.0757501099234 0
760 76 306.5019530708419 301.6240787142293 300.0795351429799 0
770 77 306.5869157363354 301.6528112990826 300.0834269742367 0
780 78 306.6708968628602 301.6817234954693 300.0874258554078 0
790 79 306.7539553531155 301.7107984519935 300.0915320070396 0
800 80 306.8361401697163 301.7400221339398 300.0957456236371 0
810 81 306.9174929875395 301.7693825729327 300.1000668791094 0
820 82 306.9980499446021 301.7988693705308 300.1044959323582 0
830 83 307.0778428444151 301.8284733564433 300.1090329328012 0
840 84 307.156900012026 301.8581863444991 300.1136780256308 0
850 85 307.2352469232961 301.8880009527703 300.1184313566281 0
860 86 307.3129066804152 301.9179104673385 300.1232930763861 0
870 87 307.3899003798015 301.9479087367528 300.1282633438349 0
880 88 307.4662474024766 301.9779900887197 300.1333423290115 0
890 89 307.5419656471828 302.008149263321 300.1385302150394 0
900 90 307.6170717202833 302.0383813587961 300.1438271993458 0
910 91 307.6915810924156 302.0686817870533 300.1492334941454 0
920 92 307.7655082291528 302.0990462368362 300.1547493262615 0
930 93 307.8388667010453 302.1294706429916 300.1603749363572 0
940 94 307.91166927711 302.1599511606507 300.1661105776633 0
950 95 307.9839280048679 302.1904841434067 300.1719565142965 0
960 96 308.0556542793615 302.2210661247616 300.1779130192479 0
970 97 308.1268589030418 302.2516938022687 300.1839803721323 0
980 98 308.1975521380417 302.2823640239051 300.1901588567689 0
990 99 308.2677437520577 302.3130737763012 300.1964487586678 0
1000 100 308.3374430588085 302.343820174517 300.2028503624797 0
1010 101 308.4066589538919 302.3746004531189 300.209363949461 0
1020 102 308.4753999466885 302.4054119583442 300.2159897949937 0
1030 103 308.5436741888706 302.4362521411848 300.2227281662022 0
1040 104 308.6114894999643 302.4671185512488 300.22957931969 0
1050 105 308.6788533903588 302.4980088312786 300.2365434994167 0
1060 106 308.7457730820766 302.5289207122285 300.243620934725 0
1070 107 308.8122555275907 302.5598520088195 300.2508118385446 0
1080 108 308.8783074269128 302.5908006155016 300.2581164057557 0
1090 109 308.9439352431638 302.6217645027675 300.2655348117323 0
1100 110 309.009145216786 302.6527417137664 300.2730672110501 0
1110 111 309.0739433785581 302.6837303611798 300.2807137363687 0
1120 112 309.1383355615408 302.7147286243249 300.2884744974713 0
1130 113 309.2023274120572 302.7457347464558 300.2963495804622 0
1140 114 309.2659243998155 302.7767470322379 300.3043390471106 0
1150 115 309.3291318272573 302.8077638453778 300.3124429343324 0
1160 116 309.3919548382044 302.8387836063881 300.3206612538036 0
1170 117 309.4543984258793 302.8698047904739 300.3289939916932 0
1180 118 309.5164674403438 302.9008259255297 300.3374411085082 0
1190 119 309.5781665954285 302.9318455902337 300.3460025390381 0
1200 120 309.6395004751806 302.9628624122324 300.3546781923962 0
1210 121 309.7004735398826 302.993875066407 300.3634679521436 0
1220 122 309.7610901316756 303.024882273215 300.3723716764883 0
1230 123 309.8213544798257 303.0558827971009 300.3813891985544 0
1240 124 309.8812707056534 303.086875444972 300.3905203267102 0
1250 125 309.9408428271604 303.1178590647336 300.3997648449514 0
1260 126 310.0000747633786 303.1488325438821 300.4091225133296 0
1270 127 310.0589703384603 303.1797948081487 300.4185930684251 0
1280 128 310.1175332855271 303.2107448201951 300.4281762238518 0
1290 129 310.1757672503035 303.2416815783558 300.4378716707932 0
1300 130 310.2336757945424 303.2726041154258 300.4476790785649 0
1310 131 310.2912623992676 303.3035114974905 300.4575980951959 0
1320 132 310.34853046783 303.3344028227972 300.4676283480296 0
1330 133 310.4054833288134 303.3652772206656 300.4777694443342 0
1340 134 310.4621242387827 303.3961338504355 300.4880209719266 0
1350 135 310.5184563848882 303.426971900451 300.4983824998009 0
1360 136 310.5744828873434 303.4577905870788 300.5088535787643 0
1370 137 310.6302068017769 303.4885891537605 300.5194337420702 0
1380 138 310.6856311214678 303.5193668700963 300.530122506054 0
1390 139 310.7407587794768 303.5501230309597 300.5409193707658 0
1400 140 310.7955926506725 303.5808569556423 300.5518238205993 0
1410 141 310.8501355536677 303.6115679870274 300.5628353249155 0
1420 142 310.9043902526606 303.6422554907908 300.5739533386574 0
1430 143 310.9583594591969 303.6729188546291 300.5851773029616 0
1440 144 311.0120458338538 303.703557487514 300.5965066457549 0
1450 145 311.0654519878448 303.7341708189704 300.6079407823443 0
1460 146 311.1148926411335 303.7647198431825 300.6194791159963 0
1470 147 311.1579237590747 303.7950726280344 300.6311210385041 0
1480 148 311.1949289122528 303.8251212428993 300.6428659307451 0
1490 149 311.2261859937951 303.8547874509467 300.6547131632213 0
1500 150 311.2519092594402 303.8840109563457 300.6666620965871 0
1510 151 311.277528410112 303.9127976980295 300.6787120821456 0
1520 152 311.3066768009773 303.9412937708108 300.6908624622791 0
1530 153 311.3389384758566 303.9696165422594 300.7031125707629 0
1540 154 311.3740336730179 303.997845142378 300.7154617328711 0
1550 155 311.411762150432 304.0260362995597 300.7279092651677 0
1560 156 311.45197244581 304.0542329977373 300.7404544748966 0
1570 157 311.4945445422065 304.0824693597501 300.7530966588891 0
1580 158 311.539379732864 304.1107735038256 300.7658351019824 0
1590 159 311.5863944525713 304.13916928317 300.7786690750203 0
1600 160 311.6355163604495 304.1676773914849 300.7915978325465 0
1610 161 311.6866817441823 304.1963160961997 300.8046206103871 0
1620 162 311.7398337284784 304.2251017449918 300.8177366233271 0
1630 163 311.7949209917592 304.2540491288852 300.8309450630849 0
1640 164 311.8518968162373 304.2831717510983 300.8442450967938 0
1650 165 311.9107183646202 304.3124820316602 300.857635866128 0
1660 166 311.9713461160057 304.3419914667521 300.8711164871904 0
1670 167 312.0337434169222 304.3717107551724 300.884686051215 0
1680 168 312.0978761178177 304.4016499002869 300.8983436260951 0
1690 169 312.1637122744007 304.4318182933001 300.9120882587032 0
1700 170 312.2312218991474 304.4622247820143 300.9259189779342 0
1710 171 312.3003767522676 304.4928777281431 300.9398347983865 0
1720 172 312.3711501641702 304.5237850554778 300.9538347245638 0
1730 173 312.4435168833826 304.554954290666 300.9679177554933 0
1740 174 312.5174529452794 304.586392597968 300.9820828896363 0
1750 175 312.5929355579891 304.6181068090708 300.9963291299798 0
1760 176 312.6699430026164 304.6501034488169 301.0106554892095 0
1770 177 312.7453518290901 304.6823564037906 301.0250609948596 0
1780 178 312.8170838387105 304.7147610971709 301.0395446943661 0
1790 179 312.885440676085 304.7472328820044 301.0541056599522 0
1800 180 312.950635889406 304.7797118460205 301.0687429932818 0
1810 181 313.0128302440874 304.8121529375463 301.0834558298378 0
1820 182 313.0721511272475 304.8445204983769 301.0982433429813 0
1830 183 313.1287036677192 304.8767851292386 301.1131047476331 0
1840 184 313.182577367556 304.9089218193935 301.1280393035209 0
1850 185 313.2338502325621 304.9409087809073 301.1430463179086 0
1860 186 313.282591463329 304.9727266887476 301.1581251477119 0
1870 187 313.3288632872479 305.0043581632922 301.1732752009129 0
1880 188 313.374374987851 305.0358046373439 301.1884959371795 0
1890 189 313.4202748374311 305.0671105067083 301.2037868676279 0
1900 190 313.4664398855293 305.0983105238262 301.2191475536887 0
1910 191 313.5127910933543 305.1294270879055 301.2345776050675 0
1920 192 313.5592749436796 305.1604753860539 301.2500766768416 0
1930 193 313.6058534431647 305.191466210539 301.2656444657435 0
1940 194 313.6524984758997 305.2224075513821 301.2812807057413 0
1950 195 313.6991885004398 305.2533055293508 301.2969851630458 0
1960 196 313.7459065419368 305.2841649644064 301.3127576306955 0
1970 197 313.7926389215532 305.3149897365808 301.3285979228979 0
1980 198 313.8393744196921 305.3457830246531 301.3445058693006 0
1990 199 313.8861037036784 305.3765474702514 301.3604813093574 0
2000 200 313.9328189225989 305.4072852947118 301.3765240869564 0
2010 201 313.9795134116604 305.4379983848821 301.3926340454169 0
2020 202 314.0261814707381 305.4686883577739 301.4088110229725 0
2030 203 314.0728181947828 305.4993566103312 301.4250548487976 0
2040 204 314.119419341469 305.5300043584157 301.4413653396197 0
2050 205 314.1659812262383 305.5606326677795 301.457742296928 0
2060 206 314.2125006379262 305.5912424789524 301.4741855047736 0
2070 207 314.2589747701234 305.6218346274235 301.4906947281245 0
2080 208 314.3054011647627 305.6524098601267 301.5072697117443 0
2090 209 314.3517776653241 305.6829688489874 301.5239101795372 0
2100 210 314.398102377704 305.7135122021103 301.5406158343085 0
2110 211 314.4443736372562 305.7440404730535 301.5573863578851 0
2120 212 314.4905899808433 305.7745541685431 301.5742214115371 0
2130 213 314.5367501229949 305.8050537549115 301.5911206366476 0
2140 214 314.5828529354582 305.8355396634798 301.6080836555862 0
2150 215 314.6288974295653 305.866012295072 301.6251100727303 0
2160 216 314.6748827409635 305.8964720238072 301.6421994756037 0
2170 217 314.7208081163305 305.9269192002929 301.6593514360923 0
2180 218 314.7666729017621 305.9573541543195 301.6765655117059 0
2190 219 314.812476532604 305.9877771971402 301.693841246863 0
2200 220 314.8582185244933 306.0181886234039 301.7111781741761 0
2210 221 314.9038984654542 306.0485887127981 301.7285758157184 0
2220 222 314.9495160088992 306.0789777314515 301.7460336842596 0
2230 223 314.9950708674104 306.1093559331321 301.7635512844607 0
2240 224 315.0405628071998 306.139723560278 301.781128114015 0
2250 225 315.0859916431675 306.1700808448846 301.7987636647373 0
2260 226 315.1313572344748 306.2004280092736 301.81645742359 0
2270 227 315.1766594805709 306.230765266762 301.8342088736474 0
2280 228 315.2218983176285 306.2610928222472 301.8520174949973 0
2290 229 315.2670737153196 306.2914108727207 301.8698827655773 0
2300 230 315.3121856739149 306.3217196077241 301.8878041619495 0
2310 231 315.3572342216577 306.3520192097529 301.9057811600126 0
2320 232 315.4022194123809 306.3823098546191 301.9238132356609 0
2330 233 315.4471413233505 306.4125917117778 301.9418998653765 0
2340 234 315.4920000532978 306.4428649446227 301.9600405267764 0
2350 235 315.5367957206361 306.4731297107558 301.9782346991062 0
2360 236 315.5815284618268 306.503386162235 301.9964818636839 0
2370 237 315.6261984298957 306.533634445803 302.0147815043003 0
2380 238 315.6708057930668 306.5638747030986 302.0331331075758 0
2390 239 315.71535073352 306.5941070708541 302.0515361632809 0
2400 240 315.7598334462501 306.6243316810818 302.0699901646173 0
2410 241 315.8042541380158 306.6545486612469 302.0884946084669 0
2420 242 315.8486130263813 306.6847581344328 302.1070489956115 0
2430 243 315.892910338828 306.7149602194976 302.1256528309191 0
2440 244 315.9371463119415 306.7451550312219 302.1443056235089 0
2450 245 315.981321190658 306.775342680451 302.1630068868912 0
2460 246 316.025435227573 306.8055232742304 302.1817561390836 0
2470 247 316.0694886823011 306.8356969159352 302.2005529027098 0
2480 248 316.1134818208843 306.8658637053947 302.2193967050787 0
2490 249 316.157414915246 306.8960237390129 302.2382870782477 0
2500 250 316.2012882426797 306.9261771098829 302.2572235590718 0
2510 251 316.2451020853845 306.9563239078984 302.2762056892372 0
2520 252 316.2888567300271 306.9864642198608 302.2952330152857 0
2530 253 316.3325524673365 307.0165981295826 302.3143050886278 0
2540 254 316.3761895917311 307.0467257179877 302.3334214655427 0
2550 255 316.4197684009649 307.0768470632074 302.3525817071737 0
2560 256 316.4632891958055 307.1069622406741 302.3717853795154 0
2570 257 316.5067522797304 307.1370713232116 302.3910320533926 0
2580 258 316.5501579586464 307.1671743811225 302.4103213044322 0
2590 259 316.5935065406237 307.1972714822721 302.4296527130337 0
2600 260 316.6367983356514 307.2273626921714 302.4490258643306 0
2610 261 316.6800336554089 307.257448074055 302.4684403481516 0
2620 262 316.7232128130529 307.2875276889588 302.4878957589758 0
2630 263 316.7663361230133 307.3176015957933 302.5073916958838 0
2640 264 316.8094039008102 307.3476698514156 302.5269277625114 0
2650 265 316.852416462876 307.3777325106989 302.5465035669963 0
2660 266 316.8952774881024 307.4072194515558 302.5661187219226 4.734223728686506e-06
2670 267 316.9352989842255 307.4336313747368 302.5857728442692 4.001011114312906e-05
2680 268 316.9716299965804 307.4596032797338 302.6054655553492 8.684335134235001e-05
2690 269 317.0047243453481 307.485201484276 302.6251964807454 0.0001436971079720978
2700 270 317.03497953524 307.5104743094767 302.644965250172 0.0002093025850498874
2710 271 317.0627441843652 307.5354579633239 302.6647714970943 0.0002825959224859633
2720 272 317.0883243183944 307.5601802879868 302.6846148577968 0.0003626745198689442
2730 273 317.1119887556031 307.5846632029426 302.7044949695389 0.0004487657031759555
2740 274 317.1339737479599 307.6089243358974 302.724411467499 0.0005402034778492998
2750 275 317.154487002318 307.6329781373386 302.7443639803741 0.0006364107532174967
2760 276 317.173711178047 307.6568366597746 302.764352124717 0.000736885391673903
2770 277 317.1918069379805 307.6805101145081 302.7843754982506 0.0008411890179012176
2780 278 317.2089156154408 307.7040072776091 302.804433672576 0.0009489378800602904
2790 279 317.2251615494401 307.727335791466 302.8245261857076 0.001059795278234359
2800 280 317.2406541318878 307.750502392526 302.8446525348928 0.001173465218607101
2810 281 317.2554896040841 307.7735130858085 302.8648121701074 0.001289687045896487
2820 282 317.2697526344017 307.7963732803237 302.8850044885386 0.001408230869923818
2830 283 317.2835177046737 307.8190878952713 302.9052288302632 0.001528893645991677
2840 284 317.2968503290769 307.8416614440637 302.9254844752419 0.001651495799789063
2850 285 317.3098081261954 307.8640981012913 302.9457706416517 0.001775878310099046
2860 286 317.3224417622619 307.8864017564064 302.9660864855163 0.001901900179366241
2870 287 317.3347957812832 307.9085760569704 302.986431101537 0.002029436234930893
2880 288 317.3469093357963 307.9306244436271 303.0068035249881 0.00215837521362292
2890 289 317.3588168302604 307.9525501784773 303.0272027345274 0.002288618090205283
2900 290 317.3705484876423 307.974356368165 303.04762765575 0.002420076616393269
2910 291 317.3821308484098 307.9960459827057 303.0680771653327 0.002552672042254486
2920 292 317.3935872100645 308.0176218708792 303.0885500955999 0.002686333995948919
2930 293 317.4049380143298 308.039086772847 303.1090452393867 0.002820999501225263
2940 294 317.4162011882535 308.0604433305206 303.129561355059 0.002956612114972682
2950 295 317.4273924447333 308.0816940961121 303.1500971715849 0.003093121169560484
2960 296 317.4385255473024 308.1028415392107 303.1706513935735 0.003230481106756203
2970 297 317.4504116639608 308.1238884962787 303.1912227061952 0.003368720577708559
2980 298 317.4635688516897 308.1448391153345 303.211809779933 0.003508069675071891
2990 299 317.4778772957463 308.1656977714698 303.23241127511 0.003648766209906653
3000 300 317.49323103798 308.1864687803956 303.2530258461706 0.003791017690527968
3010 301 317.5095363025035 308.2071563722834 303.2736521456823 0.003935005107430535
3020 302 317.5267100763248 308.2277646754546 303.2942888280519 0.004080886218777949
3030 303 317.5446788566284 308.2482977066812 303.3149345529432 0.004228798412460854
3040 304 317.56337754491 308.2687593659788 303.3355879884075 0.004378861205682241
3050 305 317.5827484705821 308.2891534344785 303.3562478137196 0.004531178432056199
3060 306 317.6017536931948 308.3094830265989 303.3769127219367 0.004685754102631558
3070 307 317.6197211746309 308.3297494309735 303.3975814221986 0.004842336330544676
3080 308 317.6367700759214 308.3499534572206 303.4182526417739 0.005000657474468259
3090 309 317.6530055395964 308.3700957971042 303.4389251278757 0.005160481892490667
3100 310 317.6685204061231 308.3901770640472 303.4595976492691 0.005321601970884422
3110 311 317.6833966559935 308.4101978202249 303.4802689976771 0.005483834683233151
3120 312 317.697706681799 308.4301585952109 303.5009379890135 0.005647018596736776
3130 313 317.7115144105974 308.450059898784 303.5216034644515 0.005811011259710033
3140 314 317.7248762943471 308.4699022296405 303.54226429134 0.005975686916664014
3150 315 317.7378421840672 308.4896860812091 303.5629193639881 0.00614093450656386
3160 316 317.750456101449 308.5094119453979 303.5835676043129 0.006306655906953671
3170 317 317.762756920027 308.5290803148637 303.6042079623741 0.006472764392237062
3180 318 317.7747789665618 308.5486916842273 303.6248394167874 0.006639183278948602
3190 319 317.786552552021 308.5682465505391 303.6454609750314 0.006805844734612138
3200 320 317.7981044404307 308.5877454132233 303.6660716736503 0.006972688729893622
3210 321 317.8094582628951 308.6071887736647 303.6866705783531 0.007139662116441714
3220 322 317.8206348832209 308.6265771345599 303.7072567840185 0.007306717815050409
3230 323 317.8316527208092 308.6459109991259 303.7278294146099 0.007473814100737637
3240 324 317.8425280358317 308.665190870231 303.7483876230037 0.007640913973011478
3250 325 317.8532751811051 308.6844172494967 303.7689305907392 0.007807984601046623
3260 326 317.8639068245657 308.7035906364074 303.7894575276928 0.007974996834766587
3270 327 317.8744341457734 308.7227115274507 303.8099676716894 0.008141924773929226
3280 328 317.8848670094904 308.7417804153071 303.8304602880482 0.00830874538827032
3290 329 317.8947922654086 308.7607975539164 303.8509346690805 0.008475401395583344
3300 330 317.9039496723556 308.7797624616965 303.8713901335357 0.008641733528642457
3310 331 317.9124141118403 308.7986744956082 303.8918260260119 0.008807582300890508
3320 332 317.9202517323723 308.8175330036846 303.9122417163325 0.008972807636704078
3330 333 317.9275210009689 308.8363373399506 303.9326365988937 0.009137286484429028
3340 334 317.9342736003642 308.8550868739968 303.9530100919925 0.009300910738900197
3350 335 317.9405552208563 308.8737809969529 303.9733616371358 0.009463585427836409
3360 336 317.9464062592776 308.8924191250111 303.9936906983457 0.009625227125104873
3370 337 317.9518624360839 308.9110007012678 304.013996761445 0.009785762560229019
3380 338 317.9569553402065 308.9295251964089 304.0342793333506 0.009945127398403504
3390 339 317.9617129101766 308.9479921086045 304.0545379413549 0.01010326516912626
3400 340 317.9661598590208 308.9664009628693 304.0747721324128 0.01026012632468404
3410 341 317.9703180495164 308.9847513100676 304.0949814724259 0.01041566741229786
3420 342 317.9742068256423 309.0030427256983 304.1151655455291 0.01056985034589267
3430 343 317.977843305348 309.0212748085487 304.1353239533805 0.01072264176527717
3440 344 317.981242639182 309.0394471792868 304.1554563144526 0.01087401247208669
3450 345 317.9844182387635 309.0575594790398 304.1755622633286 0.01102393693317543
3460 346 317.987482731161 309.0756114239218 304.1956414500029 0.01117240162926615
3470 347 317.9905106199202 309.0936029221595 304.2156935391885 0.01131942077617394
3480 348 317.9934949526231 309.1115339355391 304.2357182096305 0.01146501161836971
3490 349 317.9964296094208 309.1294044416159 304.2557151534291 0.01160918938692302
3500 350 317.999309197241 309.1472144288797 304.2756840753735 0.0117519675579179
3510 351 318.0021289639308 309.1649638932907 304.2956246922839 0.01189335807397057
3520 352 318.0048847226342 309.182652835767 304.3155367323718 0.01203337153532552
3530 353 318.0075727851532 309.2002812603474 304.3354199346118 0.01217201736549312
3540 354 318.0101899032109 309.2178491728422 304.3552740481326 0.0123093039553218
3550 355 318.0127332166678 309.2353565798422 304.3750988316224 0.01244523878864804
3560 356 318.0152002078577 309.2528034879929 304.3948940527591 0.01257982855209875
3570 357 318.0175886613201 309.2701899034691 304.4146594876557 0.01271307923119968
3580 358 318.0198966282761 309.2875158316003 304.4343949203355 0.01284499619460086
3590 359 318.0221223952976 309.3047812766099 304.4541001422215 0.01297558426796041
3600 360 318.0242644566613 309.3219862414426 304.4737749516575 0.01310484779880881
3610 361 318.0263214899626 309.3391307276565 304.4934191534516 0.0132327907135342
3620 362 318.0282923345922 309.3562147353672 304.5130325584435 0.01335941656747046
3630 363 318.030175972747 309.3732382632278 304.5326149830973 0.0134847285889467
3640 364 318.0319715126749 309.3902013084385 304.5521662491213 0.0136087297180385
3650 365 318.0336781738829 309.4071038667748 304.5716861831095 0.013731422640668
3660 366 318.0352952740864 309.4239459326324 304.5911746162095 0.01385280981862345
3670 367 318.0368222176891 309.4407274990812 304.6106313838105 0.01397289351599134
3680 368 318.0382584856154 309.4574485579254 304.6300563252574 0.01409167582243442
3690 369 318.0396036263364 309.4741090997692 304.6494492835832 0.01420915867369464
3700 370 318.040857247948 309.4907091140828 304.6688101052623 0.01432534386965853
3710 371 318.0420190111766 309.5072485892691 304.6881386399838 0.01444023309027436
3720 372 318.0430886232082 309.5237275127303 304.707434740442 0.01455382790957615
3730 373 318.0440658322379 309.5401458709322 304.7266982621437 0.0146661298080456
3740 374 318.0449504226602 309.5565036494664 304.7459290632318 0.01477714018350685
3750 375 318.0457422108207 309.5728008331096 304.7651270043227 0.01488686036073116
3760 376 318.0464410412687 309.5890374058806 304.7842919483571 0.01499529159990241
3770 377 318.0470467834442 309.6052133510938 304.803423760465 0.01510243510407987
3780 378 318.0475593287576 309.6213286514098 304.8225223078397 0.01520829202577778
3790 379 318.0479785880079 309.6373832888833 304.8415874596236 0.01531286347276717
3800 380 318.0483044891054 309.6533772450065 304.8606190868035 0.01541615051318837
3810 381 318.0485369750582 309.669310500752 304.879617062115 0.01551815418006206
3820 382 318.0493896366232 309.6851834327677 304.8985812599553 0.01561893770653104
3830 383 318.0513156698138 309.700997652642 304.9175115563024 0.01571874061140947
3840 384 318.0541998329041 309.7167550347694 304.9364078286404 0.01581780610841944
3850 385 318.0579403122005 309.7324574574311 304.9552699558931 0.01591634751256305
3860 386 318.0624471001482 309.7481067767769 304.9740978183626 0.01601455193773613
3870 387 318.0676406161853 309.7637048099618 304.9928912976707 0.01611258351088826
3880 388 318.0734504896799 309.7792533244763 305.0116502767092 0.01621058617513371
3890 389 318.0798144857165 309.7947540317217 305.030374639594 0.01630868614022643
3900 390 318.0866775568021 309.8102085835201 305.049064271625 0.01640699402851738
3910 391 318.093991005634 309.8256185706639 305.067719059255 0.01650560675669086
3920 392 318.1017117458375 309.8409855228795 305.0863388900693 0.01660460918743697
3930 393 318.1098016491472 309.8563109097667 305.1049236527778 0.01670407558028386
3940 394 318.1184757672062 309.8715962805111 305.1234732372222 0.01680409256279589
3950 395 318.1278622370594 309.8868435585003 305.1419875343983 0.01690480002490921
3960 396 318.137894437116 309.9020547046902 305.1604664365032 0.01700633193290184
3970 397 318.1485134493771 309.9172316297738 305.1789098369976 0.0171088054843767
3980 398 318.159667143387 309.9323761876105 305.1973176306917 0.01721232316035624
3990 399 318.1713093856784 309.9474901718471 305.2156897138561 0.01731697451747228
4000 400 318.1833993418047 309.9625753146549 305.2340259843488 0.01742283775652072
4010 401 318.1959008600388 309.9776332868728 305.2523263417668 0.01752998109741343
4020 402 318.2087819271173 309.9926656990781 305.2705906876143 0.01763846398578673
4030 403 318.2220141875626 310.007674103261 305.2888189254897 0.01774833815276802
4040 404 318.2355725191065 310.0226599948759 305.3070109612912 0.01785964854635726
4050 405 318.2494346576526 310.0376248151156 305.3251667034307 0.01797243415036522
4060 406 318.2635808659603 310.0525699532957 305.343286063065 0.01808672870475166
4070 407 318.2779936409403 310.067496749274 305.3613689543347 0.01820256133940949
4080 408 318.2926574550361 310.0824064958514 305.3794152946129 0.01831995713191424
4090 409 318.3075585277144 310.0973004411156 305.3974250047569 0.01843893759844165
4100 410 318.3226846235457 310.1121797907063 305.4153980093685 0.01855952112591529
4110 411 318.3380248737654 310.1270457099824 305.4333342370509 0.01868172335245066
4120 412 318.3535696185746 310.1418993260854 305.4512336206698 0.01880555750229868
4130 413 318.3693102677677 310.1567417298908 305.4690960976078 0.01893103468074039
4140 414 318.3852391775459 310.1715739778502 305.4869216100161 0.01905816413372605
4150 415 318.4013495416247 310.1863970937223 305.5047101050569 0.01918695347646223
4160 416 318.4176352949785 310.2012120701963 305.5224615351427 0.01931740889466066
4170 417 318.4340910287455 310.2160198704144 305.5401758581582 0.01944953532170545
4180 418 318.4507119149948 310.2308214293946 305.5578530376745 0.019583336594604
4190 419 318.4674936402083 310.245617655361 305.5754930431499 0.01971881559125596
4200 420 318.4844323464608 310.2604094309886 305.5930958501153 0.01985597435126036
4210 421 318.5015245794086 310.2751976145651 305.6106614403436 0.01999481418222002
4220 422 318.5187672422913 310.2899830410779 305.628189802006 0.02013533575326924
4230 423 318.5381946735441 310.3047676540857 305.6456809298074 0.02027771682076005
4240 424 318.5610981443501 310.3195569023064 305.6631348251094 0.0204226379556148
4250 425 318.587146500956 310.3343569653871 305.680551496035 0.02057078992597978
4260 426 318.6160471156484 310.3491740155467 305.6979309575539 0.02072277785006754
4270 427 318.6475412351296 310.3640141440043 305.7152732315544 0.02087913179352914
4280 428 318.6786010570379 310.3788817597239 305.7325783468987 0.02104007190247478
4290 429 318.7072465541747 310.3937762680109 305.7498463394635 0.02120506899307934
4300 430 318.7337505722842 310.4086958657298 305.7670772521678 0.02137352851081185
4310 431 318.75835395147 310.4236385475311 305.784271134998 0.02154492845054201
4320 432 318.7812694814 310.4386022043979 305.8014280450267 0.02171881025694065
4330 433 318.8026851859776 310.4535846902851 305.818548046443 0.02189477096046191
4340 434 318.8227672206562 310.4685838672174 305.8356312105917 0.02207245634881912
4350 435 318.8416624287232 310.4835976355909 305.852677616031 0.02225155501710074
4360 436 318.8595005971601 310.4986239541703 305.8696873486128 0.02243179317034296
4370 437 318.87639644771 310.5136608528284 305.8866605015825 0.0226129300748705
4380 438 318.8924513944748 310.5287064401355 305.9035971756924 0.02279475407178818
4390 439 318.9077550956001 310.5437589072822 305.9204974793322 0.02297707907936902
4400 440 318.9223868233173 310.5588165293959 305.9373615286487 0.0231597415218083
4410 441 318.9364166737083 310.5738776650124 305.9541894476662 0.023342597630586
4420 442 318.9499066350356 310.5889407542666 305.9709813683777 0.02352552107199042
4430 443 318.9629115312363 310.6040043162085 305.9877374308094 0.02370840086049892
4440 444 318.9754798418394 310.6189480750209 306.0044577830399 0.02389207926871059
4450 445 318.9876511771237 310.632784287697 306.0211425811792 0.02408427610217042
4460 446 318.9993818900739 310.6464485024295 306.0377919892817 0.02427752607478022
4470 447 319.0106505866312 310.6599634505928 306.0544061791724 0.0244715699719292
4480 448 319.0214904453994 310.6733459178059 306.0709853300146 0.02466620061045999
4490 449 319.0319310562099 310.6866087024746 306.0875296272808 0.02486125030578174
4500 450 319.041998835589 310.6997618430868 306.104039260752 0.02505658026226329
4510 451 319.051717389736 310.7128134152719 306.1205144213062 0.02525207347345005
4520 452 319.0611078359602 310.7257700624407 306.136955296529 0.0254476298256455
4530 453 319.0701890872052 310.7386373579888 306.1533620654209 0.02564316261896912
4540 454 319.0789781037946 310.7514200586439 306.1697348926225 0.02583859602397836
4550 455 319.0874901161268 310.7641222858367 306.1860739226414 0.02603386317223753
4560 456 319.0957388216346 310.7767476583459 306.2023792745333 0.02622890468790156
4570 457 319.1037365589607 310.7892993911826 306.2186510373733 0.02642366753413868
4580 458 319.1114944619743 310.8017803705464 306.2348892667538 0.02661810408991576
4590 459 319.1190225959618 310.8141932114606 306.2510939824259 0.02681217139928158
4600 460 319.1263300780392 310.8265403026294 306.2672651670895 0.02700583055258665
4610 461 319.1334251836309 310.8388238417087 306.283402766272 0.02719904617054965
4620 462 319.1403154406195 310.8510458632836 306.2995066891709 0.02739178596988412
4630 463 319.1470077126048 310.863208261232 306.3155768103159 0.02758402039457014
4640 464 319.1535082725293 310.8753128067277 306.3316129718831 0.02777572230064269
4650 465 319.1598228678005 310.8873611628252 306.3476149865022 0.02796686668512009
4660 466 319.165956777888 310.8993548963589 306.3635826404028 0.0281574304516892
4670 467 319.1719148652793 310.9112954877135 306.3795156967748 0.02834739220724753
4680 468 319.1777016205592 310.9231843389036 306.3954138992121 0.02853673208454758
4690 469 319.1833212023041 310.9350227803108 306.4112769751561 0.02872543158706473
4700 470 319.1887774723868 310.9468120763432 306.4271046392586 0.02891347345287229
4710 471 319.1940740272342 310.9585534302375 306.4428965966054 0.0291008415348635
4720 472 319.1992142254967 310.9702479881693 306.4586525457578 0.02928752069509092
4730 473 319.2042012125606 310.9818968428077 306.474372181583 0.02947349671133353
4740 474 319.2090379422593 310.9935010364231 306.4900551978554 0.02965875619429562
4750 475 319.2137271961134 311.0050615636305 306.5057012896175 0.02984328651406932
4760 476 319.2182716003885 311.0165793738381 306.5213101553002 0.03002707573470514
4770 477 319.2226736412187 311.0280553734536 306.536881498609 0.03021011255587511
4780 478 319.2269356780268 311.0394904278934 306.5524150301776 0.03039238626076597
4790 479 319.2310599554347 311.0508853634241 306.5679104690024 0.03057388666945366
4800 480 319.2350486138358 311.0622409688698 306.5833675436747 0.03075460409710383
4810 481 319.2389036987954 311.0735579972008 306.5987859934195 0.03093452931643816
4820 482 319.2426271694014 311.084837167024 306.6141655689557 0.03111365352396455
4830 483 319.2462209056973 311.0960791639887 306.6295060331998 0.03129196830954963
4840 484 319.2496867152964 311.1072846421175 306.6448071618162 0.03146946562893662
4850 485 319.2530263392749 311.1184542250711 306.6600687436364 0.03164613777890062
4860 486 319.2562414574286 311.1295885073562 306.6752905809624 0.03182197737473121
4870 487 319.2593336929594 311.140688055478 306.6904724897598 0.03199697732979467
4880 488 319.2623046166694 311.1517534090469 306.7056142997588 0.03217113083694383
4890 489 319.2657922280958 311.1627854158244 306.7207158544704 0.03234448700742286
4900 490 319.2702022293142 311.1737858502275 306.7357770111331 0.03251725363962749
4910 491 319.2754332895759 311.1847564950134 306.7507976405912 0.03268964368852258
4920 492 319.2813960014334 311.1956989616966 306.7657776271267 0.03286184489688516
4930 493 319.288011434036 311.2066147104293 306.7807168682346 0.03303402275342192
4940 494 319.2952099025875 311.2175050674228 306.795615274367 0.03320632310463526
4950 495 319.3029298823581 311.2283712402369 306.8104727686389 0.0333788744607373
4960 496 319.3111170502889 311.2392143312171 306.8252892865107 0.03355179003133093
4970 497 319.3197234391862 311.2500353493153 306.8400647754427 0.03372516952244724
4980 498 319.3287066912818 311.2608352204994 306.8547991945391 0.03389910072285937
4990 499 319.3380293994787 311.271614796927 306.8694925141735 0.03407366090433623
5000 500 319.3476585259986 311.2823748650351 306.8841447156053 0.03424891805763403
5010 501 319.3575648893143 311.2931161526802 306.8987557905926 0.03442493198346982
5020 502 319.3677227113626 311.3038393354433 306.9133257409997 0.03460175525547667
5030 503 319.3781092179458 311.3145450422015 306.927854578404 0.03477943407014424
5040 504 319.3887042860778 311.3252338600534 306.9423423237062 0.0349580089970014
5050 505 319.3994901327571 311.3359063386778 306.9567890067424 0.03513751564073588
5060 506 319.4104510403045 311.3465629941915 306.9711946659032 0.03531798522558514
5070 507 319.4215731139612 311.3572043125664 306.98555934776 0.03549944511111102
5080 508 319.4328440679649 311.3678307526587 306.9998831066978 0.0356819192474145
5090 509 319.4442530367535 311.3784427488953 307.0141660045611 0.03586542857688876
5100 510 319.4557904083508 311.3890407136581 307.028408110305 0.03604999138878975
5110 511 319.4674476773184 311.3996250394015 307.0426094996597 0.03623562363215783
5120 512 319.4792173149863 311.4101961005342 307.0567702548094 0.03642233919198131
5130 513 319.4910926549194 311.4207542550934 307.0708904640766 0.03661015013291191
5140 514 319.5030677918457 311.4312998462343 307.0849702216231 0.03679906691434282
5150 515 319.5151374924469 311.4418332035585 307.0990096271591 0.03698909858021268
5160 516 319.5272971166355 311.4523546442968 307.1130087856685 0.03718025292649738
5170 517 319.539542548073 311.462864474366 307.1269678071407 0.03737253664901513
5180 518 319.5518701328498 311.4733629893125 307.1408868063183 0.03756595547384997
5190 519 319.5642766253661 311.4838504751564 307.1547659024548 0.03776051427243848
5200 520 319.5767591405709 311.4943272091472 307.1686052190807 0.03795621716312005
5210 521 319.5893151118061 311.5047934604409 307.1824048837844 0.03815306760073982
5220 522 319.601942253606 311.5152494907076 307.1961650280015 0.03835106845570445
5230 523 319.6146385288546 311.5256955546779 307.2098857868125 0.03855022208373539
5240 524 319.6274021198153 311.536131900634 307.2235672987527 0.03875053038740685
5250 525 319.6402314025467 311.5465587708521 307.237209705629 0.03895199487043619
5260 526 319.6531249243278 311.556976402002 307.2508131523485 0.03915461668557763
5270 527 319.6660813837356 311.567385025508 307.2643777867532 0.03935839667687115
5280 528 319.6790996130578 311.5777848678755 307.2779037594605 0.0395633354169078
5290 529 319.6921785627686 311.5881761509869 307.2913912237171 0.03976943323970026
5300 530 319.7053172878317 311.5985590923706 307.304840335255 0.03997669026967426
5310 531 319.7185149356031 311.6089339054458 307.3182512521585 0.0401851064472345
5320 532 319.731770735156 311.6193007997453 307.3316241347333 0.04039468155131062
5330 533 319.7450839878608 311.6296599811188 307.3449591453858 0.04060541521923793
5340 534 319.7584540590667 311.6400116519196 307.3582564485058 0.04081730696428491
5350 535 319.7718803707571 311.6503560111748 307.3715162103556 0.04103035619110481
5360 536 319.7853623950698 311.6606932547427 307.3847385989665 0.04124456220935822
5370 537 319.798899648573 311.6710235754562 307.3979237840343 0.04145992424571838
5380 538 319.8124916872138 311.6813471632565 307.4110719368277 0.04167644145444856
5390 539 319.8261381018581 311.6916642053157 307.4241832300947 0.04189411292672816
5400 540 319.8398385143496 311.7019748861506 307.4372578379746 0.04211293769886255
5410 541 319.8535925740359 311.7122793877282 307.450295935919 0.04233291475951863
5420 542 319.8673999546943 311.7225778895643 307.4632977006078 0.04255404305609627
5430 543 319.8812603518211 311.7328705688138 307.4762633098766 0.04277632150033554
5440 544 319.8951734802372 311.7431576003575 307.4891929426443 0.04299974897325693
5450 545 319.9091390719711 311.7534391568803 307.5020867788439 0.04322432432950628
5460 546 319.923156874388 311.7637154089471 307.5149449993555 0.0434500464011789
5470 547 319.9372266485418 311.7739865250727 307.5277677859452 0.0436769140011791
5480 548 319.9513481677156 311.7842526717866 307.540555321203 0.04390492592618172
5490 549 319.9655212161312 311.7945140136968 307.5533077884878 0.04413408095922626
5500 550 319.9797455878099 311.804770713547 307.56602537187 0.04436437787200228
5510 551 319.9940210855648 311.8150229322732 307.5787082560805 0.04459581542685422
5520 552 320.0083475201093 311.8252708290545 307.5913566264589 0.04482839237854007
5530 553 320.022724709272 311.8355145613643 307.6039706689069 0.04506210747577607
5540 554 320.0371524772965 311.8457542850168 307.6165505698395 0.04529695946258996
5550 555 320.0516306542264 311.8559901542112 307.6290965161438 0.04553294707950689
5560 556 320.0661590753594 311.8662223215754 307.641608695134 0.04577006906458733
5570 557 320.0807375807629 311.8764509382063 307.6540872945113 0.04600832415433549
5580 558 320.0953660148472 311.8866761537079 307.6665325023259 0.04624771108449219
5590 559 320.1100442259841 311.8968981162292 307.6789445069385 0.04648822859072883
5600 560 320.1247720661746 311.907116972499 307.6913234969841 0.04672987540925019
5610 561 320.1395493907441 311.9173328678603 307.7036696613392 0.04697265027732337
5620 562 320.1543760580846 311.9275459463022 307.7159831890856 0.04721655193373146
5630 563 320.1692519294114 311.9377563504914 307.7282642694815 0.04746157911917546
5640 564 320.1841768685628 311.9479642218018 307.7405130919296 0.04770773057661642
5650 565 320.1991507418062 311.9581697003434 307.7527298459486 0.04795500505157342
5660 566 320.2141734176776 311.9683729249896 307.7649147211432 0.04820340129238113
5670 567 320.2292447668327 311.9785740334042 307.7770679071792 0.04845291805041034
5680 568 320.2443646619138 311.9887731620661 307.789189593757 0.04870355408025904
5690 569 320.2595329774332 311.998970446295 307.801279970585 0.04895530813991422
5700 570 320.2747495896677 312.0091660202737 307.813339227356 0.04920817899088885
5710 571 320.290014376566 312.0193600170719 307.825367553727 0.04946216539834023
5720 572 320.3053272176621 312.029552568668 307.8373651392941 0.0497172661311681
5730 573 320.3206879940005 312.0397438059701 307.8493321735692 0.04997347996209846
5740 574 320.336096588067 312.0499338588369 307.8612688459656 0.05023080566774837
5750 575 320.351552883729 312.0601228560973 307.8731753457733 0.05048924202868447
5760 576 320.3670567661767 312.0703109255692 307.8850518621408 0.05074878782946779
5770 577 320.3826081218774 312.0804981940789 307.8968985840584 0.05100944185868996
5780 578 320.3982068385245 312.0906847874782 307.9087157003387 0.05127120290900058
5790 579 320.4138528050003 312.1008708306618 307.9205033996019 0.05153406977712684
5800 580 320.4295459113368 312.1110564475846 307.9322618702574 0.05179804126389087
5810 581 320.4452860486775 312.1212417612776 307.9439913004895 0.05206311617421808
5820 582 320.4574407109582 312.1314249877958 307.9556918782414 0.05232897568738522
5830 583 320.463702864214 312.1415989122298 307.9673637912025 0.05259439676394251
5840 584 320.4646588878443 312.1517561351724 307.9790072267923 0.05285812826932189
5850 585 320.4638057710002 312.1618916661491 307.990622372149 0.05311932469937267
5860 586 320.4634935002596 312.1720057053483 308.0022094141153 0.05337801028754531
5870 587 320.4636462471154 312.182099246668 308.013768539226 0.05363434553915336
5880 588 320.4641974152913 312.1921731503725 308.0252999336977 0.05388847194075058
5890 589 320.4650883381992 312.2022281598564 308.0368037834133 0.05414051418971529
5900 590 320.466267345643 312.2122649161057 308.048280273913 0.05439058216472581
5910 591 320.4676889402007 312.2222839702258 308.0597295903776 0.05463877266650655
5920 592 320.4693130703995 312.2322857943392 308.0711519176149 0.0548851709552787
5930 593 320.4711044893074 312.2422707910893 308.0825474400419 0.05512985210843849
5940 594 320.4730321885068 312.2522393019464 308.0939163416609 0.05537288221931738
5950 595 320.4750688985993 312.2621916144811 308.105258806034 0.05561431945553909
5960 596 320.4771906484135 312.2721279687418 308.116575016255 0.05585421499332822
5970 597 320.4793763760269 312.2820485628536 308.127865154909 0.0560926138422552
5980 598 320.4816075855119 312.2919535579404 308.1391294040338 0.05632955557323645
5990 599 320.4838680440334 312.3018430824533 308.1503679450706 0.05656507496108936
6000 600 320.4861435145544 312.3117172359841 308.1615809588138 0.05679920255165394
6010 601 320.4884215199694 312.3215760926246 308.1727686253549 0.05703196516231653
6020 602 320.4906911349735 312.33141970393 308.1839311240191 0.05726338632373217
6030 603 320.4929428024008 312.3412481015339 308.195068633302 0.05749348666964012
6040 604 320.4951681711678 312.3510612994592 308.2061813308031 0.05772228428085863
6050 605 320.4973599532748 312.3608592961586 308.2172693931549 0.05794979498883251
6060 606 320.4995117976296 312.3706420763215 308.2283329959515 0.05817603264347741
6070 607 320.5016181787151 312.3804096124712 308.2393723136793 0.05840100934950992
6080 608 320.5036742983593 312.3901618663809 308.2503875196431 0.05862473567495905
6090 609 320.5066914385046 312.3998993231697 308.2613787858962 0.05884730962874291
6100 610 320.5113109089552 312.4096239775537 308.272346283167 0.05906908080546105
6110 611 320.5173656608489 312.4193378681824 308.2832901807953 0.05929040560759879
6120 612 320.5247081682113 312.4290427905014 308.2942106466609 0.05951159894200113
6130 613 320.5332080634991 312.4387403277989 308.305107847123 0.05973293906963498
6140 614 320.5427501245755 312.4484318782931 308.3159819469543 0.05995467188826498
6150 615 320.5532324981194 312.4581186787945 308.3268331092864 0.06017701471404504
6160 616 320.5645651317134 312.4678018253938 308.3376614955513 0.06040015962050753
6170 617 320.5766683900795 312.4774822915582 308.3484672654301 0.06062427638666897
6180 618 320.5894718338348 312.4871609439676 308.3592505768037 0.06084951509996957
6190 619 320.6029131416758 312.4968385563765 308.3700115857093 0.06107600845442936
6200 620 320.6169371591413 312.5065158217463 308.3807504462994 0.06130387377970589
6210 621 320.6314950590801 312.5161933628683 308.391467310808 0.06153321483256657
6220 622 320.6465436007076 312.5258717416572 308.4021623295189 0.06176412337860291
6230 623 320.662044475666 312.5355514672874 308.4128356507432 0.06199668058876406
6240 624 320.6746285945699 312.5452312532245 308.423487420798 0.06223066663629086
6250 625 320.688110831507 312.5549079169283 308.4341177839972 0.06246554463310675
6260 626 320.706790126609 312.5645869875634 308.444726882645 0.06270222899519662
6270 627 320.726878601772 312.5742733242234 308.455314857035 0.06294152050209614
6280 628 320.7458438625914 312.5839661499405 308.4658818454592 0.06318327785455612
6290 629 320.7638161767478 312.5936638797289 308.4764279842252 0.06342722286210047
6300 630 320.7809103050189 312.60336513257 308.4869534076721 0.06367310976408735
6310 631 320.7972275602664 312.6130687056665 308.4974582482032 0.06392072143620676
6320 632 320.8128573866994 312.6227735520725 308.5079426363165 0.0641698660395507
6330 633 320.8278787536187 312.6324787612071 308.5184067006459 0.06442037406128812
6340 634 320.8423613854231 312.6421835418452 308.528850568006 0.06467209570145054
6350 635 320.8563668471299 312.6518872072506 308.5392743634438 0.06492489856553349
6360 636 320.8699495023736 312.6615891621667 308.5496782102938 0.06517866562723315
6370 637 320.8831573588662 312.6712888914222 308.560062230238 0.06543329342976825
6380 638 320.8960328145436 312.6809859499475 308.5704265433708 0.06568869049788909
6390 639 320.9086133160639 312.6906799540204 308.5807712682673 0.06594477593593268
6400 640 320.9207602515762 312.7003704834964 308.5910965220526 0.06620146317709932
6410 641 320.9323938014913 312.710056908508 308.601402420475 0.06645863116497834
6420 642 320.943567501191 312.7197386315316 308.6116890779826 0.06671616479965926
6430 643 320.9543286539509 312.7294151308972 308.6219566077941 0.06697396227456466
6440 644 320.9647190743938 312.7390859511187 308.6322051219774 0.06723193352351141
6450 645 320.9747757321593 312.7487506944339 308.6424347315225 0.06748999884952418
6460 646 320.9845313199735 312.7584090134025 308.6526455464127 0.06774808771418163
6470 647 320.9940147550004 312.7680606044228 308.6628376756966 0.06800613766871676
6480 648 321.0032516213176 312.7777052020545 308.6730112275563 0.06826409341028074
6490 649 321.012264560426 312.7873425740466 308.6831663093704 0.06852190594872394
6500 650 321.0210736159021 312.796972516982 308.6933030277756 0.06877953187093599
6510 651 321.0296965357538 312.8059816042629 308.7034214887234 0.06904178064076222
6520 652 321.0381490141319 312.8146733695963 308.7135217975289 0.06930621741454883
6530 653 321.0464448997503 312.8232527607412 308.723604058755 0.06957119083009392
6540 654 321.0545964101892 312.8317331173697 308.7336683753175 0.06983656790415607
6550 655 321.0626143249758 312.8401245647793 308.7437148458171 0.07010224429191973
6560 656 321.0705081558868 312.8484350220508 308.7537435595391 0.07036813595566072
6570 657 321.0782862971644 312.8566708534916 308.7637545893709 0.07063417370603819
6580 658 321.0859561580065 312.8648373003308 308.7737479835541 0.07090029952460601
6590 659 321.0935242794355 312.872938773945 308.7837237574165 0.07116646401597884
6600 660 321.1009964373716 312.8809790597093 308.7936818861216 0.07143262459356435
6610 661 321.1083777335514 312.888961461717 308.8036222991645 0.07169874415340144
6620 662 321.1156726757054 312.8968889074192 308.813544876993 0.07196479008085435
6630 663 321.1228852482805 312.9047640244823 308.8234494498247 0.0722307334898715
6640 664 321.1300189748029 312.912589197995 308.8333357984856 0.07249654862864324
6650 665 321.1370769728786 312.9203666135375 308.8432036569721 0.0727622124070129
6660 666 321.1440620026884 312.9280982899377 308.8530527163575 0.07302770401487271
6670 667 321.1509765097547 312.9357861044185 308.8628826296567 0.07329300460988837
6680 668 321.1578226626454 312.9434318120821 308.8726930172944 0.07355809705899082
6690 669 321.1646023862143 312.9510370611528 308.8824834728657 0.07382296572223947
6700 670 321.1713173909127 312.958603405025 308.8922535689342 0.07408759627054626
6710 671 321.1779691986114 312.9661323118944 308.9020028626732 0.07435197553081008
6720 672 321.1845591653769 312.973625172555 308.9117309012088 0.07461609135347624
6730 673 321.1910885015331 312.9810833067983 308.9214372265608 0.07487993249863727
6740 674 321.1975582893439 312.9885079687436 308.9311213801348 0.07514348853758683
6750 675 321.203969498591 312.995900351348 308.9407829067184 0.07540674976734865
6760 676 321.2103230002982 313.0032615902802 308.950421357996 0.07566970713617736
6770 677 321.2166195788187 313.0105927673034 308.9600362955756 0.07593235217839166
6780 678 321.2228599424802 313.0178949132703 308.9696272935589 0.07619467695718511
6790 679 321.229044732958 313.0251690108126 308.9791939406849 0.07645667401428509
6800 680 321.2351745335242 313.0324159967855 308.9887358420786 0.07671833632551471
6810 681 321.2412498763098 313.0396367645124 308.9982526206416 0.07697965726146537
6820 682 321.2472712486897 313.0468321658657 309.0077439181277 0.07724063055260659
6830 683 321.2532390989048 313.0540030132098 309.0172093959292 0.07750125025826365
6840 684 321.2591538410034 313.0611500812259 309.0266487356226 0.07776151073895932
6850 685 321.26501585918 313.0682741086347 309.0360616392883 0.07802140663171206
6860 686 321.2708255115932 313.0753757998292 309.0454478296551 0.07828093282792339
6870 687 321.2765831337161 313.0824558264245 309.0548070500743 0.07854008445354439
6880 688 321.2822890412772 313.0895148287364 309.0641390643694 0.07879885685123934
6890 689 321.2879435328445 313.0965534171887 309.0734436565645 0.07905724556432694
6900 690 321.2935468920849 313.1035721736599 309.0827206305239 0.07931524632228738
6910 691 321.2990993897482 313.1105716527687 309.0919698095133 0.07957285502764747
6920 692 321.3046012854049 313.1175523831034 309.1011910357019 0.07983006774410246
6930 693 321.3100528289639 313.1245148683985 309.1103841696121 0.08008688068573001
6940 694 321.3154542620032 313.1314595886604 309.119549089534 0.080343290207174
6950 695 321.3208058189264 313.1383870012436 309.128685690914 0.08059929279469848
6960 696 321.3261077279775 313.1452975418813 309.1377938857224 0.08085488505801933
6970 697 321.3313602121206 313.1521916256715 309.1468736018075 0.08111006372282742
6980 698 321.3365634898101 313.1590696480192 309.1559247822476 0.08136482562393517
6990 699 321.3417177756517 313.1659319855386 309.1649473846988 0.08161916769897755
7000 700 321.3468232809852 313.1727789969157 309.1739413807472 0.0818730869826203
7010 701 321.3518802143833 313.1796110237321 309.1829067552699 0.08212658060121675
7020 702 321.3568887820807 313.1864283912537 309.191843505801 0.08237964576787687
7030 703 321.3618491883499 313.1932314091839 309.2007516419152 0.08263227977790029
7040 704 321.3667616358192 313.200020372383 309.2096311846223 0.08288448000455204
7050 705 321.3716263257436 313.206795561556 309.2184821657776 0.08313624389513326
7060 706 321.3764434582407 313.2135572439096 309.2273046275089 0.08338756896733379
7070 707 321.3812132324873 313.2203056737789 309.2360986216623 0.08363845280583172
7080 708 321.3859358468871 313.2270410932271 309.2448642092642 0.08388889305912454
7090 709 321.3906114992071 313.2337637326166 309.2536014600046 0.08413888743656808
7100 710 321.3952403866992 313.2404738111556 309.2623104517336 0.08438843370561114
7110 711 321.3998227061899 313.2471715374186 309.2709912699841 0.08463752968920195
7120 712 321.404358654162 313.2538571098438 309.2796440075065 0.08488617326335711
7130 713 321.4088484268177 313.2605307172078 309.2882687638279 0.08513436235488255
7140 714 321.4132922201224 313.2671925390783 309.296865644823 0.08538209493922611
7150 715 321.4176902298472 313.2738427462459 309.3054347623088 0.08562936903846188
7160 716 321.4224572973396 313.2804817186861 309.3139762336523 0.08587621897772825
7170 717 321.4278569585458 313.2871104477429 309.3224901814008 0.08612278234805924
7180 718 321.4338224602947 313.2937299364982 309.3309767329217 0.08636920000216398
7190 719 321.4402948427424 313.3003410815406 309.3394360200637 0.08661559628469565
7200 720 321.4472219953075 313.3069446849767 309.3478681788324 0.08686208097107037
7210 721 321.4545578535769 313.3135414650621 309.3562733490812 0.08710875097844503
7220 722 321.462261690528 313.320132065616 309.364651674216 0.0873556918755977
7230 723 321.4702974909843 313.3267170643557 309.3730033009133 0.08760297921535801
7240 724 321.4786333995314 313.3332969802798 309.3813283788542 0.08785067971042897
7250 725 321.4872412332609 313.3398722802078 309.3896270604711 0.08809885227101696
7260 726 321.4960960517265 313.3464433845758 309.3978995007038 0.08834754892051067
7270 727 321.5051757773879 313.3530106725722 309.4061458567722 0.08859681560353966
7280 728 321.5144608606228 313.3595744866908 309.4143662879575 0.08884669289905935
7290 729 321.5239339840562 313.3661351367693 309.4225609553964 0.08909721664963555
7300 730 321.5335798016018 313.3726929035709 309.4307300218837 0.08934841851676623
7310 731 321.5433847081303 313.3792480419618 309.4388736516867 0.08960032647093932
7320 732 321.5533366361672 313.3858007837341 309.4469920103707 0.08985296522409696
7330 733 321.5634248764514 313.3923513401092 309.4550852646314 0.09010635661127704
7340 734 321.5736399195445 313.3988999039642 309.463153582138 0.09036051992739991
7350 735 321.5839733160234 313.4054466518095 309.4711971313832 0.0906154722244852
7360 736 321.5944175530714 313.4119917455461 309.4792160815442 0.09087122857393722
7370 737 321.6049659455385 313.41853533403 309.4872106023498 0.09112780229800688
7380 738 321.6156125397818 313.425077554464 309.4951808639552 0.09138520517406523
7390 739 321.6263520287745 313.4316185336355 309.5031270368256 0.09164344761486755
7400 740 321.6371796771618 313.4381583890205 309.5110492916226 0.09190253882764635
7410 741 321.6480912551023 313.4446972297673 309.5189477991043 0.09216248695450593
7420 742 321.6590829798615 313.4512351575717 309.5268227300243 0.09242329919633654
7430 743 321.6701514642338 313.4577722674612 309.5346742550423 0.09268498192216632
7440 744 321.6812936710145 313.4643086484919 309.5425025446397 0.09294754076567514
7450 745 321.6925068727915 313.4708443843728 309.550307769035 0.09321098071037842
7460 746 321.7037886164444 313.4773795540223 309.5580900981128 0.09347530616480422
7470 747 321.7151366917882 313.4839142320679 309.5658497013534 0.09374052102885388
7480 748 321.7265491038893 313.4904484892913 309.5735867477674 0.09400662875237069
7490 749 321.7380240486079 313.4969823930281 309.5813014058351 0.09427363238684139
7500 750 321.7495598909972 313.5035160075253 309.588993843452 0.09454153463103368
7510 751 321.7611551462206 313.510049394263 309.5966642278747 0.09481033787128125
7520 752 321.7728084626953 313.5165826122411 309.6043127256747 0.09508004421705332
7530 753 321.7845186071963 313.5231157182387 309.6119395026939 0.09535065553235196
7540 754 321.7962844516936 313.5296487670456 309.619544724004 0.09562217346344035
7550 755 321.8081049617206 313.5361818116715 309.6271285538683 0.09589459946332138
7560 756 321.8199791860915 313.5427149035333 309.6346911557093 0.09616793481335731
7570 757 321.8319062478085 313.5492480926241 309.6422326920762 0.09644218064236458
7580 758 321.8438853360266 313.555781427666 309.6497533246186 0.09671733794347812
7590 759 321.8559156989437 313.5623149562463 309.6572532140582 0.0969934075890526
7600 760 321.867996637511 313.5688487249417 309.6647325201684 0.09727039034382172
7610 761 321.8801274998698 313.5753827794301 309.6721914017519 0.09754828687653461
7620 762 321.8923076764252 313.5819171645903 309.6796300166244 0.097827097770235
7630 763 321.90453659549 313.5884519245942 309.6870485215966 0.09810682353135121
7640 764 321.9168137194185 313.5949871029878 309.6944470724619 0.0983874645977335
7650 765 321.9291385411882 313.6015227427664 309.7018258239829 0.09866902134576193
7660 766 321.9415105813668 313.6080588864407 309.7091849298814 0.09895149409663764
7670 767 321.9539293854266 313.6145955760983 309.7165245428291 0.09923488312194884
7680 768 321.9663945213593 313.6211328534579 309.723844814442 0.09951918864859739
7690 769 321.978905577557 313.6276707599192 309.7311458952741 0.09980441086316542
7700 770 321.9908671886676 313.6342090244468 309.7384279348115 0.100090497888949
7710 771 322.0019011130315 313.6407464870846 309.7456910814718 0.1003772497023206
7720 772 322.0121030536917 313.647281959936 309.7529354826007 0.1006644616286961
7730 773 322.0215575449516 313.6538143973585 309.7601612844724 0.1009519527103934
7740 774 322.0303393058302 313.660342879249 309.7673686322896 0.1012395629248667
7750 775 322.0385143913592 313.6668665962814 309.7745576701843 0.1015271507297222
7760 776 322.0461412086577 313.6733848368685 309.7817285412216 0.1018145908961492
7770 777 322.0532714136621 313.6798969756479 309.7888813874002 0.1021017725968843
7780 778 322.0599507025427 313.6864024633119 309.7960163496599 0.1023885977187892
7790 779 322.0662195101697 313.6929008176273 309.8031335678832 0.1026749793736543
7800 780 322.0721136265529 313.699391615502 309.8102331809017 0.102960840583927
7810 781 322.0776647408933 313.7058744859814 309.8173153265024 0.1032461131228142
7820 782 322.082900921746 313.7123491040601 309.824380141434 0.1035307364906222
7830 783 322.0878470408026 313.7188151852179 309.8314277614118 0.1038146570113211
7840 784 322.092525146917 313.7252724805933 309.8384583211279 0.1040978270352057
7850 785 322.0969547962159 313.7317207727212 309.8454719542547 0.1043802042351919
7860 786 322.1011533434616 313.7381598717677 309.8524687934566 0.1046617509857406
7870 787 322.1051361992045 313.7445896122042 309.8594489703962 0.1049424338147078
7880 788 322.1089170567594 313.7510098498716 309.8664126157401 0.1052222229195417
7890 789 322.1125080925385 313.7574204593843 309.8733598591704 0.1055010917402771
7900 790 322.1159201428802 313.7638213318402 309.8802908293887 0.1057790165826418
7910 791 322.1191628601239 313.7702123727965 309.8872056541268 0.1060559762854035
7920 792 322.12224485038 313.7765935004817 309.8941044601527 0.1063319519267428
7930 793 322.1251737951342 313.7829646442173 309.9009873732773 0.1066069265650736
7940 794 322.1279565585958 313.7893257430237 309.9078545183639 0.106880885010269
7950 795 322.1305992824537 313.7956767443885 309.9147060193319 0.1071538136217101
7960 796 322.1331074695281 313.802017603179 309.9215419991651 0.1074257001300172
7970 797 322.1354860576133 313.8083482806827 309.9283625799184 0.1076965334796715
7980 798 322.1377394846729 313.8146687437591 309.9351678827202 0.1079663036900783
7990 799 322.1398717463951 313.8209789640914 309.9419580277828 0.1082350017329078
8000 800 322.1418864470084 313.827278917526 309.9487331344021 0.1085026194237931
8010 801 322.1437868441492 313.8335685834901 309.9554933209666 0.1087691493267076
8020 802 322.1455758884798 313.8398479444767 309.9622387049582 0.109034584669528
8030 803 322.1472562586718 313.8461169855909 309.9689694029587 0.1092989192694687
8040 804 322.1488303922992 313.852375694151 309.9756855306497 0.1095621474672302
8050 805 322.1503005131222 313.8586240593346 309.9823872028205 0.1098242640688368
8060 806 322.1516686551871 313.8648620718689 309.9890745333647 0.110085264294262
8070 807 322.152936684109 313.8710897237565 309.9957476352883 0.1103451437320447
8080 808 322.1541063158766 313.8773070080352 310.0024066207077 0.1106038982991894
8090 809 322.1551791334651 313.8835139185658 310.0090516008516 0.110861524205733
8100 810 322.1561566015131 313.8897104498462 310.0156826860645 0.1111180179234325
8110 811 322.157040079296 313.8958965968482 310.0222999858057 0.1113733761580857
8120 812 322.1578308321891 313.9020723548738 310.0289036086492 0.1116275958250607
8130 813 322.1585300418004 313.9082377194302 310.0354936622861 0.1118806740276536
8140 814 322.1591388149323 313.9143926861196 310.0420702535233 0.1121326080379535
8150 815 322.1596581915026 313.9205372505437 310.0486334882847 0.112383395279911
8160 816 322.1600891515545 313.9266714082197 310.055183471609 0.1126330333143486
8170 817 322.160432621454 313.9327951545084 310.0617203076502 0.1128815198257003
8180 818 322.1606894793797 313.9389084845503 310.0682440996772 0.1131288526102622
8190 819 322.1608605601722 313.9450113932119 310.0747549500719 0.1133750295657874
8200 820 322.1609466596423 313.9511038750388 310.0812529603293 0.1136200486822604
8210 821 322.1609485383721 313.9571859242148 310.0877382310552 0.1138639080337201
8220 822 322.160866925094 313.9632575345288 310.0942108619661 0.114106605771004
8230 823 322.1607025196836 313.9693186993447 310.1006709518872 0.114348140115305
8240 824 322.1604559958112 313.9753694115775 310.1071185987512 0.1145885093524504
8250 825 322.1601280032947 313.9814096636733 310.1135538995963 0.1148277118278149
8260 826 322.1597191701943 313.9874394475921 310.1199769505666 0.1150657459417972
8270 827 322.1592301046643 313.9934587547947 310.1263878469085 0.1153026101457888
8280 828 322.1586613966094 313.9994675762321 310.1327866829703 0.1155383029385829
8290 829 322.1580136191504 314.0054659023372 310.1391735522 0.1157728228631707
8300 830 322.1572873299306 314.0114537230193 310.145548547144 0.1160061685038795
8310 831 322.1564830722859 314.0174310276594 310.1519117594467 0.1162383384838151
8320 832 322.1556013762807 314.0233978051093 310.158263279848 0.1164693314625665
8330 833 322.1546427596359 314.0293540436893 310.1646031981821 0.1166991461341537
8340 834 322.1536077285616 314.0352997311904 310.1709316033762 0.1169277812251785
8350 835 322.1524967784965 314.0412348548745 310.1772485834495 0.1171552354931651
8360 836 322.1513103947746 314.047159401479 310.1835542255119 0.1173815077250638
8370 837 322.1500490532242 314.053073357219 310.1898486157641 0.1176065967358943
8380 838 322.1487132207032 314.0589767077926 310.196131839493 0.1178305013675246
8390 839 322.1473033555826 314.0648694383859 310.2024039810749 0.1180532204875615
8400 840 322.1458199081824 314.070751533679 310.2086651239739 0.1182747529883404
8410 841 322.144263321166 314.0766229778521 310.2149153507386 0.1184950977860044
8420 842 322.142634029896 314.0824837545923 310.2211547430043 0.1187142538196651
8430 843 322.1409324627581 314.0883338471005 310.2273833814922 0.1189322200506318
8440 844 322.1391590414575 314.0941732380994 310.2336013460067 0.119148995461706
8450 845 322.1373141812825 314.100001909841 310.2398087154394 0.1193645790565265
8460 846 322.1353982913516 314.1058198441142 310.2460055677651 0.1195789698589704
8470 847 322.1334117748398 314.1116270222535 310.2521919800436 0.1197921669125933
8480 848 322.13135502918 314.117423425147 310.2583680284209 0.1200041692801109
8490 849 322.1292284462546 314.1232090332447 310.2645337881271 0.1202149760429176
8500 850 322.1270324125708 314.1289838265674 310.270689333478 0.1204245863006314
8510 851 322.124767309423 314.1347477847151 310.2768347378767 0.1206329991706715
8520 852 322.1224335130405 314.1405008868754 310.282970073813 0.12084021378786
8530 853 322.1200313947285 314.1462431118327 310.289095412864 0.1210462293040446
8540 854 322.1175613209972 314.1519744379763 310.2952108256982 0.1212510448877443
8550 855 322.1150236536866 314.1576948433093 310.3013163820715 0.1214546597238108
8560 856 322.1124187500749 314.1634043054574 310.3074121508327 0.1216570730131063
8570 857 322.1097469629942 314.1691028016772 310.3134981999236 0.1218582839721986
8580 858 322.1070086409259 314.1747903088649 310.3195745963794 0.1220582918330683
8590 859 322.1042041280977 314.180466803565 310.3256414063326 0.1222570958428302
8600 860 322.101333764577 314.1861322619782 310.3316986950137 0.1224546952634604
8610 861 322.0983978863535 314.1917866599705 310.3377465267514 0.1226510893715405
8620 862 322.0953968254238 314.197429973081 310.3437849649786 0.1228462774580052
8630 863 322.0923309098696 314.2030621765302 310.3498140722314 0.1230402588279033
8640 864 322.089200463933 314.208683245228 310.3558339101517 0.1232330328001613
8650 865 322.0860058080875 314.2142931537821 310.3618445394917 0.1234245987073615
8660 866 322.0839115761714 314.2198924873823 310.3678460201146 0.1236150577082194
8670 867 322.0836575362384 314.2254835700256 310.3738384109982 0.1238048008227091
8680 868 322.0850560078501 314.2310687797232 310.379821770237 0.123994228126734
8690 869 322.087941190951 314.2366502155127 310.3857961550456 0.1241836932433929
8700 870 322.0921665150162 314.2422297302342 310.3917616217619 0.1243735087911864
8710 871 322.0976023840529 314.2478089594787 310.397718225851 0.1245639511922327
8720 872 322.1041341864431 314.2533893471589 310.4036660219061 0.1247552649155999
8730 873 322.1116605385274 314.2589721680904 310.4096050636543 0.1249476662221482
8740 874 322.1200917344505 314.2645585479393 310.4155354039584 0.125141346469462
8750 875 322.1293483780611 314.2701494808383 310.4214570948226 0.1253364750285555
8760 876 322.1393601754581 314.2757458449473 310.4273701873947 0.1255332018579853
8770 877 322.1500648693192 314.2813484161965 310.4332747319692 0.1257316597756168
8780 878 322.1614072983612 314.2866849380241 310.4391707779924 0.1259341241703881
8790 879 322.1733385671759 314.2916922050138 310.4450583740307 0.1261412038140876
8800 880 322.1858153133438 314.2966344557976 310.4509375669588 0.1263509065635451
8810 881 322.1987990604574 314.3015221647972 310.4568083978077 0.1265632354796075
8820 882 322.2122556470964 314.3063633094126 310.4626708922336 0.1267782037821434
8830 883 322.2261547228449 314.3111641574176 310.4685250468121 0.1269958298028852
8840 884 322.2404693034671 314.3159297761987 310.4743708143645 0.1272161340087256
8850 885 322.2551753782998 314.3206643699369 310.4802080914329 0.1274391372605014
8860 886 322.2702515637263 314.3253715076478 310.4860367098893 0.1276648598162086
8870 887 322.2856787973108 314.3300542802947 310.4918564333712 0.1278933207859875
8880 888 322.3014400678276 314.3347154108018 310.4976669582834 0.128124537862171
8890 889 322.3175201769585 314.33935733221 310.5034679185344 0.1283585272164045
8900 890 322.3339055289484 314.3439822439605 310.5092588929629 0.1285953034971017
8910 891 322.3505839449275 314.3485921529805 310.5150394144248 0.1288348798856709
8920 892 322.3675444990041 314.3531889041103 310.5208089796449 0.1290772681854405
8930 893 322.3847773735753 314.3577742029949 310.5265670591324 0.1293224789269224
8940 894 322.4022737315909 314.3623496336137 310.5323131066552 0.1295705214791766
8950 895 322.4200256037894 314.3669166719668 310.5380465679389 0.1298214041609701
8960 896 322.4380257891367 314.3714766969876 310.5437668884003 0.1300751343479161
8970 897 322.4562677669252 314.3760309994373 310.5494735198315 0.1303317185734199
8980 898 322.4747456191606 314.3805807893136 310.555165926025 0.1305911626222944
8990 899 322.4934539620302 314.3851272021528 310.5608435873947 0.1308534716165971
9000 900 322.5123878853814 314.3896713044957 310.5665060046554 0.1311186500936462
9010 901 322.5315428992805 314.3942140987083 310.5721527016651 0.1313867020764607
9020 902 322.5509148868052 314.3987565272951 310.5777832275319 0.1316576311370154
9030 903 322.5705000623568 314.4032994768057 310.5833971580778 0.131931440452786
9040 904 322.5902949348258 314.4078437814055 310.5889940967626 0.1322081328571153
9050 905 322.6102962750596 314.4123902261636 310.594573675152 0.1324877108839125
9060 906 322.6305010871118 314.4169395500994 310.6001355530103 0.1327701768072247
9070 907 322.6509065828394 314.4214924490151 310.6056794180878 0.1330555326761551
9080 908 322.6715101594495 314.4260495781393 310.6112049856634 0.1333437803456141
9090 909 322.6923093796533 314.4306115545999 310.6167119978952 0.1336349215033238
9100 910 322.7133019541229 314.4351789597405 310.6222002230193 0.1339289576934775
9110 911 322.7344857259716 314.4397523412935 310.6276694544451 0.1342258903374263
9120 912 322.7544677432516 314.4443314856562 310.6331195097653 0.1345255991244557
9130 913 322.7723627084449 314.4489140720253 310.6385502297146 0.134827617397081
9140 914 322.7883933619943 314.4534976869236 310.6439614770948 0.1351314676191657
9150 915 322.8027563877833 314.4580802237584 310.6493531356879 0.1354367276986674
9160 916 322.81562557154 314.4626598453543 310.6547251091661 0.1357430244883443
9170 917 322.8271544873115 314.4672349509769 310.6600773200096 0.1360500280494766
9180 918 322.8374788683902 314.4718041473135 310.6654097084478 0.1363574465890776
9190 919 322.846718699771 314.4763662229446 310.6707222314214 0.1366650219914812
9200 920 322.8549800648482 314.4809201258841 310.6760148615788 0.1369725258744906
9210 921 322.8623567752256 314.4854649438303 310.6812875863033 0.1372797561084678
9220 922 322.8689318091241 314.4899998868003 310.686540406779 0.1375865337439925
9230 923 322.8747785808602 314.4945242718646 310.6917733370943 0.1378927003001041
9240 924 322.8799620612592 314.4990375097329 310.6969864033858 0.1381981153707683
9250 925 322.8845397664984 314.5035390929673 310.7021796430185 0.1385026545122061
9260 926 322.8885626308447 314.5080285856313 310.707353103812 0.1388062073780951
9270 927 322.8920757769235 314.5125056141999 310.7125068432985 0.1391086760735354
9280 928 322.8951191955564 314.5169698595816 310.7176409280259 0.1394099737020885
9290 929 322.8977283457921 314.5214210501188 310.7227554328931 0.1397100230832258
9300 930 322.8999346845056 314.5258589554474 310.7278504405245 0.14000875562017
9310 931 322.9017661338314 314.530283381114 310.732926040678 0.1403061103004738
9320 932 322.9032474937489 314.5346941638587 310.73798232969 0.1406020328137546
9330 933 322.9044008062449 314.5390911674831 310.7430194099464 0.1408964747728293
9340 934 322.9052456767491 314.5434742792329 310.7480373893916 0.1411893930261131
9350 935 322.9057995578673 314.5478434066324 310.7530363810612 0.1414807490505641
9360 936 322.9060779998288 314.552198474716 310.7580165026476 0.1417705084157337
9370 937 322.9060948715611 314.5565394236107 310.7629778760881 0.1420586403105606
9380 938 322.9058625558495 314.5608662064217 310.7679206271804 0.1423451171255555
9390 939 322.9053921216123 314.5651787873895 310.7728448852214 0.1426299140838816
9400 940 322.9046934759899 314.5694771402823 310.7777507826711 0.1429130089155777
9410 941 322.9037754986095 314.5737612469948 310.7826384548337 0.1431943815698804
9420 942 322.9026461601268 314.5780310963292 310.7875080395612 0.1434740139611643
9430 943 322.9013126268831 314.5822866829351 310.7923596769784 0.1437518897445678
9440 944 322.8997813533147 314.5865280063887 310.7971935092214 0.1440279941178098
9450 945 322.898058163547 314.5907550703931 310.8020096801956 0.1443023136461414
9460 946 322.8955413346752 314.5949675636211 310.8068083353502 0.1445747830300996
9470 947 322.8918501408563 314.5991642709498 310.8115896214661 0.1448451869411586
9480 948 322.8870869189656 314.6033439512881 310.8163536864596 0.1451133062919302
9490 949 322.8813422084297 314.6075055107573 310.8211006791988 0.1453789470673287
9500 950 322.8746961770551 314.6116479852624 310.8258307493306 0.1456419373896218
9510 951 322.8672198353744 314.6157705251189 310.830544047122 0.1459021249280276
9520 952 322.8589761084085 314.6198723814916 310.8352407233127 0.1461593746124357
9530 953 322.8500207815927 314.6239528944359 310.8399209289754 0.14641356661552
9540 954 322.8404033356505 314.628011482348 310.8445848153888 0.1466645945717306
9550 955 322.8301676834602 314.6320476326612 310.8492325339154 0.146912364005327
9560 956 322.8193528204239 314.6360608936395 310.8538642358943 0.1471567909429091
9570 957 322.8079933985096 314.6400508671412 310.8584800725351 0.147397800688769
9580 958 322.796120232914 314.6440172022353 310.8630801948248 0.147635326743946
9590 959 322.7849755637072 314.6479602269429 310.8676647534368 0.1478694160804988
9600 960 322.7753553473883 314.6518821204173 310.8722338986526 0.1481004244899338
9610 961 322.7670852251317 314.655785150663 310.8767877802835 0.1483287228561543
9620 962 322.7600113323211 314.6596713231831 310.8813265475997 0.1485546385836833
9630 963 322.7539978041601 314.6635424116868 310.8858503492681 0.1487784607036814
9640 964 322.7489246624793 314.6673999851946 310.8903593332917 0.1490004443802151
9650 965 322.7446859507812 314.6712454319637 310.8948536469543 0.1492208148871471
9660 966 322.7411880883578 314.6750799806056 310.8993334367705 0.1494397711178387
9670 967 322.7383484177565 314.6789047187274 310.9037988484374 0.14965748868255
9680 968 322.736093922864 314.6827206093864 310.908250026794 0.1498741226419875
9690 969 322.7343600975643 314.6865285056155 310.9126871157801 0.1500898099197318
9700 970 322.7330899472933 314.6903291632457 310.9171102584024 0.1503046714312822
9710 971 322.7322331078663 314.6941232522259 310.9215195966991 0.150518813963013
9720 972 322.731745067801 314.6979113666159 310.9259152717112 0.1507323318304088
9730 973 322.7315864819829 314.7016940334081 310.9302974234556 0.150945308341526
9740 974 322.731722565936 314.7054717203179 310.9346661908978 0.1511578170885541
9750 975 322.732122561234 314.7092448426595 310.9390217119334 0.1513699230876741
9760 976 322.73275926369 314.7130137694193 310.9433641233624 0.1515816837850358
9770 977 322.7336086069576 314.7167788286165 310.9476935608754 0.1517931499445828
9780 978 322.7346492950202 314.7205403120387 310.9520101590341 0.1520043664316063
9790 979 322.7358624778395 314.7242984794227 310.9563140512564 0.1522153729042769
9800 980 322.7372314650841 314.7280535621467 310.9606053698055 0.1524262044239639
9810 981 322.7387414734686 314.7318057664926 310.9648842457757 0.1526368919938869
9820 982 322.7403794037558 314.7355552765259 310.9691508090837 0.1528474630345094
9830 983 322.742133643929 314.7393022566404 310.9734051884578 0.1530579418031187
9840 984 322.7439938954766 314.7430468538074 310.9776475114316 0.1532683497641388
9850 985 322.7459510200557 314.7467891995601 310.9818779043379 0.1534787059159685
9860 986 322.7479969041527 314.7505294117504 310.9860964923017 0.1536890270794463
9870 987 322.7501243396264 314.754267596099 310.9903033992363 0.1538993281524618
9880 988 322.752326918262 314.7580038475667 310.9944987478403 0.1541096223346713
9890 989 322.754598938693 314.7617382515656 310.9986826595934 0.1543199213258488
9900 990 322.7569353242448 314.7654708850316 311.0028552547579 0.1545302355009565
9910 991 322.7593315504049 314.7692018173705 311.0070166523736 0.1547405740646758
9920 992 322.7617835808002 314.7729311112968 311.0111669702603 0.1549509451878039
9930 993 322.7642878106784 314.7766588235745 311.0153063250181 0.1551613561276566
9940 994 322.7668410170076 314.7803850056731 311.0194348320267 0.1553718133343461
9950 995 322.7699487244299 314.7841099710927 311.0235526054497 0.1555823670020731
9960 996 322.7739312363069 314.7878347885225 311.0276597582352 0.1557931932593634
9970 997 322.7787041428792 314.7915605465989 311.0317564021198 0.1560044716260726
9980 998 322.7841928243054 314.7952882088808 311.035842647629 0.1562163608397932
9990 999 322.7903312663451 314.7990186284819 311.0399186040863 0.1564290012921867
10000 1000 322.7970610520169 314.8027525609888 311.0439843796129 0.156642517179218
10010 1001 322.8043304716748 314.8064906758624 311.0480400811358 0.1568570183988751
10020 1002 322.8120937375815 314.810233566502 311.0520858143904 0.1570726022260248
10030 1003 322.8203102907102 314.8139817591295 311.0561216839264 0.1572893547905972
10040 1004 322.8289441889333 314.8177357206328 311.0601477931164 0.1575073523821889
10050 1005 322.8379635670377 314.8214958654887 311.0641642441583 0.1577266626014944
10060 1006 322.8473401601436 314.8252625618755 311.0681711380848 0.1579473453765432
10070 1007 322.8570488830512 314.8290361370696 311.0721685747697 0.1581694538596292
10080 1008 322.8670674589746 314.8328168822102 311.0761566529337 0.1583930352189525
10090 1009 322.8773760918415 314.8366050565058 311.0801354701528 0.158618131337336
10100 1010 322.8879571770451 314.8404008909501 311.0841051228664 0.15884477942893
10110 1011 322.8987950461456 314.8442045916014 311.0880657063857 0.1590730125835434
10120 1012 322.9098757415118 314.8480163424803 311.0920173148987 0.1593028602471026
10130 1013 322.921186817401 314.8518363081288 311.0959600414827 0.1595343486457359
10140 1014 322.9327171643679 314.8556646358696 311.0998939781103 0.1597675011601101
10150 1015 322.9444568542623 314.8595014578033 311.1038192156588 0.1600023386558535
10160 1016 322.9563970033986 314.863346892572 311.1077358439192 0.1602388797752378
10170 1017 322.9685296517605 314.8672010469179 311.1116439516065 0.160477141194653
10180 1018 322.9808476563603 314.8710640170598 311.1155436263664 0.1607171378518984
10190 1019 322.9933445970904 314.8749358899115 311.1194349547877 0.1609588831468433
10200 1020 323.0060146936002 314.8788167441561 311.12331802241 0.1612023891185701
10210 1021 323.0188527319004 314.8827066511985 311.127192913734 0.1614476666017687
10220 1022 323.0318539995599 314.8866056760053 311.1310597122321 0.1616947253648177
10230 1023 323.0450142284776 314.8905138778489 311.1349185003579 0.161943574231705
10240 1024 323.0583295443484 314.8944313109658 311.1387693595562 0.1621942211896795
10250 1025 323.0717964220317 314.898358025138 311.1426123702751 0.1624466734843125
10260 1026 323.0854116461319 314.9022940662085 311.1464476119742 0.162700937703449
10270 1027 323.0991722761794 314.9062394765373 311.150275163136 0.1629570198513463
10280 1028 323.1130756158724 314.9101942954052 311.1540951012784 0.1632149254141556
10290 1029 323.1271191858999 314.9141585593709 311.1579075029631 0.1634746594177658
10300 1030 323.1413006999322 314.9181323025892 311.1617124438091 0.1637362264789015
10310 1031 323.1556180434051 314.9221155570901 311.1655099984999 0.163999630850261
10320 1032 323.1700692547604 314.9261083530294 311.1693002407993 0.164264876460408
10330 1033 323.1846525088715 314.9301107189089 311.1730832435594 0.1645319669490208
10340 1034 323.1993661023865 314.9341226817722 311.1768590787345 0.1648009056980438
10350 1035 323.2161632833034 314.9431798744521 311.1806278173891 0.1650274196055242
10360 1036 323.2422376095066 314.9542584359459 311.1843895297167 0.1652194026290286
10370 1037 323.2740985640172 314.9629370940857 311.1881442850392 0.1654196950664459
10380 1038 323.3089758757211 314.970334434703 311.1918921518294 0.165625619621082
10390 1039 323.3453913163614 314.9770495409732 311.1956331977179 0.165835730138339
10400 1040 323.3825582247539 314.9834033407623 311.1993674895065 0.1660492401564716
10410 1041 323.4200600124448 314.9895678275601 311.2030950931813 0.1662657169235143
10420 1042 323.4536827280769 314.9955960146152 311.2068160739244 0.1664848982714627
10430 1043 323.4806638428669 315.0014146277707 311.2105304961282 0.1667064869924662
10440 1044 323.5013642719321 315.0069713891679 311.2142384234112 0.1669300916366288
10450 1045 323.5160670327518 315.0122416374404 311.2179399186368 0.1671552751631999
10460 1046 323.5275756379941 315.0172405662035 311.2216350439312 0.1673815972026233
10470 1047 323.5378021373456 315.0220447720436 311.2253238607023 0.1676087054038754
10480 1048 323.5466713421927 315.0267067098279 311.2290064296645 0.1678363513215343
10490 1049 323.5541647640953 315.0312552808845 311.2326828108668 0.1680643469990292
10500 1050 323.5602933345477 315.0357067462774 311.2363530637147 0.1682925389445369
10510 1051 323.5650829439332 315.0400705710441 311.2400172469987 0.1685207941155708
10520 1052 323.5701207903684 315.044367814756 311.2436754189234 0.1687489998349553
10530 1053 323.5764738122982 315.0486500597268 311.2473276371366 0.1689771055066686
10540 1054 323.5840169669522 315.0529507356306 311.2509739587611 0.1692051250760321
10550 1055 323.5926670567006 315.0572871573645 311.2546144404251 0.1694331070170612
10560 1056 323.6023638525125 315.0616680345155 311.258249138292 0.1696611166982115
10570 1057 323.6130600301589 315.066097491119 311.261878108087 0.1698892270043054
10580 1058 323.6247157577485 315.0705772170118 311.2655014051306 0.1701175133763418
10590 1059 323.6372957746069 315.0751076188527 311.2691190843641 0.1703460512142226
10600 1060 323.6507678050041 315.0796884355889 311.2727312003792 0.1705749145422418
10610 1061 323.6651016874664 315.084319067214 311.2763378074404 0.1708041753483994
10620 1062 323.680268888082 315.0889987500511 311.2799389595133 0.1710339032823066
10630 1063 323.6962422202295 315.0937266498946 311.2835347102832 0.1712641655429993
10640 1064 323.7129956756219 315.0985019112045 311.2871251131794 0.1714950268664162
10650 1065 323.7305043157072 315.1033236827973 311.2907102213936 0.1717265495643294
10660 1066 323.7487441961135 315.1081911309806 311.2942900878975 0.1719587935889648
10670 1067 323.7676923094865 315.1131034459924 311.2978647654603 0.1721918166096231
10680 1068 323.7873265388496 315.1180598448789 311.3014343066628 0.1724256740940174
10690 1069 323.807625617237 315.1230595724908 311.3049987639116 0.1726604193905203
10700 1070 323.8285690913078 315.1281019014943 311.3085581894497 0.172896103809333
10710 1071 323.8501372876789 315.1331861318761 311.3121126353706 0.1731327767015795
10720 1072 323.8723112812912 315.1383115901992 311.3156621536252 0.1733704855358615
10730 1073 323.8950728654028 315.1434776287447 311.3192067960317 0.1736092759720677
10740 1074 323.9184045229815 315.148683624611 311.3227466142828 0.1738491919324018
10750 1075 323.9422893993487 315.1539289788097 311.3262816599532 0.1740902756696482
10760 1076 323.9667112759757 315.1592131153765 311.3298119845068 0.1743325678327471
10770 1077 323.9916545453603 315.1645354805059 311.3333376392979 0.1745761075297622
10780 1078 324.0171041869257 315.1698955417162 311.3368586755817 0.1748209323883326
10790 1079 324.0430457438931 315.1752927870448 311.3403751445156 0.1750670786137085
10800 1080 324.0694653010879 315.1807267242748 311.3438870971622 0.17531458104446
10810 1081 324.0963494636327 315.1861968801916 311.3473945844966 0.1755634732059539
10820 1082 324.1236853364978 315.1917027998695 311.3508976574054 0.1758137873616912
10830 1083 324.1514605048681 315.1972440459879 311.3543963666954 0.1760655545625858
10840 1084 324.1796630153006 315.2028201981728 311.35789076309 0.1763188046942694
10850 1085 324.2082813576259 315.2084308523675 311.3613808972385 0.1765735665225053
10860 1086 324.2373044475846 315.2140756202255 311.3648668197154 0.1768298677367872
10870 1087 324.2659285008936 315.2197463404318 311.3683485810237 0.1770877311653635
10880 1088 324.2936172462669 315.2254182740191 311.3718262315988 0.1773471514155346
10890 1089 324.3204436156159 315.2310754038651 311.3752998218121 0.1776080924898705
10900 1090 324.3464594726515 315.2367096402448 311.3787694019732 0.1778705024799486
10910 1091 324.371704936619 315.2423171201222 311.3822350223333 0.1781343222140263
10920 1092 324.3962133594372 315.2478962264381 311.3856967330883 0.1783994898371508
10930 1093 324.4200140096037 315.2534465282807 311.3891545843834 0.1786659432154635
10940 1094 324.4431335274996 315.258968214083 311.3926086263161 0.1789336211774898
10950 1095 324.4655967221483 315.2644617887632 311.3960589089409 0.1792024641346029
10960 1096 324.4874270146767 315.2699279121608 311.3995054822731 0.1794724143708643
10970 1097 324.5086466919306 315.2753673130967 311.4029483962921 0.1797434161575667
10980 1098 324.5275060875184 315.2807633534956 311.4063877009469 0.1800154072304466
10990 1099 324.5428511121048 315.2860623454225 311.40982344616 0.180288266513531
11000 1100 324.554886329231 315.2912300324317 311.4132556818332 0.1805618086605704
11010 1101 324.5637676750544 315.2962498106691 311.4166844578473 0.1808358167216479
11020 1102 324.5696233487475 315.3011144636901 311.4201098240773 0.1811100613078161
11030 1103 324.572564990289 315.3058217396317 311.423531830388 0.1813843106750435
11040 1104 324.5726937328495 315.3103719855395 311.426950526639 0.1816583359533752
11050 1105 324.5701035082418 315.3147668830264 311.4303659626939 0.1819319137836272
11060 1106 324.5648828790238 315.3190087735032 311.4337781884206 0.1822048275726062
11070 1107 324.5571160792494 315.3231002989853 311.4371872536955 0.1824768680149763
11080 1108 324.546883629117 315.3270442117761 311.4405932084127 0.1827478332285157
11090 1109 324.534262719179 315.3308432744871 311.4439961024784 0.1830175286881791
11100 1110 324.5262779685242 315.3345684602047 311.4473959858175 0.1832858005948347
11110 1111 324.5276101811555 315.3384360824827 311.4507929083804 0.1835527407252014
11120 1112 324.5376019220089 315.34258606357 311.4541869201403 0.1838187074217066
11130 1113 324.555780966993 315.3470888872275 311.4575780710945 0.1840841969016237
11140 1114 324.5817785822821 315.3519780248944 311.4609664112634 0.184349767539807
11150 1115 324.6004580372042 315.3571216854907 311.4643519906916 0.18461592824489
11160 1116 324.6017129517523 315.362067500666 311.4677348594429 0.1848826799636989
11170 1117 324.5868430015831 315.3665204962864 311.4711150676064 0.1851494595669689
11180 1118 324.5668007948228 315.3704294632453 311.4744926652792 0.185415456910464
11190 1119 324.5489449947997 315.3740306129571 311.4778677025703 0.1856800694860727
11200 1120 324.5328069878857 315.377491127131 311.4812402295909 0.1859430171095573
11210 1121 324.5181160710412 315.3808997971867 311.484610296448 0.1862042006203237
11220 1122 324.504707863138 315.3843034711933 311.4879779532372 0.1864636157754682
11230 1123 324.4924756753567 315.3877265669594 311.4913432500329 0.1867213072281746
11240 1124 324.4813444435326 315.3911815185003 311.4947062368802 0.1869773439645148
11250 1125 324.4712567417184 315.3946743681612 311.4980669637785 0.1872318062262001
11260 1126 324.4621652653751 315.3982077597075 311.5014254806839 0.1874847785800342
11270 1127 324.4540287796528 315.4017825398998 311.5047818374864 0.1877363462754946
11280 1128 324.4468099240008 315.4053986150768 311.508136084001 0.1879865933600336
11290 1129 324.4404740117453 315.4090554088991 311.5114882699558 0.1882356017328283
11300 1130 324.4349883633905 315.4127521065876 311.5148384449801 0.188483450698425
11310 1131 324.4303219266486 315.4164877848843 311.5181866585888 0.1887302167855937
11320 1132 324.4264450509177 315.4202614808636 311.5215329601684 0.1889759737058219
11330 1133 324.423329345346 315.4240722280343 311.5248773989628 0.1892207923843285
11340 1134 324.4209475824971 315.4279190749621 311.5282200240571 0.1894647410277429
11350 1135 324.4192736272557 315.4318010945634 311.5315608843613 0.1897078852093469
11360 1136 324.4182823800344 315.4357173884328 311.5349000285942 0.1899502879617323
11370 1137 324.4179497283872 315.4396670885387 311.5382375052668 0.1901920098715307
11380 1138 324.418252503852 315.4436493575375 311.5415733626641 0.1904331091734185
11390 1139 324.4191684422852 315.4476633883721 311.5449076488285 0.1906736418419876
11400 1140 324.4206761467389 315.4517084035117 311.5482404115407 0.1909136616807919
11410 1141 324.4227550523258 315.4557836540224 311.5515716983037 0.1911532204082744
11420 1142 324.4253853927792 315.4598884185692 311.5549015563251 0.1913923677404717
11430 1143 324.4285481684931 315.464022002403 311.5582300324987 0.1916311514705168
11440 1144 324.4322251159318 315.4681837363575 311.5615571733877 0.1918696175450032
11450 1145 324.4363986783103 315.4723729758729 311.5648830252064 0.1921078101373035
11460 1146 324.4410519774744 315.4765891000512 311.5682076338061 0.1923457717179527
11470 1147 324.446168786923 315.4808315107452 311.571531044657 0.1925835431222025
11480 1148 324.4517335059249 315.4850996316844 311.5748533028336 0.1928211636148547
11490 1149 324.4577311346738 315.4893929076342 311.5781744529981 0.193058670952489
11500 1150 324.464147250448 315.4937108035895 311.5814945393889 0.1932961014431805
11510 1151 324.4709679847259 315.4980528040019 311.5848136058024 0.1935334900038173
11520 1152 324.4781800012216 315.5024184120372 311.5881316955845 0.1937708702151066
11530 1153 324.485770474803 315.5068071488648 311.5914488516152 0.1940082743743697
11540 1154 324.4937270712556 315.511188952718 311.5947651162976 0.1942459675467756
11550 1155 324.5020379278601 315.5151859301161 311.5980805314504 0.1944869634789971
11560 1156 324.5106916347371 315.5191444002375 311.6013951351231 0.1947285497608411
