"report-file-0"
"Time Step" "flow-time etc.."
("Time Step" "flow-time" "it" "pt" "ot" "lf")
0 0 300.0000000000001 300 300 0
10 1 300.1525557612808 300.0021894000146 300.0000000000001 0
20 2 300.2918875961592 300.007445326143 300.0000000000001 0
30 3 300.4240255525659 300.014854913104 300.000000000003 0
40 4 300.5508747997543 300.0238813174279 300.000000000049 0
50 5 300.6736121845097 300.0341927987099 300.0000000004037 0
60 6 300.7930046022717 300.0455730921281 300.0000000022205 0
70 7 300.9095793417174 300.0578734443451 300.0000000092056 0
80 8 301.0237176061553 300.0709862740376 300.0000000309639 0
90 9 301.1357074374584 300.0848302610136 300.0000000886371 0
100 10 301.2457747165888 300.0993416073453 300.0000002232584 0
110 11 301.3541020202051 300.1144687174009 300.0000005068946 0
120 12 301.460840551853 300.1301688275903 300.0000010563144 0
130 13 301.5661179942829 300.1464057844989 300.0000020485904 0
140 14 301.6700438751989 300.163148523293 300.0000037378459 0
150 15 301.7727133625702 300.1803699887311 300.0000064722439 0
160 16 301.8742100328226 300.1980463460952 300.0000107103452 0
170 17 301.9746079446278 300.2161563886518 300.0000170360266 0
180 18 302.0739732286112 300.2346810826462 300.0000261713328 0
190 19 302.172365330222 300.2536032113601 300.0000389867877 0
200 20 302.2698379979823 300.272907092355 300.0000565088845 0
210 21 302.3664400808075 300.292578349994 300.000079924648 0
220 22 302.4622161794736 300.3126037305051 300.0001105832949 0
230 23 302.5572071848698 300.3329709503128 300.0001499951559 0
240 24 302.6514507270917 300.3536685707326 300.0001998280871 0
250 25 302.7449815534594 300.3746858937897 300.0002619016753 0
260 26 302.8378318492215 300.3960128751213 300.00033817956 0
270 27 302.9300315115928 300.4176400507966 300.0004307602157 0
280 28 303.0216083854413 300.4395584755512 300.0005418665332 0
290 29 303.1125884672018 300.4617596704246 300.0006738345064 0
300 30 303.202996082275 300.4842355781834 300.0008291013312 0
310 31 303.2928540401355 300.5069785252098 300.0010101931667 0
320 32 303.3821837705848 300.5299811887776 300.0012197127965 0
330 33 303.4710054439705 300.5532365688276 300.0014603273752 0
340 34 303.5593380776801 300.5767379635106 300.0017347564351 0
350 35 303.6471996308396 300.600478947894 300.0020457602716 0
360 36 303.734607088821 300.6244533553253 300.0023961288236 0
370 37 303.821576538904 300.6486552610373 300.0027886711156 0
380 38 303.9081232382308 300.6730789676441 300.0032262053259 0
390 39 303.9942616750243 300.6977189922387 300.0037115495173 0
400 40 304.080005623879 300.7225700548486 300.0042475130462 0
410 41 304.1653681958398 300.7476270680461 300.004836888663 0
420 42 304.2503618838729 300.7728851275446 300.0054824452965 0
430 43 304.3349986042405 300.798339503637 300.0061869215139 0
440 44 304.419289734246 300.8239856333583 300.0069530196303 0
450 45 304.5032461467309 300.849819113273 300.00778340045 0
460 46 304.5868782416725 300.8758356928014 300.0086806786068 0
470 47 304.6701959751805 300.9020312680161 300.0096474184701 0
480 48 304.7532088861608 300.9284018758488 300.0106861305894 0
490 49 304.8359261208672 300.9549436886588 300.0117992686364 0
500 50 304.9183564555602 300.981653009118 300.0129892268156 0
510 51 305.0005083174433 301.0085262653814 300.0142583377053 0
520 52 305.0823898040388 301.0355600065085 300.0156088704958 0
530 53 305.1640087011592 301.0627508981141 300.017043029598 0
540 54 305.2453724995796 301.0900957182239 300.0185629535842 0
550 55 305.3264884105448 301.1175913533186 300.020170714432 0
560 56 305.4073633802063 301.1452347945488 300.02186831705 0
570 57 305.4880041030743 301.1730231341091 300.0236576990473 0
580 58 305.5684170345807 301.2009535617581 300.0255407307349 0
590 59 305.6486084028165 301.2290233614749 300.0275192153239 0
600 60 305.7285842195161 301.2572299082436 300.0295948893056 0
610 61 305.8083502903417 301.2855706649572 300.0317694229925 0
620 62 305.8879122245378 301.3140431794351 300.0340444211985 0
630 63 305.967275443988 301.3426450815468 300.0364214240429 0
640 64 306.0464451917313 301.3713740804388 300.0389019078678 0
650 65 306.125426539974 301.4002279618563 300.0414872862393 0
660 66 306.2042243976338 301.4292045855594 300.0441789110387 0
670 67 306.2828435174561 301.4583018828258 300.0469780736175 0
680 68 306.3612885027263 301.4875178540405 300.0498860060089 0
690 69 306.4395638136072 301.5168505663652 300.0529038821899 0
700 70 306.517673773142 301.5462981514863 300.0560328193799 0
710 71 306.5956225729177 301.57585880344 300.0592738793684 0
720 72 306.6734142784434 301.6055307765074 300.0626280698669 0
730 73 306.7510528342389 301.6353123831817 300.066096345878 0
740 74 306.8285420686661 301.6652019922032 300.0696796110713 0
750 75 306.9058856985152 301.6951980266576 300.0733787191664 0
760 76 306.9830873333566 301.7252989621404 300.0771944753195 0
770 77 307.0601504796903 301.7555033249797 300.0811276374998 0
780 78 307.137078544877 301.7858096905197 300.0851789178629 0
790 79 307.213874840898 301.8162166814611 300.0893489841107 0
800 80 307.2905425879254 301.8467229662558 300.0936384608394 0
810 81 307.367084917729 301.8773272575559 300.0980479308722 0
820 82 307.4435048769296 301.9080283107149 300.10257793657 0
830 83 307.5198054300993 301.9388249223371 300.1072289811237 0
840 84 307.5959894627223 301.9697159288775 300.1120015298287 0
850 85 307.6720597840327 302.000700205287 300.1168960113295 0
860 86 307.748019129712 302.0317766637041 300.1219128188469 0
870 87 307.8238701644865 302.0629442521895 300.1270523113737 0
880 88 307.8996154846005 302.0942019535037 300.1323148148489 0
890 89 307.975257620192 302.1255487839255 300.1377006233051 0
900 90 308.0507990375643 302.1569837921103 300.1432099999894 0
910 91 308.1262421413643 302.1885060579867 300.1488431784535 0
920 92 308.201589276671 302.2201146916908 300.1546003636216 0
930 93 308.2768427309984 302.2518088325352 300.1604817328286 0
940 94 308.3520047362189 302.2835876480145 300.1664874368311 0
950 95 308.4270774704078 302.3154503328432 300.1726176007911 0
960 96 308.5020630596159 302.3473961080263 300.1788723252332 0
970 97 308.5769635795713 302.3794242199619 300.1852516869747 0
980 98 308.6517810573143 302.411533939574 300.1917557400298 0
990 99 308.7226884351855 302.4436846339668 300.1983845164867 0
1000 100 308.7871474262297 302.475739189093 300.2051380273603 0
1010 101 308.8455556099919 302.5075854141795 300.2120162634164 0
1020 102 308.8982008450635 302.5391419518696 300.219019195975 0
1030 103 308.9453049187158 302.5703460753542 300.2261467776792 0
1040 104 308.9870475562735 302.6011469258759 300.2333989432267 0
1050 105 309.0235802006757 302.6315016303866 300.2407756100245 0
1060 106 309.0589157280482 302.6614134549278 300.248276678704 0
1070 107 309.0957456431559 302.6909877057849 300.2559020334189 0
1080 108 309.1337737897503 302.7203077130486 300.263651541803 0
1090 109 309.1728059518614 302.7494281902924 300.2715250544666 0
1100 110 309.2127072466694 302.7783871419017 300.2795224039275 0
1110 111 309.2533789994684 302.8072123762986 300.2876434028843 0
1120 112 309.2947457015063 302.8359251808887 300.2958878418068 0
1130 113 309.336747388224 302.8645424710617 300.3042554858737 0
1140 114 309.379335006915 302.8930780975361 300.3127460713692 0
1150 115 309.4224674826254 302.9215436754973 300.3213593016941 0
1160 116 309.4671160407086 302.9499596256497 300.3300948432088 0
1170 117 309.5139179205615 302.9783704194938 300.338952321123 0
1180 118 309.562742577657 303.0068129433666 300.3479313156589 0
1190 119 309.6134913594674 303.0353151430155 300.3570313586843 0
1200 120 309.666085509562 303.0638993799018 300.3662519309736 0
1210 121 309.7204594523218 303.0925843238115 300.3755924602099 0
1220 122 309.7765568518977 303.121386063958 300.3850523198108 0
1230 123 309.8343281916936 303.1503187914662 300.3946308286075 0
1240 124 309.8937292140651 303.179395239132 300.4043272513876 0
1250 125 309.9547198647791 303.208626978551 300.41414080028 0
1260 126 310.0172635458245 303.2380246299546 300.424070636948 0
1270 127 310.0813265647013 303.2675980162913 300.4341158755244 0
1280 128 310.1468777142963 303.2973562801563 300.4442755862289 0
1290 129 310.213887943055 303.3273079749591 300.454548799577 0
1300 130 310.2823300899046 303.3574611375781 300.4649345110933 0
1310 131 310.3521786670954 303.3878233472914 300.4754316864385 0
1320 132 310.423409679467 303.4184017742704 300.4860392668428 0
1330 133 310.4960004720632 303.4492032199647 300.4967561747565 0
1340 134 310.5699296002234 303.4802341510772 300.5075813196189 0
1350 135 310.6451767177859 303.5115007284018 300.5185136036658 0
1360 136 310.7217224801021 303.5430088314971 300.5295519276788 0
1370 137 310.7995484592839 303.5747640799535 300.5406951966265 0
1380 138 310.8786370696896 303.606771851851 300.5519423251198 0
1390 139 310.9589715020247 303.6390372998875 300.56329224263 0
1400 140 311.0405356647708 303.6715653655622 300.5747438984402 0
1410 141 311.121795626289 303.7043449574256 300.5862962662813 0
1420 142 311.2017291875393 303.7373265253514 300.5979483486403 0
1430 143 311.2804790384671 303.7704702169843 300.6096991807161 0
1440 144 311.3581449114689 303.8037482308966 300.6215478340212 0
1450 145 311.4348008566999 303.8371399856997 300.6334934196204 0
1460 146 311.5105047316802 303.8706294459502 300.6455350910043 0
1470 147 311.5853036367861 303.9042035896271 300.657672046591 0
1480 148 311.6592371544086 303.9378514942658 300.6699035318455 0
1490 149 311.7323393644681 303.9715637679299 300.6822288409911 0
1500 150 311.8046401557772 304.005332178769 300.6946473182812 0
1510 151 311.87616611731 304.0391494031792 300.7071583588066 0
1520 152 311.9469411690159 304.0730088476201 300.7197614088065 0
1530 153 312.016987024677 304.1069045180334 300.7324559654591 0
1540 154 312.0863235422395 304.1408309212486 300.7452415761506 0
1550 155 312.1549689960085 304.1747829886759 300.7581178372299 0
1560 156 312.2229402928226 304.2087560160447 300.7710843922672 0
1570 157 312.2902531468963 304.2427456150222 300.7841409298616 0
1580 158 312.3569222234216 304.2767476738451 300.7972871810428 0
1590 159 312.4229612580634 304.3107583249266 300.8105229163262 0
1600 160 312.4883831575005 304.3447739179476 300.8238479424858 0
1610 161 312.5532000848497 304.3787909973265 300.837262099113 0
1620 162 312.6174235328655 304.4128062832141 300.8507652550204 0
1630 163 312.6810643871312 304.4468166553599 300.864357304564 0
1640 164 312.7441329809903 304.4808191393303 300.8780381639315 0
1650 165 312.8066391435743 304.5148108946682 300.8918077674563 0
1660 166 312.8685922420405 304.5487892046596 300.9056660639982 0
1670 167 312.9300012188933 304.5827514674415 300.9196130134343 0
1680 168 312.9908746251193 304.616695188229 300.9336485832901 0
1690 169 313.0512206497314 304.6506179724818 300.947772745533 0
1700 170 313.1110471462079 304.684517519863 300.9619854735544 0
1710 171 313.1703616562472 304.7183916188652 300.976286739348 0
1720 172 313.2291714311792 304.7522381420017 300.9906765109014 0
1730 173 313.2874834513259 304.786055041481 301.0051547497915 0
1740 174 313.3453044435578 304.8198403452894 301.0197214090006 0
1750 175 313.4026408972637 304.8535921536254 301.0343764309428 0
1760 176 313.4594990789109 304.8873086356353 301.0491197456938 0
1770 177 313.5158850453556 304.9209880264099 301.0639512694245 0
1780 178 313.5718046560331 304.9546286242056 301.0788709030265 0
1790 179 313.6272635841615 304.988228787861 301.0938785309175 0
1800 180 313.6822673270427 305.0217869343872 301.1089740200229 0
1810 181 313.7368212155651 305.0553015367066 301.1241572189193 0
1820 182 313.79093042298 305.0887711215265 301.1394279571277 0
1830 183 313.8445999730258 305.1221942673313 301.1547860445497 0
1840 184 313.8978347474621 305.1555696024799 301.1702312710322 0
1850 185 313.9500675080366 305.188889838993 301.185763406051 0
1860 186 314.0009234125391 305.2221333193827 301.2013821985063 0
1870 187 314.0504660652724 305.2552821506272 301.2170873766128 0
1880 188 314.098742569947 305.288323085578 301.2328786478861 0
1890 189 314.1457900551879 305.3212456986906 301.2487556992028 0
1900 190 314.1916392658262 305.3540413745002 301.2647181969368 0
1910 191 314.2363166257457 305.3867027263923 301.2807657871479 0
1920 192 314.2798454722161 305.4192232486606 301.2968980958112 0
1930 193 314.3222468282169 305.4515970986822 301.3131147290728 0
1940 194 314.3635399085441 305.4838189540965 301.3294152734956 0
1950 195 314.403742466801 305.5158839148359 301.3457992962822 0
1960 196 314.4428710434826 305.5477874330625 301.3622663454476 0
1970 197 314.4809411500639 305.5795252611803 301.378815949923 0
1980 198 314.517967410053 305.6110934120272 301.3954476195753 0
1990 199 314.5539636700037 305.6424881275841 301.4121608451339 0
2000 200 314.588943088884 305.6737058538363 301.4289550980271 0
2010 201 314.6229182113709 305.7047432202151 301.4458298301278 0
2020 202 314.6559010289202 305.7355970225271 301.4627844734184 0
2030 203 314.6879030313296 305.7662642086012 301.4798184395896 0
2040 204 314.7189352507758 305.796741866084 301.4969311195874 0
2050 205 314.7490082997984 305.8270272119618 301.5141218831265 0
2060 206 314.7781324043472 305.8571175834861 301.531390078185 0
2070 207 314.8063174327514 305.8870104302491 301.5487350305035 0
2080 208 314.8335729212991 305.9167033072122 301.5661560430953 0
2090 209 314.8599080969466 305.9461938685288 301.5836523957917 0
2100 210 314.8863759595315 305.9754907490483 301.6012233448236 0
2110 211 314.9136778171025 306.0046289860617 301.6188681224636 0
2120 212 314.941714189874 306.033636911328 301.6365859367219 0
2130 213 314.9704152644132 306.0625345352883 301.6543759711099 0
2140 214 314.9997290055971 306.0913368705015 301.6722373844784 0
2150 215 315.0296146226688 306.1200557719644 301.6901693109297 0
2160 216 315.0600388235941 306.1487009923687 301.708170859819 0
2170 217 315.0909735802979 306.1772808118536 301.7262411158548 0
2180 218 315.122394735901 306.2058024305417 301.7443791393322 0
2190 219 315.1542810967184 306.2342722244313 301.7625839665122 0
2200 220 315.1866138136354 306.2626959196521 301.7808546101903 0
2210 221 315.2193759430567 306.291078716001 301.7991900604742 0
2220 222 315.2525521237719 306.3194253776803 301.8175892857971 0
2230 223 315.2861283315876 306.3477403019837 301.8360512341788 0
2240 224 315.3200916880378 306.376027572606 301.8545748347358 0
2250 225 315.35443030794 306.4042910018744 301.8731589994345 0
2260 226 315.3891331756619 306.4325341647697 301.8918026250682 0
2270 227 315.4241900431323 306.4607604267129 301.91050459543 0
2280 228 315.4595913446733 306.4889729665234 301.9292637836513 0
2290 229 315.4953281250818 306.5171747955746 301.9480790546648 0
2300 230 315.5313919783079 306.5453687739112 301.9669492677561 0
2310 231 315.5677749947268 306.5735576239177 301.9858732791606 0
2320 232 315.6044697154513 306.601743941988 302.0048499446734 0
2330 233 315.6414690924884 306.6299302085559 302.0238781222308 0
2340 234 315.6787664537771 306.6581187967699 302.0429566744394 0
2350 235 315.716355472341 306.6863119800437 302.0620844710164 0
2360 236 315.7542301389353 306.7145119386667 302.0812603911281 0
2370 237 315.7923847376931 306.7427207656255 302.100483325601 0
2380 238 315.8308138243326 306.7709404717647 302.1197521789936 0
2390 239 315.8695122065944 306.7991729903866 302.1390658715215 0
2400 240 315.9084749266185 306.8274201813767 302.1584233408214 0
2410 241 315.9476972450002 306.8556838349262 302.1778235435608 0
2420 242 315.9871746263437 306.8839656749086 302.1972654568834 0
2430 243 316.0269027261151 306.9122673619617 302.2167480796992 0
2440 244 316.0668773786522 306.9405904963159 302.2362704338114 0
2450 245 316.1070945862078 306.9689366204009 302.2558315649027 0
2460 246 316.147550508901 306.9973072212636 302.2754305433684 0
2470 247 316.1882414554937 307.0257037328178 302.2950664650157 0
2480 248 316.2291638748912 307.0541275379501 302.314738451634 0
2490 249 316.2703143483103 307.0825799704936 302.3344456514383 0
2500 250 316.3116895820348 307.111062317091 302.3541872394036 0
2510 251 316.3532864007123 307.1395758189533 302.3739624174935 0
2520 252 316.3951017411322 307.1681216735287 302.3937704147866 0
2530 253 316.4371326464499 307.1967010360877 302.4136104875205 0
2540 254 316.4793762608063 307.2253150212347 302.4334819190518 0
2550 255 316.5218298243203 307.2539647043502 302.45338401974 0
2560 256 316.5644906684057 307.2826511229708 302.4733161267709 0
2570 257 316.6073562114004 307.3113752781113 302.4932776039134 0
2580 258 316.6504239544773 307.340138135532 302.513267841231 0
2590 259 316.693691477805 307.3689406269579 302.5332862547409 0
2600 260 316.7371564369495 307.397783651249 302.5533322860353 0
2610 261 316.7808165594935 307.426668075528 302.573405401862 0
2620 262 316.8246696418566 307.4555947362647 302.5935050936808 0
2630 263 316.868637974974 307.4840828705571 302.6136308771895 3.984978158651449e-06
2640 264 316.9100992932418 307.5094798510717 302.6337822918258 3.883135201183427e-05
2650 265 316.9480974482545 307.5344673758478 302.6539589002556 8.541975704638084e-05
2660 266 316.98306480118 307.5591105984235 302.6741602878339 0.0001422707499802393
2670 267 317.0153799717263 307.5834568910391 302.6943860619843 0.0002081654136590509
2680 268 317.0453749527694 307.6075416797224 302.7146358513417 0.0002820833343157384
2690 269 317.0733411312353 307.6313921551174 302.7349093043407 0.0003631598257842925
2700 270 317.0995344336569 307.6550296879321 302.7552060868946 0.0004506553515759294
2710 271 317.1241797571983 307.6784714386901 302.7755258788679 0.0005439329161853743
2720 272 317.1474748064328 307.7017314559556 302.7958683691903 0.0006424408321799165
2730 273 317.1695934289677 307.7248214428826 302.8162332496826 0.000745699233343306
2740 274 317.1906885239991 307.7477513040496 302.8366202078431 0.0008532892824243215
2750 275 317.210894584123 307.7705295435965 302.8570289189747 0.0009648443760093976
2760 276 317.2303299203832 307.7931635605636 302.8774590380982 0.001080042870340154
2770 277 317.2490986125471 307.8156598716807 302.8979101921126 0.001198601993525705
2780 278 317.2672922202774 307.838024281923 302.9183819725839 0.001320272702396933
2790 279 317.2849912856994 307.8602620167511 302.9388739294882 0.001444835304666902
2800 280 317.3022666536433 307.8823778257546 302.9593855661221 0.001572095710052925
2810 281 317.3191806322708 307.9043760646178 302.979916335308 0.001701882204458438
2820 282 317.3357880138258 307.9262607604207 303.0004656369326 0.001834042663353216
2830 283 317.3521369726699 307.9480356639817 303.0210328167796 0.001968442136848704
2840 284 317.3682698555874 307.9697042920176 303.0416171665719 0.002104960751374504
2850 285 317.3842238774445 307.9912699612375 303.0622179250961 0.002243491882450236
2860 286 317.4000317336728 308.0127358160045 303.0828342802621 0.002383940560593727
2870 287 317.4157221395982 308.0341048508404 303.1034653719382 0.00252622207844517
2880 288 317.4313203054317 308.0553799287829 303.1241102954028 0.002670260772075235
2890 289 317.4468483546457 308.0765637963919 303.1447681052637 0.002815988953454949
2900 290 317.4623256925125 308.097659096049 303.1654378197027 0.00296334597438855
2910 291 317.4777693307772 308.1186683760642 303.1861184249228 0.003112277404974681
2920 292 317.4931941737022 308.1395940990076 303.2068088796858 0.003262734312005156
2930 293 317.5086132700898 308.1604386486019 303.2275081198551 0.003414672624682969
2940 294 317.5240380353416 308.1812043354515 303.2482150628632 0.003568052576723575
2950 295 317.5394784471214 308.2018934018286 303.2689286120427 0.003722838215330457
2960 296 317.5549432177594 308.2225080256986 303.289647660778 0.003878996968790151
2970 297 317.5704399461698 308.2430503241306 303.3103710964401 0.004036499265475996
2980 298 317.5859752517081 308.2635223562129 303.3310978040772 0.004195318197975195
2990 299 317.6015548921182 308.2839261255691 303.3518266698514 0.004355429226848297
3000 300 317.6171838674577 308.3042635825545 303.3725565842087 0.004516809919214919
3010 301 317.6328665116623 308.3245366261947 303.3932864447791 0.004679439717964639
3020 302 317.6486065732183 308.3447471059174 303.4140151590132 0.004843299737903349
3030 303 317.6644072862324 308.3648968231191 303.4347416465612 0.005008372585608787
3040 304 317.6802714330431 308.384987532599 303.4554648413962 0.005174642200157094
3050 305 317.696201399369 308.4050209438859 303.4761836937009 0.005342093712239311
3060 306 317.7121992228837 308.4249987224798 303.4968971715308 0.005510713319477793
3070 307 317.7282666359958 308.444922491024 303.5176042622577 0.005680488176019067
3080 308 317.7444051035189 308.4647938304201 303.5383039738222 0.005851406294726419
3090 309 317.7606158558435 308.4846142808979 303.5589953357933 0.006023456460471974
3100 310 317.7768999181313 308.5043853430457 303.5796774002631 0.006196628153235241
3110 311 317.793258136022 308.5241084788092 303.6003492425825 0.006370911479851422
3120 312 317.8096911982496 308.543785112462 303.6210099619531 0.006546297113398537
3130 313 317.8261996565462 308.5634166315522 303.6416586818879 0.006722776239330345
3140 314 317.8427839431466 308.5830043878276 303.6622945505571 0.006900340507571937
3150 315 317.859444386187 308.6025496981399 303.6829167410216 0.007078981989885495
3160 316 317.8761812232409 308.6220538453328 303.7035244513738 0.007258693141891626
3170 317 317.8929946132199 308.6415180791108 303.72411690479 0.00743946676921545
3180 318 317.9098846468261 308.660943616892 303.7446933495076 0.007621295997273477
3190 319 317.926851355737 308.6803316446449 303.7652530587322 0.007804174244291836
3200 320 317.9436637939428 308.6996831895149 303.7857953304831 0.007988075059610454
3210 321 317.9601752371294 308.7189988490615 303.8063194873904 0.008172915185997833
3220 322 317.9764228688319 308.7382791066328 303.8268248764392 0.008358610390375066
3230 323 317.9924394981005 308.7575244159329 303.8473108686755 0.008545086317977742
3240 324 318.0082540887473 308.7767352102085 303.8677768588792 0.008732277281017895
3250 325 318.0238922094977 308.7959119084547 303.8882222652038 0.008920125205260952
3260 326 318.039376431201 308.8150549196021 303.9086465287911 0.009108578710923635
3270 327 318.054726677394 308.8341646453125 303.9290491133638 0.009297592308848256
3280 328 318.0699605337336 308.8532414818093 303.9494295047999 0.009487125696251332
3290 329 318.0850935211691 308.872285821031 303.9697872106912 0.009677143138894839
3300 330 318.1001393371156 308.8912980513113 303.9901217598856 0.00986761292852377
3310 331 318.115110068402 308.9102785577272 304.0104327020206 0.01005850690602915
3320 332 318.1300163793091 308.9292277222179 304.0307196070422 0.0102498000421066
3330 333 318.1448676776257 308.9481459235481 304.0509820647177 0.01044147006829615
3340 334 318.1596722612936 308.9670335371682 304.07121968414 0.01063349715221195
3350 335 318.1744374479274 308.9858909350113 304.0914320932217 0.01082586361157328
3360 336 318.1891696892066 309.0047184852552 304.1116189381864 0.01101855366232303
3370 337 318.2038746719161 309.0235165520692 304.1317798830553 0.01121155319671624
3380 338 318.2185574071948 309.0422854953591 304.1519146091278 0.01140484958776604
3390 339 318.2332223093753 309.0610256705241 304.1720228144615 0.01159843151688405
3400 340 318.2478732656239 309.0797374282291 304.1921042133519 0.0117922888219342
3410 341 318.2625136974657 309.0984211141974 304.2121585358116 0.01198641236326189
3420 342 318.2771466151322 309.1170770690292 304.2321855270535 0.01218079390554954
3430 343 318.2917746655795 309.1357056280427 304.2521849469737 0.01237542601361607
3440 344 318.3064001749105 309.1543071211421 304.2721565696439 0.01257030196050053
3450 345 318.3210251858522 309.1728818727103 304.292100182808 0.0127654156463697
3460 346 318.3356514908712 309.1914302015247 304.3120155873829 0.01296076152696263
3470 347 318.3502806614287 309.2099524206966 304.3319025969728 0.01315633455044538
3480 348 318.3649140738339 309.2284488376308 304.3517610373921 0.01335213010167531
3490 349 318.3795529320817 309.2469197540061 304.3715907461955 0.01354814395300066
3500 350 318.3941982880377 309.2653654657714 304.3913915722202 0.0137443722208205
3510 351 318.4088510592661 309.2837862631602 304.4111633751451 0.01394081132722479
3520 352 318.4235120447897 309.3021824307182 304.4309060250529 0.01413745796611386
3530 353 318.4381819390113 309.320554247344 304.4506194020126 0.01433430907327039
3540 354 318.4528613440165 309.3389019863412 304.4703033956719 0.01453136179991564
3550 355 318.4675507804424 309.3572259154805 304.4899579048632 0.01472861348933767
3560 356 318.4822506970834 309.3755262970701 304.5095828372242 0.01492606165623526
3570 357 318.4969614793791 309.3938033880336 304.5291781088283 0.01512370396844996
3580 358 318.511683456911 309.4120574399947 304.5487436438319 0.01532153823081339
3590 359 318.5264169100294 309.4302886993653 304.5682793741338 0.01551956237085282
3600 360 318.5411620757082 309.4484974074407 304.5877852390465 0.01571777442614414
3610 361 318.5559191527162 309.466683800495 304.6072611849819 0.01591617253311433
3620 362 318.5706883061853 309.4848481098827 304.6267071651484 0.01611475491712289
3630 363 318.5854696716497 309.5029905621386 304.6461231392609 0.01631351988367537
3640 364 318.6002633586103 309.5211113790818 304.6655090732608 0.01651246581063461
3650 365 318.6150694536869 309.5392107779207 304.6848649390512 0.01671159114131204
3660 366 318.6298880233985 309.5572889713558 304.7041907142409 0.01691089437833828
3670 367 318.6447191166206 309.5753461676857 304.7234863818978 0.01711037407821922
3680 368 318.6595627667583 309.5933825709104 304.742751930316 0.01731002884650153
3690 369 318.6744189936594 309.6113983808357 304.7619873527926 0.01750985733347094
3700 370 318.6892878053071 309.6293937931755 304.7811926474101 0.01770985823032895
3710 371 318.7041691993137 309.6473689996532 304.800367816833 0.01791003026578266
3720 372 318.7190631642389 309.6653241881025 304.8195128681099 0.0181103722030108
3730 373 318.733969680755 309.683259542566 304.8386278124879 0.018310882836952
3740 374 318.7488887226689 309.7011752433924 304.8577126652303 0.01851156099188603
3750 375 318.7638202578312 309.719071467332 304.8767674454464 0.01871240551926866
3760 376 318.7787642489331 309.7369483876305 304.8957921759245 0.01891341529579594
3770 377 318.7937206542082 309.7548061741207 304.9147868829783 0.01911458922166543
3780 378 318.8086894280565 309.7726449933126 304.9337515962937 0.01931592621901915
3790 379 318.8236705215883 309.7904650084807 304.9526863487838 0.01951742523054134
3800 380 318.8386638831049 309.808266379751 304.9715911764538 0.01971908521819603
3810 381 318.8536694585228 309.826049264184 304.9904661182668 0.01992090516209034
3820 382 318.8686871917476 309.8438138158562 305.0093112160174 0.02012288405944396
3830 383 318.8837170249973 309.8615601859415 305.0281265142129 0.02032502092366027
3840 384 318.8987588990943 309.8792885227874 305.0469120599535 0.02052731478348083
3850 385 318.9138127537164 309.8969989719919 305.0656679028247 0.0207297646822192
3860 386 318.9288785276173 309.9146916764767 305.0843940947897 0.02093236967706161
3870 387 318.9439561588206 309.9323667765593 305.1030906900853 0.02113512883842916
3880 388 318.9590455847909 309.9500244100232 305.121757745129 0.02133804124939478
3890 389 318.9741467425824 309.9676647121855 305.1403953184169 0.02154110600514863
3900 390 318.9892595689655 309.9852878159635 305.1590034704432 0.02174432221250538
3910 391 319.0043840005451 310.0028938519388 305.1775822636062 0.02194768898945361
3920 392 319.0195199738548 310.02048294842 305.1961317621284 0.02215120546473607
3930 393 319.0346674254435 310.0380552315033 305.2146520319786 0.02235487077746335
3940 394 319.049826291949 310.0556108251319 305.2331431407915 0.02255868407675519
3950 395 319.0649965101617 310.0731498511531 305.2516051577969 0.02276264452140628
3960 396 319.0801780170807 310.0906724293745 305.2700381537467 0.02296675127957365
3970 397 319.0953707499604 310.1081786776177 305.2884422008506 0.02317100352848755
3980 398 319.1105746463503 310.125668711771 305.3068173727071 0.02337540045417763
3990 399 319.1257896441302 310.143142645841 305.3251637442426 0.02357994125121717
4000 400 319.1410156815377 310.1606005920016 305.3434813916512 0.02378462512248248
4010 401 319.1562526971957 310.1780426606422 305.3617703923351 0.02398945127892564
4020 402 319.1715006301278 310.195468960415 305.3800308248502 0.02419441893935964
4030 403 319.1867594197786 310.2128795982802 305.3982627688512 0.02439952733025556
4040 404 319.2020290060258 310.2302746795498 305.4164663050408 0.02460477568554893
4050 405 319.2173093291921 310.2476543079308 305.4346415151175 0.02481016324645746
4060 406 319.2326003300505 310.2650185855661 305.4527884817309 0.02501568926130619
4070 407 319.2479019498336 310.2823676130762 305.4709072884334 0.02522135298535952
4080 408 319.2632141302375 310.2997014895965 305.4889980196348 0.02542715368066593
4090 409 319.2785368134229 310.3170203128171 305.5070607605608 0.02563309061590167
4100 410 319.293869658594 310.3337763235334 305.5250955972108 0.02584349471418995
4110 411 319.3092058994499 310.3495679792275 305.5431026163184 0.02606155549453313
4120 412 319.3245334749192 310.3651591593854 305.5610819053044 0.02628126108877149
4130 413 319.3398417681145 310.3805754680268 305.5790335521544 0.02650243269708231
4140 414 319.3551216815824 310.3958361919249 305.5969576449617 0.02672493806485488
4150 415 319.3703654452669 310.4109563074047 305.614854270701 0.02694867605177482
4160 416 319.3855664492979 310.4259477653846 305.6327235128169 0.02717356685569972
4170 417 319.4007190980479 310.440820334961 305.650565447435 0.02739954568411144
4180 418 319.4158186825202 310.4555821714607 305.668380138315 0.02762655856753541
4190 419 319.4308612686387 310.4702402087795 305.686167630934 0.02785455952985828
4200 420 319.445843599365 310.4848004370888 305.7039279462152 0.02808350863530695
4210 421 319.4607630088788 310.4992681039782 305.7216610744665 0.02831337061302145
4220 422 319.4756173473002 310.5136478632232 305.7393669699974 0.02854411386959401
4230 423 319.4904049146405 310.5279438868728 305.757045546784 0.02877570976707601
4240 424 319.5051244028361 310.5421599510639 305.7746966753933 0.02900813208591998
4250 425 319.5197748448725 310.5562995026243 305.7923201812555 0.02924135661892118
4260 426 319.5343555701279 310.5703657113642 305.8099158442553 0.02947536085944382
4270 427 319.5488661651806 310.584361511538 305.8274833995421 0.02971012375851322
4280 428 319.5633064394142 310.5982896349947 305.8450225393946 0.02994562553290203
4290 429 319.5776763948311 310.6121526378868 305.8625329159526 0.03018184751148065
4300 430 319.5919761995719 310.6259529223328 305.8800141446285 0.03041877201060531
4310 431 319.6062061646945 310.6396927541068 305.8974658079989 0.03065638223181653
4320 432 319.6203667238013 310.653374277177 305.9148874600107 0.03089466217685055
4330 433 319.6344584151929 310.6669995257343 305.9322786303531 0.03113359657622711
4340 434 319.6484818662262 310.6805704342169 305.9496388288559 0.03137317082859806
4350 435 319.6624377796165 310.694088845725 305.9669675498245 0.03161337094869621
4360 436 319.6763269214481 310.707556519144 305.9842642762185 0.03185418352222732
4370 437 319.6901501106892 310.7209751352233 306.0015284836198 0.03209559566642819
4380 438 319.7036720269745 310.7343461778765 306.0187596439445 0.03233757434258831
4390 439 319.7167435694192 310.7476707095977 306.0359572288671 0.03258002818410623
4400 440 319.7294037991169 310.7609497165843 306.053120712951 0.03282286443543524
4410 441 319.7416873606138 310.7741841792645 306.0702495764676 0.0330660001914881
4420 442 319.7536250143488 310.7873750684197 306.0873433079134 0.03330936127287743
4430 443 319.7652440894767 310.8005233418986 306.1044014062305 0.03355288123198822
4440 444 319.776568883578 310.8136299418518 306.1214233827462 0.03379650047462501
4450 445 319.7876210154918 310.82669579243 306.1384087628363 0.03404016548372293
4460 446 319.7984197367672 310.8397217978866 306.1553570873482 0.03428382813319496
4470 447 319.8089822066003 310.8527088410414 306.1722679137825 0.03452744508137012
4480 448 319.8193237345379 310.8656577820591 306.1891408172645 0.0347709772347275
4490 449 319.8294579947427 310.8785694575053 306.2059753913184 0.03501438927369916
4500 450 319.8393972151497 310.8914446796454 306.2227712484652 0.03525764923329484
4510 451 319.8491523444569 310.9042842359543 306.2395280206629 0.03550072813214691
4520 452 319.8587331995728 310.9170888888099 306.2562453595993 0.03574359964431954
4530 453 319.8681485957912 310.9298593753469 306.2729229368643 0.03598623980889509
4540 454 319.8774064617332 310.942596407446 306.2895604440013 0.03622862677292689
4550 455 319.8865139408483 310.955300671841 306.3061575924651 0.0364707405638756
4560 456 319.8954774810393 310.9679728303269 306.322714113495 0.03671256288809349
4570 457 319.904302913813 310.9806135200511 306.3392297579039 0.03695407695232068
4580 458 319.9129955241874 310.9932233538772 306.355704295812 0.03719526730551796
4590 459 319.921560112433 311.0058029208075 306.3721375163203 0.03743611969867892
4600 460 319.9300010486128 311.0183527864539 306.3885292271346 0.03767662096052352
4610 461 319.9383223207623 311.0308734935483 306.4048792541552 0.03791675888724061
4620 462 319.9465275774548 311.0433655624857 306.4211874410308 0.03815652214464146
4630 463 319.954620165416 311.0558294918902 306.4374536486874 0.03839590018129561
4640 464 319.9626031627573 311.0682657591997 306.4536777548333 0.03863488315137256
4650 465 319.9704794083542 311.0806748212648 306.4698596534499 0.03887346184607175
4660 466 319.9782515278128 311.0930571149547 306.4859992542713 0.03911162763265118
4670 467 319.9859219564303 311.1054130577677 306.502096482254 0.03934937240017349
4680 468 319.9934929594943 311.117743048444 306.5181512770426 0.03958668851120714
4690 469 320.0009666502393 311.1300474675753 306.5341635924315 0.03982356875878554
4700 470 320.0083450057315 311.142326678211 306.5501333958318 0.04006000632803484
4710 471 320.0156298809251 311.154581026457 306.5660606677341 0.04029599476192746
4720 472 320.0228230211068 311.1668108420681 306.5819454011833 0.04053152793069394
4730 473 320.0299260729086 311.1790164390287 306.5977876012539 0.04076660000447749
4740 474 320.0369405940672 311.1911981161238 306.613587284535 0.0410012054288602
4750 475 320.0438680620689 311.203356157499 306.6293444786263 0.04123533890293733
4760 476 320.0507098818121 311.215490833206 306.6450592216403 0.04146899535965373
4770 477 320.0574673924054 311.2276023997365 306.6607315617169 0.04170216994814289
4780 478 320.0641418731942 311.2396911005417 306.6763615565484 0.04193485801784958
4790 479 320.0707345491181 311.2517571665387 306.6919492729192 0.0421670551042345
4800 480 320.0772465954592 311.2638008166008 306.7074947862535 0.04239875691588089
4810 481 320.0836791420749 311.2758222580364 306.7229981801784 0.04262995932285652
4820 482 320.0900332771532 311.2878216870505 306.7384595460983 0.04286065834618487
4830 483 320.096310050561 311.2997992891941 306.7538789827839 0.04309085014830838
4840 484 320.102510476825 311.3117552397983 306.7692565959721 0.04332053102443296
4850 485 320.1086355377917 311.3236897043946 306.7845924979797 0.04354969739466018
4860 486 320.1146861849992 311.3356028391209 306.7998868073311 0.04377834579682047
4870 487 320.1206633418013 311.3474947911146 306.8151396483962 0.04400647287993488
4880 488 320.1265679052636 311.3593656988913 306.8303511510434 0.04423407539823684
4890 489 320.1324007478659 311.3712156927108 306.8455214503048 0.04446115020569433
4900 490 320.1381627190269 311.3830448949301 306.8606506860507 0.04468769425098377
4910 491 320.1438546464743 311.3948534203438 306.875739002681 0.04491370457286423
4920 492 320.1494773374829 311.4066413765119 306.8907865488258 0.04513917829591595
4930 493 320.155031579982 311.4184088640764 306.9057934770556 0.04536411262660061
4940 494 320.1605181435628 311.4301559770648 306.9207599436075 0.04558850484961951
4950 495 320.165937780387 311.4418828031838 306.9356861081183 0.04581235232452879
4960 496 320.1712912260125 311.4535894241016 306.9505721333704 0.04603565248259799
4970 497 320.1765792001408 311.4652759157186 306.9654181850472 0.04625840282388324
4980 498 320.1818024073015 311.4769423484286 306.9802244314999 0.04648060091449133
4990 499 320.1869615374735 311.4885887873699 306.994991043523 0.0467022443840254
5000 500 320.1920572666568 311.5002152926671 307.0097181941398 0.04692333092318773
5010 501 320.1970902573948 311.5118219196619 307.0244060583962 0.04714385828153004
5020 502 320.2020611592583 311.5234087191367 307.0390548131655 0.04736382426533705
5030 503 320.2069706092867 311.5349757375291 307.0536646369625 0.04758322673563185
5040 504 320.2118192324005 311.5465230171367 307.0682357097586 0.04780206360629152
5050 505 320.2166076417818 311.5580505963149 307.0827682128181 0.04802033284226544
5060 506 320.221336439229 311.5695585096668 307.0972623285287 0.04823803245788652
5070 507 320.2260062154887 311.5810467882247 307.1117182402479 0.04845516051527148
5080 508 320.2306175505631 311.592515459625 307.1261361321558 0.04867171512279656
5090 509 320.2351710140018 311.6039645482758 307.140516189112 0.04888769443365017
5100 510 320.239667165173 311.6153940755177 307.1548585965218 0.04910309664445157
5110 511 320.2441065535224 311.6268040597782 307.1691635402076 0.04931791999393523
5120 512 320.248489718816 311.6381945167191 307.1834312062868 0.04953216276169118
5130 513 320.2528171913709 311.6495654593786 307.197661781057 0.04974582326696117
5140 514 320.2570894922723 311.6609168983073 307.2118554508845 0.04995889986748667
5150 515 320.2613071335859 311.672248841699 307.2260124021013 0.05017139095840368
5160 516 320.2654706185554 311.6835612955142 307.2401328209057 0.05038329497118483
5170 517 320.2695804417918 311.6948542636013 307.2542168932663 0.05059461037261895
5180 518 320.273637089458 311.7061277478103 307.2682648048364 0.05080533566383388
5190 519 320.2776410394425 311.717381748103 307.2822767408662 0.0510154693793555
5200 520 320.2815927615292 311.728616262658 307.2962528861272 0.05122501008620164
5210 521 320.2854927175598 311.7398312879714 307.3101934248341 0.0514339563830092
5220 522 320.2893413615922 311.7510268189532 307.3240985405737 0.05164230689919427
5230 523 320.2931391400486 311.7622028490194 307.3379684162401 0.05185006029413886
5240 524 320.2968864918664 311.7733593701809 307.3518032339699 0.05205721525640907
5250 525 320.3005838486365 311.7844963731271 307.3656031750808 0.05226377050299775
5260 526 320.3042316347458 311.7956138473072 307.3793684200199 0.05246972477859618
5270 527 320.3078302675076 311.8067117810076 307.3930991483094 0.05267507685488467
5280 528 320.3113801572936 311.817790161425 307.4067955384962 0.05287982552985134
5290 529 320.314881707663 311.8288489747381 307.4204577681069 0.05308396962713279
5300 530 320.3183353154809 311.8398882061744 307.4340860136047 0.05328750799537132
5310 531 320.3217413710435 311.8509078400746 307.4476804503479 0.05349043950759839
5320 532 320.3251002581939 311.861907859955 307.4612412525553 0.05369276306063326
5330 533 320.3284123544361 311.8728882485654 307.4747685932678 0.05389447757450345
5340 534 320.3316780310498 311.8838489879457 307.4882626443177 0.05409558199187931
5350 535 320.3348976531976 311.8947900594799 307.5017235762989 0.05429607527752969
5360 536 320.3380715800313 311.9057114439465 307.5151515585385 0.05449595641779129
5370 537 320.3412001648017 311.9166131215681 307.5285467590723 0.05469522442005684
5380 538 320.3442837549539 311.9274950720572 307.5419093446196 0.05489387831227439
5390 539 320.3473226922329 311.9383572746615 307.555239480563 0.05509191714246504
5400 540 320.3503173127818 311.9491997082055 307.5685373309274 0.05528933997825169
5410 541 320.375668706918 311.9600341057243 307.5818030583637 0.05548810470807219
5420 542 320.4151145305715 311.9708938857263 307.5950368241328 0.05569377897424869
5430 543 320.4507553662787 311.9817799794799 307.6082387880897 0.05590650539133338
5440 544 320.4830268632173 311.9926869598578 307.6214091086724 0.05612535753697497
5450 545 320.5123119986607 312.0036100878498 307.6345479428886 0.05634951707497305
5460 546 320.5389488957243 312.0145452245352 307.6476554463083 0.05657826112154336
5470 547 320.5632360905693 312.0254887549273 307.6607317730547 0.05681095108187846
5480 548 320.5854371808475 312.03643752185 307.6737770758003 0.05704702278951761
5490 549 320.6057849280639 312.0473887683785 307.6867915057662 0.05728597779780523
5500 550 320.6244848780291 312.0583400876341 307.6997752127291 0.0575273756896547
5510 551 320.6417185560041 312.069289378931 307.7127283450326 0.05777082728707728
5520 552 320.657646286519 312.0802348094294 307.7256510496072 0.05801598865554946
5530 553 320.6724096819477 312.0911747805763 307.738543472001 0.05826255581039873
5540 554 320.6861338387564 312.1021078987149 307.7514057564252 0.05851026004315134
5550 555 320.6989292757772 312.1130329493378 307.7642380457984 0.05875886379533095
5560 556 320.7108936448004 312.1239488745167 307.7770404818139 0.059008157015633
5570 557 320.7221132402441 312.1348547531182 307.7898132050057 0.05925795394388372
5580 558 320.7326643315002 312.1457497834549 307.8025563548309 0.05950809027179751
5590 559 320.7426143387926 312.1566332680702 307.815270069753 0.05975842063639186
5600 560 320.752022870923 312.1675046003959 307.8279544873336 0.06000881640708012
5610 561 320.760942641143 312.1783632530507 307.8406097443251 0.06025916373202649
5620 562 320.7694202754545 312.1892087675794 307.8532359767635 0.06050936181337865
5630 563 320.7774970259891 312.2000407454558 307.865833320067 0.0607593213845476
5640 564 320.7852094006076 312.2108588401963 307.8784019091253 0.06100896336584918
5650 565 320.7925897185652 312.221662750449 307.8909418783892 0.06125821767760454
5660 566 320.7996666009298 312.2324522139375 307.9034533619561 0.06150702219223013
5670 567 320.8064654034125 312.2432270021596 307.9159364936494 0.06175532180903087
5680 568 320.8130085983839 312.253986915745 307.9283914070889 0.06200306763730967
5690 569 320.8193161120329 312.2647317803949 307.9408182357561 0.062250216275091
5700 570 320.82540562195 312.2754614433323 307.9532171130533 0.06249672917225559
5710 571 320.8312928197768 312.2861757701999 307.9655881723522 0.06274257206818454
5720 572 320.8369916430232 312.2968746423531 307.9779315470341 0.0629877144951858
5730 573 320.8425144796827 312.3075579544984 307.9902473705247 0.06323212933998444
5740 574 320.8478723488321 312.3182256126366 308.0025357763178 0.06347579245647562
5750 575 320.8530750600421 312.3288775322729 308.014796897995 0.0637186823237305
5760 576 320.8581313540821 312.3395136368606 308.0270308692332 0.06396077974395313
5770 577 320.8630490271216 312.3501338564525 308.0392378238087 0.06420206757570834
5780 578 320.8678350403678 312.3607381265311 308.0514178955931 0.06444253049828175
5790 579 320.8724956168399 312.3713263869981 308.0635712185423 0.06468215480352868
5800 580 320.8770363268021 312.3818985813027 308.0756979266839 0.0649209282119944
5810 581 320.88146216318 312.3924546556917 308.0877981540929 0.06515883971045773
5820 582 320.8857776081443 312.4029945585658 308.0998720348653 0.06539587940839392
5830 583 320.8899866918873 312.4135182399294 308.1119197030919 0.06563203841113913
5840 584 320.8940930445182 312.4240256509221 308.1239412928205 0.06586730870779621
5850 585 320.898099941887 312.4345167434212 308.1359369380215 0.06610168307217069
5860 586 320.9020103460372 312.4449914697062 308.1479067725478 0.06633515497519545
5870 587 320.905826940934 312.4554497821788 308.159850930091 0.06656771850751685
5880 588 320.9095521640108 312.4658916331279 308.171769544139 0.06679936831103278
5890 589 320.9131882340298 312.4763169745379 308.1836627479292 0.06703009951836145
5900 590 320.9167371756884 312.4867257579317 308.1955306744022 0.06725990769929502
5910 591 320.9202008413529 312.4971179342437 308.2073734561542 0.06748878881342574
5920 592 320.9235809302606 312.5074934537221 308.2191912253883 0.06771673916823051
5930 593 320.9268790054788 312.5178522658512 308.2309841138666 0.06794375538196902
5940 594 320.9300965088914 312.5281943192962 308.2427522528614 0.06816983435083888
5950 595 320.933234774443 312.5385195618632 308.2544957731071 0.0683949732198894
5960 596 320.9362950398445 312.5488279404755 308.2662148047536 0.06861916935725292
5970 597 320.9392784569163 312.5591194011601 308.2779094773169 0.06884242033131364
5980 598 320.9421861007366 312.5693938890477 308.2895799196355 0.0690647238904666
5990 599 320.9450189777277 312.5796513483791 308.3012262598236 0.06928607794516696
6000 600 320.9477780328133 312.5898917225198 308.3128486252276 0.06950648055200752
6010 601 320.9504641557463 312.6001149539821 308.3244471423836 0.06972592989958104
6020 602 320.953078186703 312.6103209844501 308.3360219369757 0.06994442429592564
6030 603 320.9556209212489 312.6205097548108 308.347573133795 0.07016196215736901
6040 604 320.9580931147231 312.630681205188 308.3591008567029 0.07037854199861052
6050 605 320.9604954861276 312.6408352749776 308.3706052285921 0.07059416242389409
6060 606 320.9628287215725 312.6509719028874 308.3820863713531 0.07080882211915242
6070 607 320.9650934773299 312.6610910269758 308.3935444058382 0.07102251984500191
6080 608 320.9672903824483 312.6709601405801 308.404979451829 0.0712370919841617
6090 609 320.9694200295302 312.6801583299197 308.4163916280065 0.07145586442964949
6100 610 320.9714829385444 312.6892259386103 308.427781051874 0.07167456415905442
6110 611 320.9734795518021 312.6981788572458 308.4391478392537 0.07189306431656034
6120 612 320.9754102446886 312.7070289999171 308.4504921024472 0.0721112696438188
6130 613 320.9772753352962 312.715785580335 308.461813946197 0.07232910638552376
6140 614 320.9790750928227 312.7244559277764 308.4731134613093 0.07254651584438285
6150 615 320.9808097448994 312.7330460221518 308.4843907166245 0.07276345016517535
6160 616 320.9824794839837 312.7415608538626 308.495645750441 0.07297986950811226
6170 617 320.984084472927 312.7500046717483 308.5068785625407 0.07319574010646304
6180 618 320.9856248498293 312.758381157775 308.5180891077218 0.07341103289935198
6190 619 320.9871007322565 312.766693552564 308.5292772913759 0.07362572254690723
6200 620 320.9885122209122 312.7749447471494 308.5404429673247 0.07383978670517781
6210 621 320.9898594028243 312.7831373510349 308.5515859378312 0.07405320548133781
6220 622 320.991142354105 312.7912737433029 308.5627059555276 0.07426596101661076
6230 623 320.9923611423415 312.7993561114181 308.573802726896 0.07447803716146582
6240 624 320.9935158286571 312.8073864809817 308.5848759169123 0.07468941921871348
6250 625 320.9946064694944 312.8153667387635 308.5959251544524 0.07490009373743392
6260 626 320.9956331181377 312.8232986507038 308.6069500381392 0.07511004834557676
6270 627 320.9965958260281 312.8311838761265 308.617950142332 0.07531927161242083
6280 628 320.9974946438776 312.8390239790843 308.6289250230286 0.0755277529343958
6290 629 320.9983296226195 312.8468204375247 308.6398742235208 0.07573548243940785
6300 630 320.9991008142132 312.8545746507926 308.6507972796724 0.07594245090600205
6310 631 320.9998082723199 312.8622879458584 308.6616937247525 0.07614864969453639
6320 632 321.0004520528648 312.8699615825649 308.6725630937735 0.0763540706881651
6330 633 321.0010322145047 312.8775967581144 308.6834049273211 0.07655870624191742
6340 634 321.001548819012 312.8851946109649 308.6942187748851 0.07676254913850566
6350 635 321.0020019315788 312.8927562242611 308.7050041977011 0.07696559254975464
6360 636 321.0023916210658 312.900282628898 308.7157607711404 0.07716783000278417
6370 637 321.0027179601872 312.907774806289 308.7264880866737 0.07736925535020757
6380 638 321.0029810256527 312.9152336908938 308.7371857534536 0.07756986274375977
6390 639 321.0031808982665 312.9226601725508 308.7478533995483 0.07776964661086788
6400 640 321.0033176629913 312.930055098642 308.7584906728724 0.07796860163375122
6410 641 321.0033914089783 312.9374192761199 308.7690972418391 0.07816672273071086
6420 642 321.0034022295764 312.944753473411 308.7796727957807 0.07836400503932184
6430 643 321.0033502223123 312.9520584222138 308.790217045163 0.07856044390128783
6440 644 321.0032354888595 312.9593348192017 308.8007297216241 0.07875603484874219
6450 645 321.0069913385748 312.9665853912532 308.8112105778642 0.07895111752742649
6460 646 321.0171158492067 312.9738187082472 308.8216593874064 0.07914701089145575
6470 647 321.0329740815422 312.9810434930632 308.8320759442603 0.07934506459942878
6480 648 321.0540050266571 312.988267498083 308.8424600624915 0.07954647149047951
6490 649 321.0797126507221 312.995497617219 308.8528115757279 0.07975228598102689
6500 650 321.1096582770431 313.0027399849561 308.8631303366085 0.07996344030020706
6510 651 321.1434538627861 313.0100000639191 308.8734162161888 0.08018075881770224
6520 652 321.1807560652837 313.0172827222995 308.8836691033147 0.08040497068814778
6530 653 321.2175885110188 313.024590375493 308.8938889039733 0.08063639987187189
6540 654 321.2513497699737 313.0319194880194 308.9040755406301 0.08087438188079955
6550 655 321.2823945252719 313.0392659412863 308.9142289515568 0.08111815818609641
6560 656 321.3110355957141 313.0466261312947 308.9243490901578 0.08136705897332119
6570 657 321.3375491197448 313.0539969071916 308.9344359242972 0.0816204927259134
6580 658 321.3621788638678 313.0613755170634 308.9444894356348 0.08187793703225645
6590 659 321.3851400248883 313.0687595601233 308.9545096189711 0.08213893047280384
6600 660 321.406622585452 313.0761469445462 308.9644964816038 0.08240306546033885
6610 661 321.426794275374 313.0835358502855 308.9744500427018 0.08266998192136095
6620 662 321.4458031850569 313.09092469629 308.9843703326967 0.08293936171976143
6630 663 321.4637800718812 313.0983121116024 308.9942573926874 0.08321092373556892
6640 664 321.4808403956441 313.1056969098828 309.0041112738716 0.08348441952178728
6650 665 321.4970861148721 313.1130780669554 309.0139320369944 0.08375962947140231
6660 666 321.5126072721073 313.1204547010214 309.0237197518142 0.08403635943462345
6670 667 321.5274833929547 313.127826055224 309.0334744965974 0.0843144377334438
6680 668 321.5417847207772 313.1351914822896 309.0431963576284 0.08459371252685076
6690 669 321.5555733063454 313.1425504309983 309.0528854287401 0.08487404948548545
6700 670 321.5689039694798 313.1499024342696 309.0625418108715 0.08515532973938969
6710 671 321.5818251477288 313.1572470986715 309.0721656116381 0.08543744806676326
6720 672 321.594379645354 313.1645840951854 309.0817569449273 0.08572031129541441
6730 673 321.6066052943302 313.1719131510777 309.0913159305121 0.08600383689191403
6740 674 321.618535537704 313.1792340427484 309.1008426936816 0.08628795171640367
6750 675 321.6301999444271 313.1865465894393 309.1103373648909 0.08657259092359917
6760 676 321.6416246637199 313.1938506477013 309.1198000794305 0.08685769699281243
6770 677 321.6528328260636 313.2011461065311 309.1292309771083 0.08714321887183631
6780 678 321.663844897097 313.208432883096 309.1386302019507 0.08742911122131619
6790 679 321.6746789899466 313.215710918979 309.1479979019171 0.08771533374780974
6800 680 321.685351140876 313.2229801768815 309.157334228631 0.08800185061510768
6810 681 321.6958755525632 313.2302406377283 309.1666393371233 0.08828862992463377
6820 682 321.7062648088075 313.237492298129 309.175913385587 0.088575643256803
6830 683 321.7165300640227 313.244735168152 309.1851565351525 0.08886286526618112
6840 684 321.7266812104826 313.2519692693725 309.1943689496626 0.08915027332412477
6850 685 321.7367270259281 313.2591946331655 309.2035507954693 0.08943784720333138
6860 686 321.7466753038408 313.2664112992103 309.2127022412364 0.08972556879936823
6870 687 321.756532968428 313.2736193141834 309.2218234577517 0.09001342188484762
6880 688 321.7663061761028 313.2808187306173 309.2309146177534 0.09030139189240861
6890 689 321.7760004050631 313.2880096059042 309.2399758957595 0.09058946572311997
6900 690 321.7856205343455 313.2951920014275 309.2490074679129 0.09087763157733511
6910 691 321.7951709136117 313.3023659818059 309.2580095118249 0.09116587880533984
6920 692 321.8046554247392 313.3095316142364 309.2669822064379 0.09145419777549306
6930 693 321.814077536191 313.3166889679238 309.2759257318886 0.09174257975778508
6940 694 321.8234403510044 313.3238381135865 309.2848402693767 0.09203101682102301
6950 695 321.8327466491544 313.3309791230291 309.2937260010473 0.09231950174202999
6960 696 321.8419989249474 313.3381120687744 309.302583109871 0.09260802792545801
6970 697 321.8511994200326 313.3452370237454 309.311411779539 0.09289658933296201
6980 698 321.8603501525442 313.3523540609936 309.3202121943542 0.09318518042064035
6990 699 321.8694529428265 313.3594632534664 309.3289845391365 0.09347379608377211
7000 700 321.8785094361487 313.366564673809 309.3377289991267 0.09376243160799515
7010 701 321.8875211227586 313.3736583941964 309.3464457598996 0.09405108262616618
7020 702 321.8964893555894 313.3807444861923 309.3551350072769 0.09433974508024594
7030 703 321.9054153658931 313.38782302063 309.3637969272521 0.09462841518760649
7040 704 321.9143002770458 313.3948940675144 309.3724317059103 0.09491708941125696
7050 705 321.9231451167407 313.4019576959413 309.3810395293583 0.09520576443351522
7060 706 321.9319508277572 313.4090139740314 309.3896205836569 0.09549443713273412
7070 707 321.9407182774681 313.4160629688779 309.3981750547539 0.09578310456271324
7080 708 321.9494482662414 313.423104746505 309.4067031284254 0.09607176393449271
7090 709 321.9581415348595 313.4301393718375 309.4152049902179 0.09636041260024178
7100 710 321.9667987710804 313.4371669086776 309.4236808253915 0.09664904803899885
7110 711 321.9754206154286 313.44418741969 309.4321308188685 0.09693766784405003
7120 712 321.9840076663116 313.4512009663925 309.4405551551852 0.09722626971175231
7130 713 321.9925604845495 313.4582076091529 309.4489540184431 0.09751485143163294
7140 714 322.0010795973758 313.4652074071891 309.4573275922661 0.09780341087761381
7150 715 322.0095655019711 313.4722004185757 309.4656760597591 0.09809194600023252
7160 716 322.0180186685922 313.4791867002509 309.4739996034669 0.09838045481974496
7170 717 322.0264395433408 313.486166308028 309.4822984053379 0.09866893541999959
7180 718 322.0348285506093 313.4931392966084 309.4905726466886 0.09895738594300384
7190 719 322.043186095247 313.5001057195977 309.4988225081697 0.09924580458409255
7200 720 322.0515125644825 313.5070656295214 309.5070481697346 0.09953418958763509
7210 721 322.0598083296169 313.5140190778442 309.5152498106112 0.09982253924321685
7220 722 322.0680737475324 313.5209661149877 309.5234276092716 0.1001108518822358
7230 723 322.0763091620243 313.5279067903514 309.5315817434073 0.1003991258748724
7240 724 322.0845149049848 313.5348411523322 309.5397123899038 0.1006873596273898
7250 725 322.0926912974504 313.541769248346 309.5478197248166 0.1009755515797151
7260 726 322.1008386505362 313.5486911248479 309.5559039233497 0.101263700203285
7270 727 322.1089572662585 313.5556068273544 309.5639651598374 0.1015518039991154
7280 728 322.1170474382762 313.5625164004633 309.5720036077207 0.1018398614960701
7290 729 322.1251094525385 313.5694198878761 309.5800194395315 0.1021278712493103
7300 730 322.1331435878701 313.5763173324179 309.5880128268759 0.1024158318388971
7310 731 322.1411501164887 313.5832087760595 309.5959839404174 0.1027037418685381
7320 732 322.1491293044695 313.590094259936 309.6039329498643 0.1029915999644541
7330 733 322.1570814121556 313.5969738243692 309.6118600239524 0.1032794047743578
7340 734 322.165006694525 313.6038475088857 309.6197653304354 0.1035671549665258
7350 735 322.1729054015274 313.6107153522377 309.6276490360719 0.1038548492289638
7360 736 322.1807777783732 313.617577392421 309.6355113066143 0.1041424862686408
7370 737 322.1886240658021 313.6244336666948 309.6433523067991 0.1044300648107931
7380 738 322.1964445003198 313.6312842115993 309.6511722003375 0.1047175835982941
7390 739 322.2042393144156 313.6381290629737 309.6589711499076 0.1050050413910698
7400 740 322.2120087367539 313.6449682559737 309.6667493171448 0.1052924369655694
7410 741 322.2197529923467 313.6518018250886 309.6745068626375 0.1055797691142721
7420 742 322.2274723027188 313.6586298041577 309.6822439459185 0.1058670366452372
