"report-file-0"
"Time Step" "flow-time etc.."
("Time Step" "flow-time" "it" "pt" "ot" "lf")
0 0 300.0000000000001 300 300 0
10 1 300.1562985416292 300.0022429274653 300.0000000000001 0
20 2 300.2991321099582 300.0076288515316 300.0000000000001 0
30 3 300.4346718860579 300.0152241837727 300.0000000000031 0
40 4 300.5648656262669 300.0244800819798 300.00000000005 0
50 5 300.6909159450259 300.0350575433445 300.0000000004134 0
60 6 300.8136060986888 300.0467356902005 300.0000000022742 0
70 7 300.9334742846587 300.0593626924655 300.0000000094314 0
80 8 301.0509093255509 300.0728288190617 300.0000000317272 0
90 9 301.166204811031 300.0870511839066 300.0000000908299 0
100 10 301.2795908073782 300.1019648071724 300.0000002287969 0
110 11 301.3912531422267 300.117517174521 300.0000005195034 0
120 12 301.5013456043635 300.1336647909592 300.0000010826618 0
130 13 301.6099979711731 300.1503709093935 300.0000020998306 0
140 14 301.7173214928642 300.1676039754072 300.0000038316043 0
150 15 301.823412770686 300.185336524658 300.0000066350644 0
160 16 301.9283565849667 300.2035443767086 300.000010980586 0
170 17 302.0322280132327 300.2222060297666 300.0000174671848 0
180 18 302.1350940535407 300.2413021960045 300.0000268357546 0
190 19 302.2370148933488 300.2608154381153 300.0000399797007 0
200 20 302.3380449182188 300.2807298806525 300.0000579527018 0
210 21 302.4382335254564 300.3010309778444 300.0000819734649 0
220 22 302.5376257887751 300.3217053248674 300.0001134275141 0
230 23 302.6362630073258 300.3427405030979 300.0001538661746 0
240 24 302.7341831636918 300.3641249522904 300.0002050029832 0
250 25 302.8314213093132 300.3858478643258 300.0002687078344 0
260 26 302.9280098914069 300.4078990944049 300.0003469991983 0
270 27 303.0239790322535 300.4302690864511 300.0004420347524 0
280 28 303.1193567693514 300.4529488101658 300.0005561007768 0
290 29 303.2141692631532 300.4759297076839 300.000691600632 0
300 30 303.3084409777483 300.4992036481745 300.0008510426231 0
310 31 303.4021948388091 300.5227628890424 300.0010370275142 0
320 32 303.4954523723136 300.5466000426247 300.0012522359319 0
330 33 303.5882338269082 300.5707080474809 300.001499415849 0
340 34 303.6805582822872 300.5950801435269 300.0017813703311 0
350 35 303.7724437455427 300.6197098503936 300.0021009456605 0
360 36 303.8639072371299 300.6445909484988 300.0024610199601 0
370 37 303.9549648678134 300.6697174624022 300.0028644923931 0
380 38 304.0456319077704 300.6950836460895 300.0033142729921 0
390 39 304.1359228488197 300.7206839698895 300.0038132731618 0
400 40 304.2258514606205 300.7465131087739 300.0043643968759 0
410 41 304.3154308415619 300.7725659318331 300.0049705325725 0
420 42 304.4046734649576 300.7988374927578 300.0056345457488 0
430 43 304.4935912210738 300.8253230211765 300.0063592722435 0
440 44 304.5821954554575 300.8520179147306 300.0071475121824 0
450 45 304.6699051876831 300.8789115605857 300.0080020245651 0
460 46 304.7563381592364 300.9059785842205 300.0089255224644 0
470 47 304.8415654379366 300.9331976075581 300.0099206688021 0
480 48 304.9256407185961 300.9605521567078 300.0109900726769 0
490 49 305.0086070942145 300.9880287705211 300.0121362861963 0
500 50 305.0905007896422 301.0156159503299 300.0133618017822 0
510 51 305.171353312389 301.0433035551268 300.0146690499151 0
520 52 305.2511927449025 301.0710824383211 300.0160603972616 0
530 53 305.3300445576527 301.0989442193026 300.0175381451501 0
540 54 305.4079321457193 301.126881132769 300.0191045283353 0
550 55 305.4848771997843 301.1548859246028 300.0207617140128 0
560 56 305.5608999739067 301.1829517767526 300.0225118010264 0
570 57 305.6360194863059 301.2110722509333 300.0243568192334 0
580 58 305.7102536748718 301.2392412450373 300.0262987289888 0
590 59 305.783619520946 301.2674529584563 300.0283394207212 0
600 60 305.8561331500877 301.2957018638636 300.0304807145818 0
610 61 305.9278099156604 301.3239826838173 300.0327243601499 0
620 62 305.9986644692528 301.3522903710563 300.0350720361929 0
630 63 306.0687108207987 301.3806200916806 300.0375253504751 0
640 64 306.1379623904711 301.4089672106273 300.0400858396246 0
650 65 306.2064320539216 301.4373272790011 300.0427549690544 0
660 66 306.2741321820353 301.4656960229186 300.0455341329514 0
670 67 306.3410746761393 301.4940693336056 300.0484246543393 0
680 68 306.4072709993723 301.5224432585389 300.0514277852208 0
690 69 306.4727322048119 301.5508139934641 300.0545447068 0
700 70 306.5374689608132 301.5791778751575 300.057776529805 0
710 71 306.6014915739515 301.6075313748211 300.0611242948947 0
720 72 306.6670331294735 301.6358942737277 300.0645889731638 0
730 73 306.7355781105958 301.664342505666 300.068171466741 0
740 74 306.8069061214075 301.6929376645152 300.0718726094837 0
750 75 306.880860156168 301.7217235675772 300.0756931677619 0
760 76 306.957321272104 301.7507333355584 300.0796338413323 0
770 77 307.0361946640868 301.7799933141899 300.0836952643064 0
780 78 307.11740167766 301.8095253239041 300.0878780062255 0
790 79 307.2008750402321 301.8393480032241 300.092182573272 0
800 80 307.2865558860973 301.8694776468205 300.0966094096654 0
810 81 307.374391814465 301.8999287524218 300.1011588992978 0
820 82 307.4643355644027 301.9307143937284 300.1058313676765 0
830 83 307.5531341219606 301.961813013241 300.1106270842365 0
840 84 307.6386184141426 301.9931211879585 300.1155462650676 0
850 85 307.7210835690595 302.0245555532863 300.1205890760965 0
860 86 307.8007353312797 302.0560578731561 300.1257556367194 0
870 87 307.8777263231665 302.0875849019907 300.1310460238863 0
880 88 307.9521759029712 302.1191027898502 300.1364602765768 0
890 89 308.0241814937816 302.1505838887021 300.1419984005896 0
900 90 308.093825300595 302.1820048572483 300.1476603735352 0
910 91 308.1611784646157 302.2133454875329 300.1534461498739 0
920 92 308.2263037477433 302.2445879456757 300.1593556658298 0
930 93 308.2892573438778 302.275716258809 300.1653888439982 0
940 94 308.3500901515377 302.3067159540794 300.1715455974673 0
950 95 308.4088487010798 302.3375737953322 300.1778258333088 0
960 96 308.4655758519271 302.3682775850152 300.1842294553167 0
970 97 308.5203113311269 302.3988160112348 300.1907563659116 0
980 98 308.5730921588515 302.4291785271201 300.1974064671905 0
990 99 308.6239529910268 302.4593552539811 300.2041796611103 0
1000 100 308.6729263996978 302.4893369024289 300.2110758488594 0
1010 101 308.7200431056002 302.5191147073437 300.218094929483 0
1020 102 308.7653321733835 302.5486803737026 300.2252367978467 0
1030 103 308.8088211771611 302.5780260310485 300.2325013420519 0
1040 104 308.874605581411 302.6073951782808 300.2398884404044 0
1050 105 308.9548535870578 302.6373898573658 300.247397958047 0
1060 106 309.0312963248512 302.6678554513146 300.2550297433687 0
1070 107 309.1046207958521 302.6985988965644 300.262783624287 0
1080 108 309.1752456914451 302.7295021421103 300.2706594045158 0
1090 109 309.2434421344324 302.7604887127048 300.2786568599587 0
1100 110 309.309396513234 302.7915060200806 300.2867757354187 0
1110 111 309.3732445109812 302.8225157819078 300.2950157418555 0
1120 112 309.4350900609896 302.853488683832 300.3033765544172 0
1130 113 309.4950162566161 302.8844013063777 300.3118578114333 0
1140 114 309.5530918645964 302.9152342894599 300.3204591144665 0
1150 115 309.6093753694045 302.9459711918417 300.3291800294044 0
1160 116 309.663917587672 302.9765977530141 300.3380200884953 0
1170 117 309.7167634261285 303.007101396084 300.3469787931222 0
1180 118 309.7679531081113 303.0374708802224 300.3560556170872 0
1190 119 309.8175230583686 303.0676960493328 300.3652500101433 0
1200 120 309.8666104459249 303.0977791556806 300.3745614015361 0
1210 121 309.9159782426865 303.1277510275174 300.3839892033361 0
1220 122 309.9655407677084 303.157635957191 300.3935328133949 0
1230 123 310.0152420196279 303.1874499084186 300.4031916178026 0
1240 124 310.0650433432051 303.2172039625855 300.4129649927751 0
1250 125 310.1149167125769 303.2469062097389 300.4228523059426 0
1260 126 310.164840928575 303.2765628194506 300.4328529170591 0
1270 127 310.2147993869257 303.3061786695987 300.4429661781783 0
1280 128 310.2647787156665 303.3357577305564 300.4531914333807 0
1290 129 310.3147679082244 303.365303309916 300.4635280181564 0
1300 130 310.3647577487947 303.3948182149634 300.4739752585403 0
1310 131 310.4147404163911 303.4243048648518 300.4845324701278 0
1320 132 310.4647092022387 303.4537653708389 300.495198957059 0
1330 133 310.5146583017062 303.4832015954693 300.5059740110721 0
1340 134 310.5645826569815 303.5126151973822 300.5168569106896 0
1350 135 310.614477835391 303.5420076659743 300.5278469205941 0
1360 136 310.664339933464 303.5713803486914 300.5389432912252 0
1370 137 310.7141655000545 303.6007344728306 300.5501452586158 0
1380 138 310.7639514738603 303.6300711631616 300.5614520444699 0
1390 139 310.8136951320403 303.6593914563078 300.5728628564711 0
1400 140 310.8633940475019 303.688696312575 300.5843768888019 0
1410 141 310.9130460530702 303.7179866257505 300.5959933228544 0
1420 142 310.9626492111786 303.7472632312633 300.6077113280988 0
1430 143 311.0122017880408 303.7765269130178 300.6195300630839 0
1440 144 311.0617022314946 303.8057784091407 300.6314486765373 0
1450 145 311.1111491518728 303.8350184168356 300.6434663085405 0
1460 146 311.1605413054114 303.8642475965013 300.6555820917496 0
1470 147 311.2098775797631 303.8934665752383 300.6677951526417 0
1480 148 311.2591316614545 303.9226756858235 300.6801046127617 0
1490 149 311.3082858669848 303.9518745951689 300.6925095899555 0
1500 150 311.3573420245049 303.9810631093447 300.7050091995742 0
1510 151 311.4063013258348 304.0102412145917 300.7176025556393 0
1520 152 311.4551646072893 304.0394089983092 300.7302887719518 0
1530 153 311.5039325014683 304.0685666058085 300.7430669631514 0
1540 154 311.5526055221302 304.0977142159368 300.7559362457051 0
1550 155 311.6011841130278 304.1268520268746 300.7688957388352 0
1560 156 311.6496686768723 304.1559802475666 300.7819445653757 0
1570 157 311.6980595929966 304.1850990923631 300.7950818525604 0
1580 158 311.7463572284309 304.2142087775543 300.8083067327379 0
1590 159 311.7945619449847 304.2433095190609 300.82161834402 0
1600 160 311.8426741038432 304.2724015308561 300.8350158308587 0
1610 161 311.8906940685741 304.3014850238697 300.8484983445587 0
1620 162 311.9386222070804 304.330560205217 300.8620650437259 0
1630 163 311.9864588928391 304.359627277657 300.8757150946533 0
1640 164 312.0342045056575 304.3886864392157 300.8894476716538 0
1650 165 312.0818594320876 304.4177378829289 300.9032619573341 0
1660 166 312.1294240656021 304.4467817966761 300.9171571428252 0
1670 167 312.176898806599 304.4758183630836 300.9311324279632 0
1680 168 312.2242840622903 304.5048477594809 300.9451870214327 0
1690 169 312.2715802465028 304.5338701578964 300.9593201408697 0
1700 170 312.318787779426 304.5628857250871 300.9735310129336 0
1710 171 312.365907087318 304.5918946225922 300.9878188733497 0
1720 172 312.4129386021901 304.6208970068058 301.002182966924 0
1730 173 312.4598827614697 304.6498930290645 301.0166225475368 0
1740 174 312.5067400076668 304.6788828357479 301.0311368781157 0
1750 175 312.5535107880319 304.7078665683854 301.0457252305899 0
1760 176 312.6001955542172 304.7368443637711 301.0603868858308 0
1770 177 312.6467947619506 304.7658163540823 301.0751211335801 0
1780 178 312.6933088707071 304.7947826670013 301.0899272723661 0
1790 179 312.7397383434002 304.8237434258389 301.1048046094094 0
1800 180 312.786083646076 304.8526987496581 301.1197524605262 0
1810 181 312.8323452476254 304.8816487533988 301.1347701500184 0
1820 182 312.8785236195015 304.9105935480011 301.1498570105645 0
1830 183 312.9246192354523 304.9395332405267 301.1650123831012 0
1840 184 312.9706325712636 304.9684679342801 301.1802356167062 0
1850 185 313.0165641045161 304.9973977289268 301.1955260684774 0
1860 186 313.062414314349 305.0263227206093 301.2108831034074 0
1870 187 313.1081836812394 305.0552430020608 301.2263060942626 0
1880 188 313.1538726867893 305.084158662717 301.2417944214563 0
1890 189 313.199481813523 305.1130697888231 301.2573474729248 0
1900 190 313.245011544696 305.1419764635409 301.2729646440038 0
1910 191 313.2904623641119 305.1708787670503 301.288645337303 0
1920 192 313.3358347559494 305.1997767766505 301.3043889625836 0
1930 193 313.3811292045971 305.2286705668556 301.3201949366376 0
1940 194 313.4263461944951 305.25756020949 301.3360626831662 0
1950 195 313.4714862099889 305.286445773779 301.3519916326628 0
1960 196 313.5165497351874 305.3153273264381 301.3679812222928 0
1970 197 313.5615372538261 305.3442049317582 301.3840308957792 0
1980 198 313.6064492491454 305.373078651689 301.4001401032907 0
1990 199 313.6512862037643 305.4019485459199 301.4163083013275 0
2000 200 313.6960485995683 305.4308146719571 301.4325349526135 0
2010 201 313.7407369176007 305.4596770852001 301.4488195259875 0
2020 202 313.7853516379591 305.4885358390135 301.4651614962976 0
2030 203 313.8298932396982 305.5173909847987 301.481560344298 0
2040 204 313.8743622007362 305.5462425720614 301.4980155565474 0
2050 205 313.9187589977684 305.5750906484778 301.5145266253091 0
2060 206 313.9630841061826 305.6039352599584 301.5310930484549 0
2070 207 314.0073379999813 305.6327764507097 301.5477143293697 0
2080 208 314.0515211517062 305.6616142632936 301.5643899768572 0
2090 209 314.0956340323696 305.6904487386855 301.5811195050496 0
2100 210 314.1396771113845 305.7192799163291 301.5979024333195 0
2110 211 314.1836508565045 305.748107834191 301.6147382861906 0
2120 212 314.227555733762 305.7769325288123 301.631626593255 0
2130 213 314.2713922074134 305.8057540353582 301.6485668890898 0
2140 214 314.3151607398835 305.8345723876677 301.6655587131729 0
2150 215 314.3588617917182 305.8633876182992 301.6826016098076 0
2160 216 314.4024958215365 305.8921997585763 301.6996951280427 0
2170 217 314.4460632859829 305.9210088386316 301.7168388215971 0
2180 218 314.4895646396893 305.9498148874484 301.7340322487862 0
2190 219 314.5330003352337 305.9786179329017 301.7512749724502 0
2200 220 314.5763708231025 306.0074180017974 301.7685665598821 0
2210 221 314.6196765516577 306.0362151199105 301.7859065827588 0
2220 222 314.6629179671019 306.0650093120216 301.803294617076 0
2230 223 314.7060955134505 306.093800601952 301.8207302430796 0
2240 224 314.7492096325001 306.1225890125987 301.8382130452029 0
2250 225 314.7922607638038 306.1513745659663 301.8557426120035 0
2260 226 314.8352493446468 306.1801572831998 301.8733185361008 0
2270 227 314.8781758100208 306.208937184615 301.8909404141201 0
2280 228 314.9210405926059 306.2377142897281 301.9086078466278 0
2290 229 314.9638441227482 306.2664886172843 301.9263204380803 0
2300 230 315.0065868284447 306.2952601852859 301.9440777967645 0
2310 231 315.0492691353222 306.3240290110189 301.9618795347425 0
2320 232 315.0918914666256 306.3527951110781 301.9797252678016 0
2330 233 315.1344542432016 306.3815585013929 301.9976146153989 0
2340 234 315.1769578834885 306.4103191972511 302.0155472006124 0
2350 235 315.2194028035007 306.4390772133218 302.0335226500894 0
2360 236 315.2617894168237 306.4678325636778 302.0515405939989 0
2370 237 315.3041181345974 306.4965852618178 302.0696006659833 0
2380 238 315.3463893655174 306.5253353206865 302.0877025031126 0
2390 239 315.3886035158198 306.5540827526954 302.105845745836 0
2400 240 315.4307609892793 306.5828275697413 302.1240300379415 0
2410 241 315.4728621872039 306.6115697832267 302.1422550265085 0
2420 242 315.5149075084289 306.6403094040758 302.1605203618661 0
2430 243 315.5568973493138 306.6690464427537 302.1788256975522 0
2440 244 315.5988321037423 306.6977809092825 302.1971706902713 0
2450 245 315.6407121631175 306.7265128132578 302.2155549998556 0
2460 246 315.6825379163624 306.7552421638641 302.2339782892233 0
2470 247 315.724309749917 306.7839689698903 302.2524402243426 0
2480 248 315.7660280477449 306.812693239744 302.2709404741938 0
2490 249 315.8076931913269 306.8414149814661 302.2894787107299 0
2500 250 315.84930555967 306.8701342027439 302.3080546088427 0
2510 251 315.8908655293017 306.8988509109248 302.3266678463277 0
2520 252 315.9325270207613 306.9275667141428 302.3453181038462 0
2530 253 315.9743922698859 306.956287090081 302.3640050648944 0
2540 254 316.0164457784428 306.9850165175683 302.3827284157695 0
2550 255 316.0586764438904 307.0137582395603 302.4014878455349 0
2560 256 316.1010758090705 307.042514752463 302.4202830459899 0
2570 257 316.1436370994717 307.0712880772953 302.4391137116394 0
2580 258 316.186354670719 307.1000799153553 302.4579795396642 0
2590 259 316.2292236783968 307.1288917412763 302.4768802299005 0
2600 260 316.272239871826 307.1577248611675 302.4958154848233 0
2610 261 316.3153994592371 307.1865804506306 302.5147850095468 0
2620 262 316.3586990156007 307.2154595807502 302.5337885118408 0
2630 263 316.4021354169516 307.2443632366022 302.5528257021716 0
2640 264 316.4457057918435 307.2732923309215 302.5718962937668 0
2650 265 316.4894074843075 307.3022477145103 302.5910000027126 0
2660 266 316.5332380248293 307.3312301843686 302.6101365480786 0
2670 267 316.5771951070966 307.3602404901839 302.6293056520732 0
2680 268 316.6212765690244 307.3892793395983 302.6485070402296 0
2690 269 316.6654803770277 307.4183474025499 302.6677404416117 0
2700 270 316.7098046128074 307.4474453148914 302.6870055890421 0
2710 271 316.7542474621314 307.47657368144 302.7063022193486 0
2720 272 316.7988072052113 307.5057330785723 302.7256300736149 0
2730 273 316.8434822083723 307.5349240564484 302.7449888974396 0
2740 274 316.8875111369582 307.5621947840794 302.7643784411962 1.716834756369936e-05
2750 275 316.9279855141178 307.5875534281367 302.7837984602867 5.793094133793089e-05
2760 276 316.9650340550498 307.61251718745 302.8032487153823 0.0001099765421546869
2770 277 316.9990822154571 307.6371447296008 302.8227289726321 0.0001718916892975156
2780 278 317.0305028064405 307.6614792225108 302.8422390037333 0.0002425030129464269
2790 279 317.0596228828073 307.6855533052063 302.8617785856258 0.0003208225577285709
2800 280 317.086729598054 307.7093922802345 302.8813474994611 0.0004060094739379236
2810 281 317.112075226573 307.7330162126331 302.9009455284905 0.0004973422160951045
2820 282 317.1358814999963 307.7564413429007 302.9205724546035 0.0005941977010136479
2830 283 317.1583433693285 307.7796810605284 302.9402280534778 0.0006960352272888144
2840 284 317.1796322803805 307.8027465899888 302.9599120884668 0.0008023837595328715
2850 285 317.1998990329172 307.825647484489 302.9796243035634 0.000912831665542577
2860 286 317.2192762813153 307.8483919884253 302.9993644158585 0.001027018294002669
2870 287 317.2378807249555 307.8709873082496 303.0191321079611 0.001144626969377062
2880 288 317.2558150290552 307.8934398181344 303.0389270208285 0.001265379102832352
2890 289 317.2731695106473 307.9157552183076 303.0587487473745 0.001389029199011644
2900 290 317.2900236194749 307.9379386584013 303.0785968271391 0.001515360593489507
2910 291 317.3064472395077 307.9599948345098 303.0984707422 0.00164418179411317
2920 292 317.3225018333366 307.9819280661918 303.1183699144215 0.001775323326849381
2930 293 317.3382414488106 308.0037423579773 303.1382937040322 0.001908635006853877
2940 294 317.3537136047733 308.0254414487664 303.1582414094822 0.002043983570513128
2950 295 317.3689600706273 308.0470288516817 303.1782122684597 0.002181250615740794
2960 296 317.3840175526105 308.0685078863346 303.1982054599361 0.002320330806769699
2970 297 317.3989182980513 308.0898817050299 303.2182201070764 0.002461130306801174
2980 298 317.4042999283081 308.1111481010878 303.238255280848 0.002602746507756476
2990 299 317.4031237037379 308.1322934237031 303.2583100041743 0.002742741772914791
3000 300 317.4025802579239 308.1533158517603 303.2783832564778 0.002880836369796765
3010 301 317.4025913068078 308.1742166881981 303.2984739784788 0.003017197059249266
3020 302 317.4030883141517 308.1949974827672 303.3185810771272 0.003151968648391787
3030 303 317.4040106948133 308.2156599373482 303.3387034305666 0.003285277098338471
3040 304 317.4053048787949 308.2362058425961 303.3588398930315 0.003417232097478536
3050 305 317.4069234876241 308.2566370348794 303.3789892996136 0.003547929223895783
3060 306 317.4088246089987 308.2769553666409 303.3991504708289 0.003677451782906782
3070 307 317.4109711575665 308.2971626858182 303.4193222169322 0.003805872381483177
3080 308 317.4133303113497 308.3172608214939 303.4395033419494 0.00393325428550396
3090 309 317.4158730146721 308.3372515739063 303.4596926473939 0.004059652595132336
3100 310 317.418573539607 308.35713670756 303.4798889356589 0.004185115266169174
3110 311 317.4214090989626 308.3769179465681 303.5000910130793 0.004309683999857963
3120 312 317.4243595046697 308.3965969716213 303.5202976926614 0.004433395019613604
3130 313 317.4274068661981 308.4161754181505 303.5405077965033 0.004556279750076863
3140 314 317.430535324263 308.4356548753721 303.5607201579111 0.004678365411472173
3150 315 317.4337308156539 308.4550368859848 303.580933623236 0.004799675540311795
3160 316 317.4369808655331 308.4743229463485 303.6011470534553 0.004920230445900379
3170 317 317.4402744039637 308.4935145070188 303.6213593255134 0.005040047610780705
3180 318 317.4436016038222 308.5126129735368 303.6415693334565 0.005159142042157258
3190 319 317.4469537375911 308.5316197074047 303.6617759893753 0.005277526580402953
3200 320 317.4503230508171 308.5505360271873 303.6819782241748 0.005395212169954561
3210 321 317.4537026502845 308.5693632096985 303.702174988206 0.005512208097226999
3220 322 317.4570864051778 308.5881024912392 303.7223652517555 0.005628522199585968
3230 323 317.4604688597294 308.6067550688596 303.7425480054281 0.005744161048906896
3240 324 317.4638451559883 308.6253221016305 303.7627222604265 0.005859130112816738
3250 325 317.4672109655522 308.6438047119049 303.7828870487439 0.005973433896324354
3260 326 317.470562429201 308.6622039865622 303.8030414232827 0.006087076066213329
3270 327 317.4738961035169 308.6805209782272 303.8231844579051 0.006200059560283105
3280 328 317.4772089136798 308.698756706455 303.8433152474279 0.006312386683266106
3290 329 317.4804981117132 308.7169121588839 303.8634329075679 0.006424059191030363
3300 330 317.48376123955 308.7349882923477 303.8835365748431 0.006535078364474083
3310 331 317.4869960963578 308.7529860339506 303.9036254064376 0.006645445074359459
3320 332 317.4902007096271 308.7709062821024 303.9236985800333 0.006755159838173337
3330 333 317.4933733095889 308.7887499075146 303.9437552936129 0.006864222869972522
3340 334 317.496512306568 308.8065177541567 303.9637947652417 0.006972634124063413
3350 335 317.4996162709405 308.8242106401761 303.9838162328214 0.007080393333253601
3360 336 317.5026839153866 308.8418293587807 304.0038189538335 0.007187500042330915
3370 337 317.5057140791752 308.8593746790855 304.023802205061 0.007293953637346202
3380 338 317.5087057142492 308.8768473469264 304.0437652823001 0.007399753371202269
3390 339 317.511657872894 308.8942480856404 304.0637075000577 0.007504898386001034
3400 340 317.5145696968133 308.9115775968153 304.0836281912409 0.007609387732532605
3410 341 317.5174404074514 308.9288365610094 304.1035267068382 0.007713220387260993
3420 342 317.5202692974074 308.946025638443 304.1234024155934 0.007816395267100543
3430 343 317.5230557228275 308.9631454696633 304.1432547036742 0.007918911242260303
3440 344 317.5257990966579 308.9801966761834 304.1630829743353 0.008020767147385652
3450 345 317.5284988826538 308.9971798610964 304.182886647581 0.008121961791205383
3460 346 317.5311545900695 309.0140956096684 304.2026651598239 0.008222493964870277
3470 347 317.5337657689379 309.0309444899067 304.2224179635398 0.008322362449139895
3480 348 317.5363320058816 309.0477270531092 304.2421445269283 0.008421566020561305
3490 349 317.538852920392 309.0644438343934 304.261844333567 0.0085201034567621
3500 350 317.5413281615213 309.0810953532056 304.2815168820692 0.008617973540973026
3510 351 317.5437574049365 309.0976821138128 304.3011616857444 0.008715175065867234
3520 352 317.5461403503069 309.114204605778 304.3207782722594 0.008811706836810221
3530 353 317.5484767189717 309.1306633044167 304.3403661833003 0.008907567674589089
3540 354 317.5507662518644 309.1470586712405 304.3599249742395 0.009002756417690282
3550 355 317.5530087076663 309.1633911543836 304.3794542138049 0.009097271924181681
3560 356 317.5552038611546 309.1796611890163 304.3989534837551 0.009191113073250151
3570 357 317.557351501733 309.1958691977434 304.4184223785533 0.009284278766438553
3580 358 317.5600649071238 309.2120159315457 304.4378605050524 0.009376821425662244
3590 359 317.5637335090415 309.2281031915958 304.4572674821783 0.009468945064454917
3600 360 317.5682580845317 309.2441329938954 304.4766429406223 0.009560856918416792
3610 361 317.573550956315 309.260107347018 304.495986522535 0.00965273856453904
3620 362 317.5795345986169 309.2760282300553 304.5152978812288 0.00974474909802457
3630 363 317.5861404516468 309.291897578424 304.5345766808833 0.009837027893633337
3640 364 317.5933078754012 309.3077172749894 304.5538225962583 0.009929697013775836
3650 365 317.6009832262425 309.3234891448284 304.5730353124106 0.01002286331356103
3660 366 317.6091190417166 309.3392149525075 304.592214524422 0.0101166202841572
3670 367 317.6176733208313 309.354896401106 304.6113599371368 0.01021104966909489
3680 368 317.626608888543 309.3705351324475 304.6304712649079 0.0103062228828731
3690 369 317.635892834548 309.386132728162 304.6495482313603 0.01040220225698157
3700 370 317.6454960176379 309.4016907113066 304.6685905691699 0.01049904213497112
3710 371 317.6553926279387 309.417210548353 304.6875980198597 0.01059678983529736
3720 372 317.6655598002272 309.4326936513951 304.7065703336189 0.01069548649820396
3730 373 317.6759772723597 309.4481413804823 304.725507269142 0.01079516783082246
3740 374 317.6866270835147 309.4635550459948 304.7444085934927 0.01089586476286693
3750 375 317.6974933075975 309.4789359110166 304.7632740819865 0.0109976040237534
3760 376 317.7085618176991 309.4942851936611 304.782103518101 0.01110040865062848
3770 377 317.7198200779717 309.509604069329 304.8008966934062 0.01120429843562469
3780 378 317.731256959722 309.5248936728756 304.8196534075093 0.01130929031964142
3790 379 317.7428625788947 309.5401551006812 304.8383734680278 0.01141539873906116
3800 380 317.7546281524488 309.5553894126149 304.8570566905682 0.0115226359310353
3810 381 317.7665458714249 309.5705976338924 304.8757028987268 0.01163101220228898
3820 382 317.7786087887501 309.5857807568242 304.8943119240949 0.01174053616580709
3830 383 317.790810720072 309.600939742461 304.9128836062789 0.01185121494922185
3840 384 317.8031461560982 309.6160755221345 304.9314177929189 0.01196305437828576
3850 385 317.8156101850999 309.6311889989028 304.949914339719 0.01207605913839136
3860 386 317.8281984243984 309.6462810489016 304.9683731104734 0.01219023291675424
3870 387 317.8409069597917 309.6613525226088 304.9867939770945 0.01230557852755951
3880 388 317.8537322919918 309.6764042460261 305.005176819638 0.01242209802209789
3890 389 317.8666712892601 309.6914370217856 305.0235215263249 0.01253979278567885
3900 390 317.8797211455216 309.7064516301832 305.0418279935562 0.01265866362289302
3910 391 317.8928793433171 309.7214488301462 305.0600961259248 0.01277871083260976
3920 392 317.9061436210366 309.7364293601411 305.0783258362136 0.0128999342739307
3930 393 317.9195119439345 309.7513939390221 305.0965170453943 0.01302233342417437
3940 394 317.9329824784852 309.766343266829 305.1146696826097 0.01314590742984321
3950 395 317.9465535696925 309.7812780255364 305.1327836851502 0.01327065515140346
3960 396 317.960223721016 309.7961988797581 305.1508589984204 0.01339657520262081
3970 397 317.9739915766044 309.81110647741 305.1688955758985 0.01352366598509597
3980 398 317.9878559055673 309.8260014503363 305.1868933790842 0.0136519257185727
3990 399 318.0018155880566 309.8408844148998 305.2048523774362 0.01378135246752534
4000 400 318.0158696029435 309.8557559725409 305.2227725483052 0.013911944164469
4010 401 318.0300170169056 309.8706167103057 305.2406538768535 0.01404369863038265
4020 402 318.0442569747613 309.885467201348 305.2584963559704 0.01417661359259111
4030 403 318.0585886909136 309.900308005405 305.2762999861786 0.01431068670041192
4040 404 318.0730114417643 309.9151396692505 305.2940647755306 0.0144459155388316
4050 405 318.0875245589953 309.929962727125 305.3117907395035 0.01458229764045383
4060 406 318.1021274236141 309.9447777011476 305.3294779008845 0.01471983049592031
4070 407 318.1168194606746 309.959585101707 305.3471262896512 0.01485851156299425
4080 408 318.1316001345946 309.9743854278368 305.3647359428458 0.01499833827446302
4090 409 318.1464689450081 309.9891791675737 305.3823069044462 0.01513930804500594
4100 410 318.1614254230786 310.0039667983003 305.3998392252342 0.01528141827715523
4110 411 318.1764691282308 310.018748787075 305.4173329626574 0.01542466636645191
4120 412 318.1915996452527 310.033525590947 305.4347881806879 0.0155690497059024
4130 413 318.2068165817169 310.0482976572597 305.4522049496816 0.0157145656898197
4140 414 318.2221195656922 310.0630654239422 305.4695833462337 0.01586121171712248
4150 415 318.2375082437092 310.0778293197897 305.4869234530291 0.01600898519416206
4160 416 318.2529822789535 310.0925897647334 305.5042253586995 0.01615788353713166
4170 417 318.2685413496544 310.1073471701008 305.5214891576708 0.01630790417411227
4180 418 318.2841851476575 310.1221019388661 305.538714950016 0.01645904454680139
4190 419 318.2996089045154 310.1368542968718 305.5559028413044 0.01661127556094863
4200 420 318.3146189656013 310.1516039350042 305.5730529424546 0.01676449291437912
4210 421 318.3292642152679 310.1663504241956 305.5901653695831 0.0169185907352752
4220 422 318.3435878219817 310.1810933261229 305.6072402438572 0.01707347591689549
4230 423 318.3576279290368 310.1958322045315 305.6242776913478 0.01722906654165728
4240 424 318.3714182418421 310.2105666326457 305.6412778428833 0.01738529051122618
4250 425 318.3849885461779 310.2252961979274 305.658240833904 0.01754208435174832
4260 426 318.3983651656181 310.2400205050188 305.6751668043173 0.01769939216933776
4270 427 318.4115713653269 310.2547391774245 305.6920558983565 0.01785716473531096
4280 428 318.4246277085492 310.2694518583178 305.7089082644331 0.01801535868400038
4290 429 318.4375523713873 310.2841582107368 305.7257240549935 0.01817393580859248
4300 430 318.4503614207619 310.2988579173589 305.7425034263724 0.01833286244253748
4310 431 318.4630690598843 310.3135506799877 305.7592465386414 0.01849210891580963
4320 432 318.4756878450591 310.3282362188509 305.7759535554559 0.0186516490767372
4330 433 318.4882288771727 310.3429142717774 305.7926246438936 0.01881145987133241
4340 434 318.50070197084 310.3575845933061 305.8092599742907 0.01897152097310121
4350 435 318.5131158038222 310.3722469537639 305.8258597200694 0.01913181445718951
4360 436 318.5254780490248 310.3869011383384 305.8424240575611 0.01929232451350173
4370 437 318.5377954911158 310.401546946165 305.8589531658248 0.01945303719408846
4380 438 318.550074129558 310.4161841894423 305.8754472264543 0.01961394019067969
4390 439 318.5623192696463 310.4308126925828 305.8919064233886 0.01977502263874755
4400 440 318.5745356029482 310.4454322914073 305.908330942713 0.01993627494491393
4410 441 318.5867272783876 310.4600428323832 305.9247209724596 0.02009768863492098
4420 442 318.5988979650605 310.4746441719115 305.9410767024056 0.02025925621969914
4430 443 318.6110509077481 310.4892361756594 305.9573983238716 0.02042097107737904
4440 444 318.6231889759811 310.5038187179399 305.9736860295184 0.02058282734934531
4450 445 318.6353147074039 310.5183916811362 305.9899400131508 0.02074481984866338
4460 446 318.647430346102 310.5329549551685 306.0061604695192 0.02090694397940033
4470 447 318.6595378764861 310.5475084370013 306.0223475941285 0.02106919566555351
4480 448 318.6716390532391 310.5620520301894 306.0385015830502 0.02123157128843802
4490 449 318.6837354277953 310.5765856444588 306.0546226327403 0.0213940676315303
4500 450 318.6958283717474 310.5911091953208 306.0707109398663 0.02155668183188537
4510 451 318.7079190975442 310.6056226037169 306.0867667011385 0.02171941133734
4520 452 318.7200086767905 310.6201257956919 306.1027901131495 0.0218822538688243
4530 453 318.732098056427 310.6346187020923 306.1187813722229 0.02204520738716832
4540 454 318.7441880730414 310.6491012582896 306.1347406742701 0.0222082700638728
4550 455 318.7562794655225 310.6635734039239 306.1506682146525 0.02237144025537384
4560 456 318.7683728862544 310.6780350826681 306.1665641880569 0.02253471648038628
4570 457 318.7804689110141 310.6924862420112 306.1824287883775 0.02269809739996043
4580 458 318.792568047732 310.7069268330554 306.1982622086047 0.02286158179992969
4590 459 318.8046707442368 310.7213568103312 306.2140646407241 0.02302516857546715
4600 460 318.8167773951093 310.7357761316241 306.2298362756247 0.02318885671749714
4610 461 318.8288873911469 310.7493972969689 306.2455773030122 0.02335887264615103
4620 462 318.8409934554938 310.7625490692856 306.2612879113325 0.02353263329150404
4630 463 318.8530864717481 310.7755481121876 306.2769682876877 0.02370765522802408
4640 464 318.865158611398 310.788413023875 306.2926186176515 0.02388380846577327
4650 465 318.8772031809664 310.801157928793 306.3082390847286 0.02406099585252405
4660 466 318.8892144784769 310.8137938734145 306.3238298690924 0.0242391423649767
4670 467 318.9011876684093 310.8263297266373 306.3393911453038 0.02441818827871266
4680 468 318.9131186725167 310.8387727753661 306.3549230789406 0.02459808471652649
4690 469 318.9250040743447 310.8511291286303 306.3704258222966 0.0247787906832516
4700 470 318.9368410356331 310.8634039987734 306.3858995095088 0.02496027104802528
4710 471 318.9486272230628 310.8756019018828 306.4013442515438 0.02514249514243348
4720 472 318.9603607440292 310.8877268038887 306.4167601314761 0.02532543576692912
4730 473 318.9720400903095 310.8997822292329 306.4321472004166 0.02550906847312224
4740 474 318.9836640886335 310.911771343139 306.4475054743437 0.02569337103594442
4750 475 318.9952318573132 310.9236970148573 306.4628349319762 0.02587832305882479
4760 476 319.0067427681789 310.9355618669124 306.4781355137289 0.02606390567358752
4770 477 319.0181964131724 310.9473683138756 306.4934071217094 0.02625010130887027
4780 478 319.0295925750324 310.9591185931731 306.5086496206514 0.02643689350883614
4790 479 319.0409312015718 310.9708147897647 306.5238628396548 0.02662426678929157
4800 480 319.0522123831082 310.9824588560543 306.539046574569 0.02681220652199715
4810 481 319.0634363326703 310.9940526280616 306.5542005908817 0.02700069884047025
4820 482 319.0746033686392 311.0055978386416 306.5693246269449 0.02718973056235231
4830 483 319.0857138995308 311.0170961283609 306.5844183974207 0.02737928912469254
4840 484 319.0967684106622 311.0285490545073 306.5994815968202 0.02756936252939662
4850 485 319.1077674524719 311.0399580986041 306.6145139030482 0.02775993929675247
4860 486 319.1187116302956 311.0513246727272 306.6295149808682 0.02795100842544231
4870 487 319.1296015954213 311.0626501248572 306.6444844852326 0.02814255935781267
4880 488 319.1404380372631 311.0739357434537 306.6594220644307 0.02833458194943712
4890 489 319.151221676532 311.0851827613996 306.6743273630257 0.02852706644222091
4900 490 319.1619532592645 311.0963923594338 306.6892000245593 0.02872000344045416
4910 491 319.1726335516233 311.1075656691687 306.7040396940152 0.02891338388934186
4920 492 319.1832633353628 311.1187037757661 306.718846020038 0.029107199055627
4930 493 319.1938434038825 311.1298077203329 306.7336186569111 0.02930144050999876
4940 494 319.2043745588043 311.140878502086 306.748357266299 0.02949610011104345
4950 495 319.2148576069951 311.1519170803245 306.7630615187687 0.02969116999052248
4960 496 319.2252933579957 311.16292437624 306.777731095097 0.02988664253982153
4970 497 319.2356826217936 311.1739012745914 306.7923656873848 0.03008251039741674
4980 498 319.2460262069083 311.1848486252642 306.8069649999876 0.03027876643724825
4990 499 319.2563249187389 311.195767244728 306.8215287502771 0.03047540375790246
5000 500 319.2665795581563 311.2066579174101 306.8360566692556 0.03067241567251741
5010 501 319.2767909202945 311.2175213969904 306.8505485020277 0.03086979569933277
5020 502 319.2869597935268 311.2283584076318 306.8650040081517 0.03106753755283398
5030 503 319.2970869585997 311.2391696451477 306.8794229618798 0.03126563513542999
5040 504 319.3071731879061 311.2499557781166 306.8938051522978 0.03146408252961613
5050 505 319.3172192448799 311.2607174489466 306.9081503833829 0.03166287399058765
5060 506 319.3272258834918 311.2714552748943 306.9224584739787 0.03186200393926169
5070 507 319.3371938478481 311.2821698490406 306.9367292577103 0.03206146695568009
5080 508 319.3471238718578 311.2928617412285 306.950962582836 0.03226125777275721
5090 509 319.3570166789787 311.3035314989615 306.9651583120536 0.03246137127036066
5100 510 319.3668729820186 311.3141796482695 306.9793163222625 0.03266180246968241
5110 511 319.3766934829946 311.3248066945397 306.9934365042906 0.03286254652790353
5120 512 319.3864788730342 311.3354131233162 307.0075187625897 0.03306359873310861
5130 513 319.3962298323196 311.3459994010699 307.0215630149088 0.03326495449945315
5140 514 319.4059470300615 311.3565659759398 307.0355691919448 0.03346660936255368
5150 515 319.4156311245088 311.3671132784452 307.0495372369803 0.03366855897509946
5160 516 319.4252827629789 311.3776417221735 307.0634671055072 0.03387079910265904
5170 517 319.4349025819113 311.3881517044404 307.0773587648399 0.03407332561968165
5180 518 319.4444912069378 311.3986436069271 307.0912121937279 0.03427613450567351
5190 519 319.4540492529733 311.4091177962932 307.1050273819587 0.03447922184154403
5200 520 319.4635773243162 311.4195746247664 307.1188043299632 0.03468258380611079
5210 521 319.4730760147594 311.4300144307114 307.1325430484211 0.03488621667275291
5220 522 319.4825459077128 311.4404375391765 307.1462435578666 0.03509011680620627
5230 523 319.4919875763304 311.45084426242 307.1599058882998 0.03529428065949545
5240 524 319.5014015836499 311.461234900418 307.1735300788014 0.03549870477099124
5250 525 319.5107884827304 311.4716097413514 307.1871161771555 0.03570338576158792
5260 526 319.520148816797 311.4819690620758 307.2006642394754 0.03590832033199293
5270 527 319.5294831193872 311.4923131285736 307.2141743298392 0.03611350526013191
5280 528 319.5387919145026 311.5026421963884 307.2276465199348 0.03631893739864957
5290 529 319.5480757167588 311.512956511044 307.2410808887077 0.03652461367251165
5300 530 319.5573350315362 311.5232563084465 307.2544775220243 0.03673053107670032
5310 531 319.5665703551357 311.5335418152711 307.2678365123403 0.03693668667400153
5320 532 319.5757821749269 311.5438132493359 307.2811579583786 0.03714307759287101
5330 533 319.584970969501 311.5540708199588 307.2944419648172 0.03734970102538516
5340 534 319.5941372088241 311.5643147283023 307.3076886419872 0.0375565542252696
5350 535 319.6032813543841 311.5745451677059 307.3208981055779 0.03776363450599944
5360 536 319.6124038593398 311.5847623240033 307.3340704763552 0.03797093923896913
5370 537 319.6215051686697 311.5949663758296 307.3472058798857 0.0381784658517352
5380 538 319.6305857193142 311.6051574949155 307.3603044462728 0.03838621182631541
5390 539 319.6396459403231 311.6153358463705 307.3733663098993 0.03859417469755606
5400 540 319.6486862529918 311.625501588955 307.3863916091827 0.0388023520515545
5410 541 319.657707071007 311.6356548753422 307.399380486336 0.03901074152413982
5420 542 319.6667088005798 311.6457958523692 307.4123330871382 0.0392193407994077
5430 543 319.6756918405832 311.6559246612785 307.4252495607154 0.03942814760830605
5440 544 319.6846565826838 311.6660414379509 307.4381300593284 0.03963715972727157
5450 545 319.6936034114742 311.6761463131279 307.4509747381666 0.03984637497691244
5460 546 319.7025327046007 311.6862394126263 307.4637837551553 0.04005579122073818
5470 547 319.7114448328901 311.6963208575447 307.4765572707659 0.04026540636393441
5480 548 319.7203401604735 311.7063907644604 307.4892954478354 0.04047521835217593
5490 549 319.7292190449101 311.7164492456203 307.5019984513921 0.04068522517048587
5500 550 319.7380818373038 311.7264964091231 307.5146664484912 0.04089542484212927
5510 551 319.746928882425 311.7365323590948 307.5272996080553 0.04110581542754468
5520 552 319.7557605188221 311.7465571958572 307.5398981007196 0.04131639502331561
5530 553 319.7645770789367 311.7565710160892 307.5524620986893 0.04152716176117045
5540 554 319.7733788892153 311.7665739129829 307.5649917755961 0.04173811380702195
5550 555 319.7821662702175 311.776565976392 307.5774873063667 0.04194924936003385
5560 556 319.7909395367211 311.7865472929753 307.5899488670943 0.04216056665172185
5570 557 319.7996989978317 311.7965179463342 307.6023766349153 0.04237206394508187
5580 558 319.8084449570807 311.8064780171446 307.6147707878935 0.04258373953374676
5590 559 319.8171777125285 311.8164275832834 307.6271315049075 0.04279559174117397
5600 560 319.8258975568631 311.8263667199506 307.6394589655444 0.04300761891985416
5610 561 319.8346047774982 311.8362954997851 307.6517533499986 0.04321981945055055
5620 562 319.8432996566675 311.8462139929777 307.6640148389729 0.04343219174156069
5630 563 319.8519824715172 311.8561222673774 307.6762436135882 0.04364473422800149
5640 564 319.8606534941993 311.866020388596 307.6884398552947 0.04385744537111802
5650 565 319.8693129919604 311.8759084201055 307.7006037457864 0.04407032365761288
5660 566 319.8779612272294 311.8857864233338 307.7127354669211 0.04428336759899849
5670 567 319.8856068200348 311.8956539374026 307.7248352006481 0.04449648901866408
5680 568 319.8916202367767 311.9055090171692 307.7369031289312 0.04470935291249685
5690 569 319.8961618352342 311.9153496655802 307.7489394336817 0.04492161662833505
5700 570 319.8993733304051 311.9251741150161 307.7609442966931 0.04513297716002081
5710 571 319.9013800523399 311.9349807978098 307.7729178995781 0.04534316651953826
5720 572 319.9022928668314 311.9447683205431 307.784860423712 0.04555194765012276
5730 573 319.9022098705298 311.9545354416115 307.7967720501736 0.04575911081739684
5740 574 319.9012178869869 311.9642810516255 307.8086529596936 0.04596447042274654
5750 575 319.9009113675263 311.974004952616 307.8205033326047 0.04616799489221808
5760 576 319.9023222071896 311.983709315352 307.8323233487932 0.04637004926497015
5770 577 319.9052657026645 311.993396474326 307.8441131876504 0.046571026963762
5780 578 319.9095788230437 312.0030684858633 307.8558730280279 0.04677127547941501
5790 579 319.9151175557579 312.0127271633415 307.8676030481964 0.04697110174214116
5800 580 319.9217546744028 312.0223741078846 307.8793034257988 0.04717077686513164
5810 581 319.9293777687734 312.0320107351556 307.8909743378089 0.04737054033330779
5820 582 319.9378875062993 312.0416382987701 307.9026159604835 0.04757060370188686
5830 583 319.9471960976883 312.0512579107761 307.9142284693214 0.04777115386199632
5840 584 319.957225942797 312.0608705595786 307.9258120390161 0.04797235592391903
5850 585 319.9679084355497 312.0704771256337 307.9373668434086 0.04817435576269283
5860 586 319.9791829092235 312.0800783951966 307.9488930554422 0.04837728226557643
5870 587 319.9909957056065 312.0896750723629 307.9603908471126 0.04858124931627879
5880 588 320.0032993534824 312.0992677896207 307.9718603894243 0.04878635754678606
5890 589 320.0160518435889 312.1088571170941 307.9833018523416 0.04899269588400466
5900 590 320.0292159887312 312.118443570641 307.9947154047472 0.04920034291526493
5910 591 320.04275885903 312.1280276189481 308.0061012143992 0.04940936809390585
5920 592 320.0566512834899 312.1376096897416 308.0174594478926 0.04961983280368683
5930 593 320.0708674100945 312.1471901752262 308.0287902706228 0.04983179129856972
5940 594 320.0853843175465 312.156769436845 308.0400938467562 0.05004529153247967
5950 595 320.1001816726017 312.1663478094424 308.0513703392036 0.05026037589194045
5960 596 320.1152414276181 312.1759256049046 308.0626199095981 0.05047708184296746
5970 597 320.1305475536215 312.1855031153399 308.0738427182785 0.05069544250227329
5980 598 320.1460858046923 312.1950806158554 308.0850389242802 0.05091548714164861
5990 599 320.1618435100131 312.20465836698 308.0962086853272 0.05113724163336219
6000 600 320.1778093903153 312.2142366167754 308.107352157836 0.0513607288434806
6010 601 320.1939733958694 312.2238156026746 308.1184694969185 0.05158596897922221
6020 602 320.2103265634737 312.233395553081 308.1295608563941 0.05181297989572627
6030 603 320.2268608902273 312.2429766887558 308.1406263888065 0.05204177736699175
6040 604 320.2435692221062 312.2525592240221 308.1516662454421 0.05227237532519064
6050 605 320.2604451556006 312.2621433678068 308.1626805763579 0.05250478607205215
6060 606 320.2774829508927 312.2717293245405 308.1736695304087 0.05273902046559817
6070 607 320.2946774552014 312.281317294933 308.1846332552837 0.05297508808510997
6080 608 320.3120240351211 312.2909074766404 308.1955718975388 0.05321299737688073
6090 609 320.3295185168765 312.3005000648359 308.2064856026401 0.05345275578299997
6100 610 320.347157133583 312.3100952526987 308.2173745150051 0.05369436985515994
6110 611 320.3649364786756 312.3196932318289 308.228238778048 0.05393784535523225
6120 612 320.3828534647935 312.3292941925991 308.2390785342258 0.05418318734416842
6130 613 320.4009052874682 312.338898324451 308.2498939250864 0.05443040026058724
6140 614 320.4190893930646 312.3485058161428 308.2606850913199 0.05467948799025412
6150 615 320.4374034504629 312.3581168559556 308.2714521728094 0.05493045392752084
6160 616 320.4558453260497 312.3677316318623 308.2821953086801 0.05518330102966305
6170 617 320.4740895755096 312.3773501619188 308.2929146373544 0.05543800357817637
6180 618 320.4919289513112 312.3869719805414 308.3036102966025 0.05569445498178588
6190 619 320.5094140197291 312.3965966058196 308.3142824235921 0.05595254583797039
6200 620 320.5265893903947 312.4062236313353 308.3249311549433 0.05621217939444361
6210 621 320.5434944393525 312.415852716567 308.3355566267797 0.05647327006915533
6220 622 320.5601639236933 312.4254835785162 308.3461589747762 0.0567357421433889
6230 623 320.5766285239826 312.4351159843843 308.3567383342109 0.05699952860781452
6240 624 320.5929153229725 312.4447497451676 308.3672948400111 0.05726457014364236
6250 625 320.6090482280759 312.4543847100475 308.3778286268063 0.05753081422309371
6260 626 320.6250483442104 312.4640207614771 308.3883398289668 0.05779821431523979
6270 627 320.6409343028491 312.4736578108746 308.3988285806537 0.05806672918487028
6280 628 320.6567225524155 312.4832957948494 308.4092950158595 0.0583363222735085
6290 629 320.6724276145643 312.4929346718934 308.4197392684498 0.05860696115294389
6300 630 320.6880623103642 312.50257441948 308.4301614721983 0.05887861704279451
6310 631 320.7036379599099 312.5122150315216 308.4405617608305 0.05915126438459253
6320 632 320.7191645584837 312.5218565161414 308.4509402680519 0.0594248804657674
6330 633 320.7346509320319 312.5314988937201 308.461297127581 0.059699445087683
6340 634 320.750104874377 312.5411421951845 308.4716324731775 0.05997494027256271
6350 635 320.7655332683101 312.5507864605096 308.4819464386699 0.06025135000474085
6360 636 320.7797786572099 312.5604311268517 308.4922391579765 0.06052855825858307
6370 637 320.7921074514899 312.5700738985869 308.5025107651254 0.06080616089842265
6380 638 320.8027122571418 312.5797124268582 308.5127613942723 0.06108374614171329
6390 639 320.811763257836 312.5893446387181 308.5229911797156 0.06136094989481599
6400 640 320.8194109288943 312.59896870168 308.5332002559057 0.06163745018473459
6410 641 320.8257883480561 312.6085829928056 308.5433887574544 0.061912962241826
6420 642 320.831013234854 312.6181860717137 308.5535568191407 0.06218723415772454
6430 643 320.8351897504785 312.6277766569979 308.5637045759116 0.06246004305134011
6440 644 320.8384100862741 312.6373536056096 308.5738321628897 0.06273119168357323
6450 645 320.8407558656872 312.6469158948279 308.583939715364 0.06300050546826434
6460 646 320.842299381588 312.6564626064914 308.594027368783 0.0632678298330281
6470 647 320.8431046883103 312.6659929132049 308.6040952587521 0.06353302788899906
6480 648 320.8432285654617 312.6755060662776 308.6141435210167 0.06379597837333312
6490 649 320.8427213685807 312.6850013851761 308.6241722914487 0.06405657383250057
6500 650 320.8416277799251 312.6944782483054 308.6341817060234 0.06431471901818352
6510 651 320.8399874711279 312.7039360849532 308.6441719007979 0.06457032947084765
6520 652 320.8378356880694 312.7133743682564 308.654143011879 0.06482333026901936
6530 653 320.8352037671057 312.7227926090599 308.6640951753895 0.06507365492483369
6540 654 320.8315532760332 312.7321900533944 308.6740285274283 0.0653211948881707
6550 655 320.8265493805621 312.7415651283943 308.6839432040248 0.06556570723164701
6560 656 320.820305651626 312.7509162561919 308.6938393410899 0.06580695048337307
6570 657 320.8129226326482 312.7602420110107 308.703717074355 0.06604471096465374
6580 658 320.8044894055196 312.7695410992171 308.7135765393136 0.06627879955402308
6590 659 320.7950849316003 312.7788123419373 308.7234178711578 0.06650904882946383
6600 660 320.7847792352775 312.7880546599008 308.7332412047032 0.06673531054475935
6610 661 320.7736344485637 312.7972670602161 308.7430466743152 0.06695745340094945
6620 662 320.7617057330755 312.8064486248334 308.7528344138307 0.06717536107840276
6630 663 320.749042093776 312.8155985004768 308.7626045564718 0.06738893049901978
6640 664 320.7356870972171 312.8247158898629 308.7723572347625 0.06759807029164047
6650 665 320.7216795054815 312.8338000440421 308.7820925804351 0.06780269943686461
6660 666 320.7070538355158 312.8425423530277 308.7918107243381 0.06800518015117792
6670 667 320.6918408386974 312.8506830897514 308.8015117963397 0.06820749662864463
6680 668 320.6791553692256 312.8586822458432 308.8111959251665 0.06840623374139869
6690 669 320.6709826712811 312.8665606721946 308.8208632377538 0.06860225965759258
6700 670 320.6668460073971 312.8743356791315 308.8305138571915 0.06879650155482005
6710 671 320.6663243419138 312.8820213358683 308.8401478984675 0.06898978840669735
6720 672 320.6690455829755 312.8896293143276 308.8497654619711 0.06918285886486063
6730 673 320.6746808423134 312.8971694626778 308.8593666254803 0.0693763695773347
6740 674 320.6829393691851 312.9046502073753 308.8689514357339 0.06957090335833119
6750 675 320.6935640792801 312.9120788433227 308.8785199007 0.06976697691097711
6760 676 320.7063276086865 312.9194617488807 308.8880719833787 0.06996504796552069
6770 677 320.7210288312535 312.9268045489218 308.8976075976447 0.07016552178555979
6780 678 320.7374897848986 312.9341122409599 308.9071266062979 0.07036875704443492
6790 679 320.7555529588367 312.9413892943725 308.9166288212181 0.07057507110023689
6800 680 320.7750788993159 312.9486397295809 308.9261140053688 0.07078474471086105
6810 681 320.7959440964588 312.9558671820208 308.935581876277 0.07099802623581548
6820 682 320.8180391191783 312.9630749543862 308.9450321106135 0.07121513537245462
6830 683 320.8412669690331 312.9702660597113 308.9544643494968 0.07143626647282986
6840 684 320.8655416273091 312.9774432572139 308.9638782041915 0.07166159148464453
6850 685 320.8907867726164 312.984609082363 308.9732732619313 0.07189126255646483
6860 686 320.916934648986 312.9917658722954 308.9826490916455 0.07212541434383103
6870 687 320.943925066786 312.9989157874601 308.9920052494346 0.07236416604943378
6880 688 320.9717045208456 313.0060608301773 309.0013412836735 0.07260762322718767
6890 689 321.0002254120423 313.0132028606556 309.0106567396808 0.0728558793769165
6900 690 321.0294453601814 313.0203436109016 309.019951163907 0.07310901735353111
6910 691 321.0575871990646 313.027483784267 309.0292241076352 0.07336695851175377
6920 692 321.0835125501878 313.0346213806479 309.0384751301907 0.07362918289563344
6930 693 321.1074721693255 313.0417542228617 309.0477038016916 0.07389514971036955
6940 694 321.1296873064546 313.0488804624628 309.0569097053564 0.07416438110504181
6950 695 321.1503532976253 313.0559985382233 309.0660924394049 0.07443645478996766
6960 696 321.1696426086053 313.0631071395412 309.0752516185973 0.07471099752140106
6970 697 321.1877075209421 313.0702051742161 309.0843868754376 0.07498767935167909
6980 698 321.204682502454 313.0772917400896 309.093497861082 0.07526620855480745
6990 699 321.2206862992309 313.0843661001044 309.1025842459924 0.07554632714805731
7000 700 321.2358237818549 313.0914276603863 309.1116457203598 0.07582780693952462
7010 701 321.2501875747286 313.0984759509938 309.1206819943366 0.07611044603980674
7020 702 321.2638594939822 313.1055106090234 309.1296927980976 0.07639406578325206
7030 703 321.2769118164566 313.1125313637943 309.1386778817629 0.0766785080106521
7040 704 321.2894083996092 313.1195380238643 309.1476370152009 0.07696363267089763
7050 705 321.3014056698493 313.1265304656617 309.1565699877298 0.07724931570412258
7060 706 321.3129534947694 313.1335086235389 309.1654766077382 0.07753544717325583
7070 707 321.3240959529144 313.1404724810803 309.1743567022456 0.0778219296148111
7080 708 321.3348720131144 313.1474220635115 309.1832101164005 0.0781086765831438
7090 709 321.3453161340206 313.1543574310788 309.1920367129476 0.07839561136545843
7100 710 321.3554587932128 313.1612786732819 309.2008363716586 0.07868266584751078
7110 711 321.3653269541498 313.1681859038564 309.209608988741 0.07896977951230164
7120 712 321.3749444782729 313.1750792564142 309.2183544762372 0.07925689855614812
7130 713 321.3843324886994 313.1819588806623 309.2270727614095 0.07954397510834768
7140 714 321.3935096911998 313.1888249391301 309.2357637861274 0.07983096654226973
7150 715 321.4024926574703 313.1956776043406 309.2444275062498 0.08011783486714652
7160 716 321.4112960751353 313.2025170563718 309.2530638910202 0.08040454619108231
7170 717 321.4199329683872 313.2093434807607 309.2616729224605 0.08069107024692505
7180 718 321.428414892718 313.2161570667053 309.2702545947847 0.08097737997362206
7190 719 321.4367521067721 313.2229580055291 309.2788089138182 0.08126345114654773
7200 720 321.4449537240249 313.2297464893738 309.2873358964335 0.08154926205105992
7210 721 321.4530278466489 313.2365227100918 309.2958355700031 0.08183479319420736
7220 722 321.4609816836602 313.2432868583124 309.3043079718618 0.08212002705012111
7230 723 321.4688216551942 313.2500391226602 309.3127531487931 0.08240494783512987
7240 724 321.4765534845382 313.2567796891049 309.3211711565294 0.0826895413091204
7250 725 321.4841822793599 313.2635087404261 309.3295620592678 0.08297379460006793
7260 726 321.4917126034017 313.270226455778 309.3379259292068 0.08325769604900858
7270 727 321.4991485397617 313.2769330103392 309.3462628460989 0.08354123507307253
7280 728 321.5064937467443 313.2836285750377 309.3545728968177 0.08382440204445304
7290 729 321.5137515071615 313.2903133163395 309.362856174946 0.08410718818344699
7300 730 321.5209247718473 313.296987396094 309.37111278038 0.0843895854639188
7310 731 321.5280161980698 313.3036509714244 309.3793428189477 0.08467158652973709
7320 732 321.5350281834362 313.3103041946604 309.3875464020447 0.08495318462089191
7330 733 321.5419628958215 313.3169472133054 309.3957236462846 0.08523437350816689
7340 734 321.5488222997939 313.3235801700314 309.4038746731682 0.08551514743536316
7350 735 321.5556081799352 313.3302032027009 309.4119996087604 0.0857955010681931
7360 736 321.5623221614358 313.3368164444076 309.4200985833884 0.08607542944906252
7370 737 321.5689657282743 313.3434200235353 309.4281717313492 0.0863549279570603
7380 738 321.5755402392653 313.350014063831 309.436219190632 0.08663399227253339
7390 739 321.5820469422378 313.3565986844894 309.4442411026517 0.08691261834572982
7400 740 321.5884869865423 313.3631740002471 309.4522376119991 0.08719080236902259
7410 741 321.5948614341087 313.369740121484 309.4602088661962 0.08746854075230312
7420 742 321.6011712692011 313.3762971543303 309.4681550154692 0.08774583010117175
7430 743 321.6074174070387 313.3828452007783 309.476076212526 0.08802266719760629
7440 744 321.6136007014089 313.3893843587963 309.483972612353 0.08829904898281186
7450 745 321.6197219513937 313.3959147224464 309.4918443720106 0.08857497254200189
7460 746 321.6257819073105 313.4024363820006 309.4996916504494 0.08885043509089377
7470 747 321.6316693836581 313.4089493653535 309.5075146083279 0.0891254241793803
7480 748 321.6373139858357 313.4154535297166 309.5153134078411 0.08939989961044147
7490 749 321.6427344130653 313.4219487236463 309.52308821256 0.08967382041637825
7500 750 321.6479472303512 313.4284348191602 309.530839187275 0.08994715018481284
7510 751 321.6529671264363 313.4349117087019 309.5385664978506 0.09021985652757633
7520 752 321.6578071333529 313.4413793024709 309.5462703110849 0.09049191061191682
7530 753 321.6624788201902 313.4478375260752 309.5539507945796 0.09076328674672288
7540 754 321.6669924641103 313.4542863184685 309.5616081166105 0.09103396201728696
7550 755 321.6713572012898 313.460725630138 309.5692424460124 0.09130391596291812
7560 756 321.6755811601377 313.467155421513 309.5768539520629 0.091573130292362
7570 757 321.6796715788759 313.4735756615694 309.5844428043766 0.09184158863259392
7580 758 321.6836349093196 313.479986326604 309.5920091728021 0.09210927630706324
7590 759 321.6874769084786 313.4863873991623 309.5995532273283 0.09237618013992768
7600 760 321.6912027194087 313.4927788670971 309.607075137991 0.09264228828322428
7610 761 321.6948169425746 313.4991607227469 309.6145750747872 0.09290759006428881
7620 762 321.6983236988452 313.5055329622153 309.6220532075925 0.09317207585104563
7630 763 321.7017266850947 313.5118955847432 309.6295097060851 0.09343573693306405
7640 764 321.7050292232884 313.5182485921595 309.6369447396714 0.09369856541653243
7650 765 321.7082343038069 313.5245919884032 309.6443584774179 0.09396055413151798
7660 766 321.7113446236988 313.5309257791077 309.6517510879835 0.0942216965500689
7670 767 321.7143626204452 313.5372499712372 309.6591227395612 0.09448198671388622
7680 768 321.7172905017704 313.5435645727745 309.6664735998171 0.09474141917044225
7690 769 321.7201302719576 313.5498695924481 309.6738038358346 0.09499998891655403
7700 770 321.722883755091 313.5561650394969 309.6811136140652 0.09525769134853482
7710 771 321.72555261557 313.5624509234684 309.688403100278 0.09551452221815884
7720 772 321.7281383762237 313.568727254043 309.6956724595124 0.09577047759374725
7730 773 321.7306424343151 313.5749940408863 309.7029218560352 0.09602555382578497
7740 774 321.733066075665 313.5812512935203 309.7101514533005 0.09627974751652942
7750 775 321.7354104871307 313.5874990212153 309.7173614139102 0.09653305549314461
7760 776 321.7376767676313 313.5937372328988 309.7245518995773 0.09678547478395128
7770 777 321.7398659378766 313.5999659370778 309.7317230710923 0.09703700259742537
7780 778 321.7419789489759 313.606185141775 309.7388750882916 0.09728763630362022
7790 779 321.7440166900317 313.6123948544752 309.7460081100259 0.09753737341773198
7800 780 321.7463728873863 313.6185952882195 309.7531222941334 0.09778624594170263
7810 781 321.7492978505815 313.6247872422809 309.7602177974128 0.09803438380286493
7820 782 321.7527288837495 313.6309715336099 309.767294775599 0.09828192008636182
7830 783 321.7566106361514 313.6371488844455 309.7743533833399 0.09852897229399489
7840 784 321.7608942117434 313.6433199333576 309.7813937741741 0.09877564417381295
7850 785 321.7655364118493 313.649485245002 309.7884161005121 0.09902202733474938
7860 786 321.7704990667771 313.6556453187392 309.7954205136162 0.09926820267154285
7870 787 321.7757484459523 313.6618005962493 309.8024071635846 0.09951424162223389
7880 788 321.78125473732 313.6679514682606 309.8093761993345 0.09976020727791204
7890 789 321.7869915878944 313.6740982804939 309.8163277685886 0.1000061553620804
7900 790 321.792935698264 313.6802413389157 309.8232620178601 0.100252135094954
7910 791 321.7990664647205 313.6863809143795 309.8301790924406 0.100498189956218
7920 792 321.805365663405 313.6925172467286 309.837079136389 0.1007443583581742
7930 793 321.8118171715504 313.6986505484206 309.8439622925209 0.1009906742398089
7940 794 321.818406721453 313.7047810077318 309.8508287024005 0.1012371675910744
7950 795 321.8251216833249 313.7109087915886 309.8576785063308 0.101483864915581
7960 796 321.8319508736496 313.7170340480716 309.8645118433476 0.1017307896389421
7970 797 321.838884386025 313.7231569086276 309.8713288512118 0.1019779624691538
7980 798 321.8459134418695 313.7292774900268 309.8781296664058 0.1022254017146502
7990 799 321.8530302586479 313.7353958960921 309.8849144241281 0.102473123565001
8000 800 321.8602279335634 313.7415122192282 309.8916832582906 0.1027211423386489
8010 801 321.8675003408943 313.7476265417748 309.8984363015159 0.1029694707015543
8020 802 321.8748420413817 313.7537389372021 309.9051736851347 0.1032181198601675
8030 803 321.8822482022431 313.7598494711686 309.911895539187 0.1034670997317437
8040 804 321.8897145265688 313.7659582024575 309.9186019924207 0.1037164190946676
8050 805 321.8972371909986 313.772065183803 309.9252931722931 0.103966085721131
8060 806 321.9048127907071 313.7781704626233 309.9319692049735 0.104216106494241
8070 807 321.9124382908356 313.7842740816684 309.9386302153441 0.104466487511383
8080 808 321.9201109836172 313.7903760795922 309.945276327005 0.1047172341754617
8090 809 321.927828450529 313.7964764914606 309.951907662278 0.1049683512754368
8100 810 321.9355885288713 313.802575349199 309.9585243422105 0.1052198430574154
8110 811 321.9433892822625 313.80867268199 309.9651264865826 0.1054717132874079
8120 812 321.9512289745944 313.8147685166241 309.9717142139136 0.1057239653067302
8130 813 321.9591060470222 313.8208628778103 309.9782876414666 0.1059766020809118
8140 814 321.9670190976573 313.8269557884516 309.9848468852585 0.1062296262428786
8150 815 321.9749668636287 313.8330472698874 309.9913920600658 0.1064830401310762
8160 816 321.9829482052415 313.839137342109 309.9979232794365 0.1067368458231347
8170 817 321.9909620919841 313.8452260239501 310.0044406556969 0.1069910451655895
8180 818 321.9990075901731 313.8513133332544 310.0109442999608 0.1072456398001373
8190 819 322.0070838520306 313.8573992870249 310.0174343221429 0.1075006311868148
8200 820 322.0151901060422 313.863483901555 310.0239108309655 0.107756020624476
8210 821 322.0233256484344 313.8695671925447 310.0303739339727 0.1080118092688788
8220 822 322.0314898356443 313.8756491752033 310.0368237375399 0.1082679981486622
8230 823 322.039682077662 313.8817298643398 310.0432603468858 0.1085245881794662
8240 824 322.0479018321486 313.8878092744426 310.0496838660859 0.1087815801764058
8250 825 322.0561485992326 313.8938874197499 310.0560943980831 0.109038974865096
8260 826 322.0644219169143 313.8999643143121 310.0624920447008 0.1092967728913988
8270 827 322.0727213569953 313.9060399720453 310.0688769066573 0.1095549748300376
8280 828 322.0810465214824 313.9121144067803 310.0752490835772 0.1098135811922202
8290 829 322.0893970393986 313.9181876323037 310.0816086740043 0.1100725924323761
8300 830 322.0977725639706 313.9242596623952 310.0879557754168 0.1103320089541193
8310 831 322.1061727701296 313.9303305108591 310.0942904842399 0.1105918311155261
8320 832 322.1145973523059 313.9364001915532 310.1006128958596 0.1108520592338065
8330 833 322.123046022467 313.9424687184124 310.106923104637 0.1111126935894432
8340 834 322.1315185083847 313.9485361054702 310.113221203921 0.1113737344298557
8350 835 322.1400145520952 313.9546023668764 310.1195072860631 0.1116351819726475
8360 836 322.1490245319482 313.9606677743261 310.1257814424325 0.1118970793106311
8370 837 322.1588598082963 313.9667333324847 310.1320437634279 0.1121595916492764
8380 838 322.169440942585 313.9728000690522 310.1382943384931 0.1124228879824746
8390 839 322.1806977274165 313.9788688944551 310.1445332561299 0.112687117704205
8400 840 322.1925680686485 313.9849406156609 310.1507606039141 0.1129524129061925
8410 841 322.2049970343994 313.9910159483815 310.1569764685073 0.1132188904056777
8420 842 322.2179360157283 313.9970955278486 310.1631809356727 0.1134866535349885
8430 843 322.2313419858893 314.0031799183314 310.1693740902877 0.1137557937208934
8440 844 322.2451768465674 314.0092696215418 310.1755560163569 0.1140263918784485
